  [consolidate] merged soc_dti_sw_dsp6/ -> soc_dti_logic_topo/
  [consolidate] merged soc_dti_sw_io5/ -> soc_dti_logic_topo/
  [consolidate] merged soc_dti_sw_gpu4/ -> soc_dti_logic_topo/
  [consolidate] merged soc_dti_sw_right/ -> soc_dti_logic_topo/
  [consolidate] merged soc_dti_sw_root/ -> soc_dti_logic_topo/
  [consolidate] merged dti_iniu_top_side/ -> soc_dti_logic_topo/
  [consolidate] merged dti_tniu_top_side/ -> soc_dti_logic_topo/
  [consolidate] rewrote umbrella filelist env vars
  [lp_flatten] flattened soc_dti_logic_topo/camera_ss_iniu_node.v
  [lp_flatten] flattened soc_dti_logic_topo/camera_ss_iniu_sys_wrap.v
  [lp_flatten] flattened soc_dti_logic_topo/camera_ss_top_wrap.v
  [lp_flatten] flattened soc_dti_logic_topo/display_ss_iniu_node.v
  [lp_flatten] flattened soc_dti_logic_topo/display_ss_iniu_sys_wrap.v
  [lp_flatten] flattened soc_dti_logic_topo/display_ss_top_wrap.v
  [lp_flatten] flattened soc_dti_logic_topo/dp_ss_iniu_node.v
  [lp_flatten] flattened soc_dti_logic_topo/dp_ss_iniu_sys_wrap.v
  [lp_flatten] flattened soc_dti_logic_topo/dp_ss_top_wrap.v
  [lp_flatten] flattened soc_dti_logic_topo/dsp_ss0_iniu_node.v
  [lp_flatten] flattened soc_dti_logic_topo/dsp_ss0_iniu_sys_wrap.v
  [lp_flatten] flattened soc_dti_logic_topo/dsp_ss0_top_wrap.v
  [lp_flatten] flattened soc_dti_logic_topo/dsp_ss1_iniu_node.v
  [lp_flatten] flattened soc_dti_logic_topo/dsp_ss1_iniu_sys_wrap.v
  [lp_flatten] flattened soc_dti_logic_topo/dsp_ss1_top_wrap.v
  [lp_flatten] flattened soc_dti_logic_topo/dsp_ss2_iniu_node.v
  [lp_flatten] flattened soc_dti_logic_topo/dsp_ss2_iniu_sys_wrap.v
  [lp_flatten] flattened soc_dti_logic_topo/dsp_ss2_top_wrap.v
  [lp_flatten] flattened soc_dti_logic_topo/dsp_ss3_iniu_node.v
  [lp_flatten] flattened soc_dti_logic_topo/dsp_ss3_iniu_sys_wrap.v
  [lp_flatten] flattened soc_dti_logic_topo/dsp_ss3_top_wrap.v
  [lp_flatten] flattened soc_dti_logic_topo/dsp_ss4_iniu_node.v
  [lp_flatten] flattened soc_dti_logic_topo/dsp_ss4_iniu_sys_wrap.v
  [lp_flatten] flattened soc_dti_logic_topo/dsp_ss4_top_wrap.v
  [lp_flatten] flattened soc_dti_logic_topo/dsp_ss5_iniu_node.v
  [lp_flatten] flattened soc_dti_logic_topo/dsp_ss5_iniu_sys_wrap.v
  [lp_flatten] flattened soc_dti_logic_topo/dsp_ss5_top_wrap.v
  [lp_flatten] flattened soc_dti_logic_topo/gpu_ss0_iniu_node.v
  [lp_flatten] flattened soc_dti_logic_topo/gpu_ss0_iniu_sys_wrap.v
  [lp_flatten] flattened soc_dti_logic_topo/gpu_ss0_top_wrap.v
  [lp_flatten] flattened soc_dti_logic_topo/gpu_ss1_iniu_node.v
  [lp_flatten] flattened soc_dti_logic_topo/gpu_ss1_iniu_sys_wrap.v
  [lp_flatten] flattened soc_dti_logic_topo/gpu_ss1_top_wrap.v
  [lp_flatten] flattened soc_dti_logic_topo/mipi_ss_iniu_node.v
  [lp_flatten] flattened soc_dti_logic_topo/mipi_ss_iniu_sys_wrap.v
  [lp_flatten] flattened soc_dti_logic_topo/mipi_ss_top_wrap.v
  [lp_flatten] flattened soc_dti_logic_topo/pcie_eth_ss_iniu_node.v
  [lp_flatten] flattened soc_dti_logic_topo/pcie_eth_ss_iniu_sys_wrap.v
  [lp_flatten] flattened soc_dti_logic_topo/pcie_eth_ss_top_wrap.v
  [lp_flatten] flattened soc_dti_logic_topo/soc_dti_logic_topo.v
  [lp_flatten] flattened soc_dti_logic_topo/sys_tcu_tniu_node.v
  [lp_flatten] flattened soc_dti_logic_topo/sys_tcu_tniu_sys_wrap.v
  [lp_flatten] flattened soc_dti_logic_topo/sys_tcu_top_wrap.v
  [lp_flatten] flattened soc_dti_logic_topo/ufs_ss_iniu_node.v
  [lp_flatten] flattened soc_dti_logic_topo/ufs_ss_iniu_sys_wrap.v
  [lp_flatten] flattened soc_dti_logic_topo/ufs_ss_top_wrap.v
  [lp_flatten] flattened soc_dti_logic_topo/vpu_ss_iniu_node.v
  [lp_flatten] flattened soc_dti_logic_topo/vpu_ss_iniu_sys_wrap.v
  [lp_flatten] flattened soc_dti_logic_topo/vpu_ss_top_wrap.v
  [lp_pstate_cast] patched soc_dti_logic_topo/camera_ss_iniu_sys_wrap.v
  [lp_pstate_cast] patched soc_dti_logic_topo/display_ss_iniu_sys_wrap.v
  [lp_pstate_cast] patched soc_dti_logic_topo/dp_ss_iniu_sys_wrap.v
  [lp_pstate_cast] patched soc_dti_logic_topo/dsp_ss0_iniu_sys_wrap.v
  [lp_pstate_cast] patched soc_dti_logic_topo/dsp_ss1_iniu_sys_wrap.v
  [lp_pstate_cast] patched soc_dti_logic_topo/dsp_ss2_iniu_sys_wrap.v
  [lp_pstate_cast] patched soc_dti_logic_topo/dsp_ss3_iniu_sys_wrap.v
  [lp_pstate_cast] patched soc_dti_logic_topo/dsp_ss4_iniu_sys_wrap.v
  [lp_pstate_cast] patched soc_dti_logic_topo/dsp_ss5_iniu_sys_wrap.v
  [lp_pstate_cast] patched soc_dti_logic_topo/gpu_ss0_iniu_sys_wrap.v
  [lp_pstate_cast] patched soc_dti_logic_topo/gpu_ss1_iniu_sys_wrap.v
  [lp_pstate_cast] patched soc_dti_logic_topo/mipi_ss_iniu_sys_wrap.v
  [lp_pstate_cast] patched soc_dti_logic_topo/pcie_eth_ss_iniu_sys_wrap.v
  [lp_pstate_cast] patched soc_dti_logic_topo/sys_tcu_tniu_sys_wrap.v
  [lp_pstate_cast] patched soc_dti_logic_topo/ufs_ss_iniu_sys_wrap.v
  [lp_pstate_cast] patched soc_dti_logic_topo/vpu_ss_iniu_sys_wrap.v
  [harden_publish] generated soc_dti_harden_up.v
  [harden_publish] generated soc_dti_harden_dn.v
  [harden_publish] published soc_dti_harden_up/filelist.f
  [harden_publish] published soc_dti_harden_dn/filelist.f
  [harden_publish] skip rewriting top assembly filelist for DV ingress
  [role_publish] published dti_iniu_top_side/
  [role_publish] published dti_tniu_top_side/
  [sys_publish] updated system payloads for 16 node wrappers
  [role_publish] published soc_dti_network_component/
  [role_publish] published soc_dti_top_wrap/
  [cleanup] removed scratch soc_dti_logic_topo/
  [filelist] published top filelist to /home/lgzhu/dev/noc_work/lwnoc_network_demo/soc_dti_noc_demo/filelists/soc_dti_logic_topo.f
  [filelist] published compile entry to /home/lgzhu/dev/noc_work/lwnoc_network_demo/soc_dti_noc_demo/filelists/filelist.f
Topology JSON written to /home/lgzhu/dev/noc_work/lwnoc_network_demo/soc_dti_noc_demo/soc_dti_logic_topology.json
Generated RTL written to /home/lgzhu/dev/noc_work/lwnoc_network_demo/soc_dti_noc_demo/build_logic
Top filelist written to /home/lgzhu/dev/noc_work/lwnoc_network_demo/soc_dti_noc_demo/filelists/soc_dti_logic_topo.f
