2026-04-27 08:32:13 [TOPO INFO] lwnoc_topo.topo_core: Building UHDL for wrapper 'soc_intr_ring_noc' (40 subnodes, 550 interfaces)
2026-04-27 08:32:13 [TOPO INFO] lwnoc_topo.topo_core: Building UHDL for wrapper 'cpu_ss_iniu_node' (2 subnodes, 16 interfaces)
2026-04-27 08:32:13 [TOPO INFO] lwnoc_topo.topo_core:   Instantiated subnode 'iniu_sys' in wrapper 'cpu_ss_iniu_node'
2026-04-27 08:32:13 [TOPO INFO] lwnoc_topo.topo_core: Building UHDL for wrapper 'cpu_ss_iniu_node_top_wrap' (3 subnodes, 8 interfaces)
2026-04-27 08:32:13 [TOPO INFO] lwnoc_topo.topo_core:   Instantiated subnode 'iniu_top' in wrapper 'cpu_ss_iniu_node_top_wrap'
2026-04-27 08:32:13 [TOPO INFO] lwnoc_topo.topo_core: Building UHDL for wrapper 'cpu_ss_iniu_node_top_wrap_ring' (1 subnodes, 8 interfaces)
2026-04-27 08:32:13 [TOPO INFO] lwnoc_topo.topo_core:   Instantiated subnode 'ring_buf' in wrapper 'cpu_ss_iniu_node_top_wrap_ring'
2026-04-27 08:32:13 [TOPO INFO] lwnoc_topo.topo_core:   Created wrapper IO 'clk' for interface 'clk'
2026-04-27 08:32:13 [TOPO INFO] lwnoc_topo.topo_core:   Created wrapper IO 'rst_n' for interface 'rst_n'
2026-04-27 08:32:13 [TOPO INFO] lwnoc_topo.topo_core:   Created wrapper IO 'pring_in_if_pring_in_if_last' for interface 'pring_in_if'
2026-04-27 08:32:13 [TOPO INFO] lwnoc_topo.topo_core:   Created wrapper IO 'pring_in_if_pring_in_if_payload' for interface 'pring_in_if'
2026-04-27 08:32:13 [TOPO INFO] lwnoc_topo.topo_core:   Created wrapper IO 'pring_in_if_pring_in_if_qos' for interface 'pring_in_if'
2026-04-27 08:32:13 [TOPO INFO] lwnoc_topo.topo_core:   Created wrapper IO 'pring_in_if_pring_in_if_ready' for interface 'pring_in_if'
2026-04-27 08:32:13 [TOPO INFO] lwnoc_topo.topo_core:   Created wrapper IO 'pring_in_if_pring_in_if_srcid' for interface 'pring_in_if'
2026-04-27 08:32:13 [TOPO INFO] lwnoc_topo.topo_core:   Created wrapper IO 'pring_in_if_pring_in_if_tgtid' for interface 'pring_in_if'
2026-04-27 08:32:13 [TOPO INFO] lwnoc_topo.topo_core:   Created wrapper IO 'pring_in_if_pring_in_if_valid' for interface 'pring_in_if'
2026-04-27 08:32:13 [TOPO INFO] lwnoc_topo.topo_core:   Created wrapper IO 'pring_out_if_pring_out_if_last' for interface 'pring_out_if'
2026-04-27 08:32:13 [TOPO INFO] lwnoc_topo.topo_core:   Created wrapper IO 'pring_out_if_pring_out_if_payload' for interface 'pring_out_if'
2026-04-27 08:32:13 [TOPO INFO] lwnoc_topo.topo_core:   Created wrapper IO 'pring_out_if_pring_out_if_qos' for interface 'pring_out_if'
2026-04-27 08:32:13 [TOPO INFO] lwnoc_topo.topo_core:   Created wrapper IO 'pring_out_if_pring_out_if_ready' for interface 'pring_out_if'
2026-04-27 08:32:13 [TOPO INFO] lwnoc_topo.topo_core:   Created wrapper IO 'pring_out_if_pring_out_if_srcid' for interface 'pring_out_if'
2026-04-27 08:32:13 [TOPO INFO] lwnoc_topo.topo_core:   Created wrapper IO 'pring_out_if_pring_out_if_tgtid' for interface 'pring_out_if'
2026-04-27 08:32:13 [TOPO INFO] lwnoc_topo.topo_core:   Created wrapper IO 'pring_out_if_pring_out_if_valid' for interface 'pring_out_if'
2026-04-27 08:32:13 [TOPO INFO] lwnoc_topo.topo_core:   Created wrapper IO 'nring_in_if_nring_in_if_last' for interface 'nring_in_if'
2026-04-27 08:32:13 [TOPO INFO] lwnoc_topo.topo_core:   Created wrapper IO 'nring_in_if_nring_in_if_payload' for interface 'nring_in_if'
2026-04-27 08:32:13 [TOPO INFO] lwnoc_topo.topo_core:   Created wrapper IO 'nring_in_if_nring_in_if_qos' for interface 'nring_in_if'
2026-04-27 08:32:13 [TOPO INFO] lwnoc_topo.topo_core:   Created wrapper IO 'nring_in_if_nring_in_if_ready' for interface 'nring_in_if'
2026-04-27 08:32:13 [TOPO INFO] lwnoc_topo.topo_core:   Created wrapper IO 'nring_in_if_nring_in_if_srcid' for interface 'nring_in_if'
2026-04-27 08:32:13 [TOPO INFO] lwnoc_topo.topo_core:   Created wrapper IO 'nring_in_if_nring_in_if_tgtid' for interface 'nring_in_if'
2026-04-27 08:32:13 [TOPO INFO] lwnoc_topo.topo_core:   Created wrapper IO 'nring_in_if_nring_in_if_valid' for interface 'nring_in_if'
2026-04-27 08:32:13 [TOPO INFO] lwnoc_topo.topo_core:   Created wrapper IO 'nring_out_if_nring_out_if_last' for interface 'nring_out_if'
2026-04-27 08:32:13 [TOPO INFO] lwnoc_topo.topo_core:   Created wrapper IO 'nring_out_if_nring_out_if_payload' for interface 'nring_out_if'
2026-04-27 08:32:13 [TOPO INFO] lwnoc_topo.topo_core:   Created wrapper IO 'nring_out_if_nring_out_if_qos' for interface 'nring_out_if'
2026-04-27 08:32:13 [TOPO INFO] lwnoc_topo.topo_core:   Created wrapper IO 'nring_out_if_nring_out_if_ready' for interface 'nring_out_if'
2026-04-27 08:32:13 [TOPO INFO] lwnoc_topo.topo_core:   Created wrapper IO 'nring_out_if_nring_out_if_srcid' for interface 'nring_out_if'
2026-04-27 08:32:13 [TOPO INFO] lwnoc_topo.topo_core:   Created wrapper IO 'nring_out_if_nring_out_if_tgtid' for interface 'nring_out_if'
2026-04-27 08:32:13 [TOPO INFO] lwnoc_topo.topo_core:   Created wrapper IO 'nring_out_if_nring_out_if_valid' for interface 'nring_out_if'
2026-04-27 08:32:13 [TOPO INFO] lwnoc_topo.topo_core:   Created wrapper IO 'local_tx_local_tx_last' for interface 'local_tx'
2026-04-27 08:32:13 [TOPO INFO] lwnoc_topo.topo_core:   Created wrapper IO 'local_tx_local_tx_payload' for interface 'local_tx'
2026-04-27 08:32:13 [TOPO INFO] lwnoc_topo.topo_core:   Created wrapper IO 'local_tx_local_tx_qos' for interface 'local_tx'
2026-04-27 08:32:13 [TOPO INFO] lwnoc_topo.topo_core:   Created wrapper IO 'local_tx_local_tx_ready' for interface 'local_tx'
2026-04-27 08:32:13 [TOPO INFO] lwnoc_topo.topo_core:   Created wrapper IO 'local_tx_local_tx_srcid' for interface 'local_tx'
2026-04-27 08:32:13 [TOPO INFO] lwnoc_topo.topo_core:   Created wrapper IO 'local_tx_local_tx_tgtid' for interface 'local_tx'
2026-04-27 08:32:13 [TOPO INFO] lwnoc_topo.topo_core:   Created wrapper IO 'local_tx_local_tx_valid' for interface 'local_tx'
2026-04-27 08:32:13 [TOPO INFO] lwnoc_topo.topo_core:   Created wrapper IO 'local_rx_local_rx_last' for interface 'local_rx'
2026-04-27 08:32:13 [TOPO INFO] lwnoc_topo.topo_core:   Created wrapper IO 'local_rx_local_rx_payload' for interface 'local_rx'
2026-04-27 08:32:13 [TOPO INFO] lwnoc_topo.topo_core:   Created wrapper IO 'local_rx_local_rx_qos' for interface 'local_rx'
2026-04-27 08:32:13 [TOPO INFO] lwnoc_topo.topo_core:   Created wrapper IO 'local_rx_local_rx_ready' for interface 'local_rx'
2026-04-27 08:32:13 [TOPO INFO] lwnoc_topo.topo_core:   Created wrapper IO 'local_rx_local_rx_srcid' for interface 'local_rx'
2026-04-27 08:32:13 [TOPO INFO] lwnoc_topo.topo_core:   Created wrapper IO 'local_rx_local_rx_tgtid' for interface 'local_rx'
2026-04-27 08:32:13 [TOPO INFO] lwnoc_topo.topo_core:   Created wrapper IO 'local_rx_local_rx_valid' for interface 'local_rx'
2026-04-27 08:32:13 [TOPO INFO] lwnoc_topo.topo_core: Completed UHDL build for wrapper 'cpu_ss_iniu_node_top_wrap_ring'
2026-04-27 08:32:13 [TOPO INFO] lwnoc_topo.topo_core:   Instantiated subnode 'ring_wrap' in wrapper 'cpu_ss_iniu_node_top_wrap'
2026-04-27 08:32:13 [TOPO INFO] lwnoc_topo.topo_core:   Instantiated subnode 'ring_sink' in wrapper 'cpu_ss_iniu_node_top_wrap'
2026-04-27 08:32:13 [TOPO INFO] lwnoc_topo.topo_core:   Created wrapper IO 'clk' for interface 'clk'
2026-04-27 08:32:13 [TOPO INFO] lwnoc_topo.topo_core:   Created wrapper IO 'rst_n' for interface 'rst_n'
2026-04-27 08:32:13 [TOPO INFO] lwnoc_topo.topo_core:   Created wrapper IO 'async_fifo_pld_sync' for interface 'async_fifo'
2026-04-27 08:32:13 [TOPO INFO] lwnoc_topo.topo_core:   Created wrapper IO 'async_fifo_rptr_async' for interface 'async_fifo'
2026-04-27 08:32:13 [TOPO INFO] lwnoc_topo.topo_core:   Created wrapper IO 'async_fifo_rptr_sync' for interface 'async_fifo'
2026-04-27 08:32:13 [TOPO INFO] lwnoc_topo.topo_core:   Created wrapper IO 'async_fifo_wptr_async' for interface 'async_fifo'
2026-04-27 08:32:13 [TOPO INFO] lwnoc_topo.topo_core:   Created wrapper IO 'lp_async_m_async_master_hub_rx_req' for interface 'lp_async'
2026-04-27 08:32:13 [TOPO INFO] lwnoc_topo.topo_core:   Created wrapper IO 'lp_async_m_async_master_hub_tx_req' for interface 'lp_async'
2026-04-27 08:32:13 [TOPO INFO] lwnoc_topo.topo_core:   Created wrapper IO 'pring_in_if_pring_in_if_pring_in_if_last' for interface 'pring_in_if'
2026-04-27 08:32:13 [TOPO INFO] lwnoc_topo.topo_core:   Created wrapper IO 'pring_in_if_pring_in_if_pring_in_if_payload' for interface 'pring_in_if'
2026-04-27 08:32:13 [TOPO INFO] lwnoc_topo.topo_core:   Created wrapper IO 'pring_in_if_pring_in_if_pring_in_if_qos' for interface 'pring_in_if'
2026-04-27 08:32:13 [TOPO INFO] lwnoc_topo.topo_core:   Created wrapper IO 'pring_in_if_pring_in_if_pring_in_if_ready' for interface 'pring_in_if'
2026-04-27 08:32:13 [TOPO INFO] lwnoc_topo.topo_core:   Created wrapper IO 'pring_in_if_pring_in_if_pring_in_if_srcid' for interface 'pring_in_if'
2026-04-27 08:32:13 [TOPO INFO] lwnoc_topo.topo_core:   Created wrapper IO 'pring_in_if_pring_in_if_pring_in_if_tgtid' for interface 'pring_in_if'
2026-04-27 08:32:13 [TOPO INFO] lwnoc_topo.topo_core:   Created wrapper IO 'pring_in_if_pring_in_if_pring_in_if_valid' for interface 'pring_in_if'
2026-04-27 08:32:13 [TOPO INFO] lwnoc_topo.topo_core:   Created wrapper IO 'pring_out_if_pring_out_if_pring_out_if_last' for interface 'pring_out_if'
2026-04-27 08:32:13 [TOPO INFO] lwnoc_topo.topo_core:   Created wrapper IO 'pring_out_if_pring_out_if_pring_out_if_payload' for interface 'pring_out_if'
2026-04-27 08:32:13 [TOPO INFO] lwnoc_topo.topo_core:   Created wrapper IO 'pring_out_if_pring_out_if_pring_out_if_qos' for interface 'pring_out_if'
2026-04-27 08:32:13 [TOPO INFO] lwnoc_topo.topo_core:   Created wrapper IO 'pring_out_if_pring_out_if_pring_out_if_ready' for interface 'pring_out_if'
2026-04-27 08:32:13 [TOPO INFO] lwnoc_topo.topo_core:   Created wrapper IO 'pring_out_if_pring_out_if_pring_out_if_srcid' for interface 'pring_out_if'
2026-04-27 08:32:13 [TOPO INFO] lwnoc_topo.topo_core:   Created wrapper IO 'pring_out_if_pring_out_if_pring_out_if_tgtid' for interface 'pring_out_if'
2026-04-27 08:32:13 [TOPO INFO] lwnoc_topo.topo_core:   Created wrapper IO 'pring_out_if_pring_out_if_pring_out_if_valid' for interface 'pring_out_if'
2026-04-27 08:32:13 [TOPO INFO] lwnoc_topo.topo_core:   Created wrapper IO 'nring_in_if_nring_in_if_nring_in_if_last' for interface 'nring_in_if'
2026-04-27 08:32:13 [TOPO INFO] lwnoc_topo.topo_core:   Created wrapper IO 'nring_in_if_nring_in_if_nring_in_if_payload' for interface 'nring_in_if'
2026-04-27 08:32:13 [TOPO INFO] lwnoc_topo.topo_core:   Created wrapper IO 'nring_in_if_nring_in_if_nring_in_if_qos' for interface 'nring_in_if'
2026-04-27 08:32:13 [TOPO INFO] lwnoc_topo.topo_core:   Created wrapper IO 'nring_in_if_nring_in_if_nring_in_if_ready' for interface 'nring_in_if'
2026-04-27 08:32:13 [TOPO INFO] lwnoc_topo.topo_core:   Created wrapper IO 'nring_in_if_nring_in_if_nring_in_if_srcid' for interface 'nring_in_if'
2026-04-27 08:32:13 [TOPO INFO] lwnoc_topo.topo_core:   Created wrapper IO 'nring_in_if_nring_in_if_nring_in_if_tgtid' for interface 'nring_in_if'
2026-04-27 08:32:13 [TOPO INFO] lwnoc_topo.topo_core:   Created wrapper IO 'nring_in_if_nring_in_if_nring_in_if_valid' for interface 'nring_in_if'
2026-04-27 08:32:13 [TOPO INFO] lwnoc_topo.topo_core:   Created wrapper IO 'nring_out_if_nring_out_if_nring_out_if_last' for interface 'nring_out_if'
2026-04-27 08:32:13 [TOPO INFO] lwnoc_topo.topo_core:   Created wrapper IO 'nring_out_if_nring_out_if_nring_out_if_payload' for interface 'nring_out_if'
2026-04-27 08:32:13 [TOPO INFO] lwnoc_topo.topo_core:   Created wrapper IO 'nring_out_if_nring_out_if_nring_out_if_qos' for interface 'nring_out_if'
2026-04-27 08:32:13 [TOPO INFO] lwnoc_topo.topo_core:   Created wrapper IO 'nring_out_if_nring_out_if_nring_out_if_ready' for interface 'nring_out_if'
2026-04-27 08:32:13 [TOPO INFO] lwnoc_topo.topo_core:   Created wrapper IO 'nring_out_if_nring_out_if_nring_out_if_srcid' for interface 'nring_out_if'
2026-04-27 08:32:13 [TOPO INFO] lwnoc_topo.topo_core:   Created wrapper IO 'nring_out_if_nring_out_if_nring_out_if_tgtid' for interface 'nring_out_if'
2026-04-27 08:32:13 [TOPO INFO] lwnoc_topo.topo_core:   Created wrapper IO 'nring_out_if_nring_out_if_nring_out_if_valid' for interface 'nring_out_if'
2026-04-27 08:32:13 [TOPO INFO] lwnoc_topo.topo_core:   Processing internal edge 'cpu_ss_iniu_node_top_wrap_ring_ring_buf_cpu_ss_iniu_node_top_wrap_ring_local_tx_local_tx_7' between subnodes
2026-04-27 08:32:13 [TOPO INFO] lwnoc_topo.topo_core:     Analyzing edge 'cpu_ss_iniu_node_top_wrap_ring_ring_buf_cpu_ss_iniu_node_top_wrap_ring_local_tx_local_tx_7' with 2 valid endpoints
2026-04-27 08:32:13 [TOPO INFO] lwnoc_topo.topo_core:       Endpoint ring_wrap.local_tx: IO=local_tx_local_tx_last, type=Input
2026-04-27 08:32:13 [TOPO INFO] lwnoc_topo.topo_core:       Endpoint iniu_top.ring_req: IO=req_last, type=Output
2026-04-27 08:32:13 [TOPO INFO] lwnoc_topo.topo_core:     Found 1 drivers, 1 receivers
2026-04-27 08:32:13 [TOPO INFO] lwnoc_topo.topo_core:   Processing internal edge 'cpu_ss_iniu_node_top_wrap_ring_ring_buf_cpu_ss_iniu_node_top_wrap_ring_local_rx_local_rx_8' between subnodes
2026-04-27 08:32:13 [TOPO INFO] lwnoc_topo.topo_core:     Analyzing edge 'cpu_ss_iniu_node_top_wrap_ring_ring_buf_cpu_ss_iniu_node_top_wrap_ring_local_rx_local_rx_8' with 2 valid endpoints
2026-04-27 08:32:13 [TOPO INFO] lwnoc_topo.topo_core:       Endpoint ring_wrap.local_rx: IO=local_rx_local_rx_last, type=Output
2026-04-27 08:32:13 [TOPO INFO] lwnoc_topo.topo_core:       Endpoint ring_sink.local_rx: IO=rx_last, type=Input
2026-04-27 08:32:13 [TOPO INFO] lwnoc_topo.topo_core:     Found 1 drivers, 1 receivers
2026-04-27 08:32:13 [TOPO INFO] lwnoc_topo.topo_core: Completed UHDL build for wrapper 'cpu_ss_iniu_node_top_wrap'
2026-04-27 08:32:13 [TOPO INFO] lwnoc_topo.topo_core:   Instantiated subnode 'iniu_top_wrap' in wrapper 'cpu_ss_iniu_node'
2026-04-27 08:32:13 [TOPO INFO] lwnoc_topo.topo_core:   Created wrapper IO 'clk_sys_clk' for interface 'clk_sys'
2026-04-27 08:32:13 [TOPO INFO] lwnoc_topo.topo_core:   Created wrapper IO 'rst_sys_n_rst_n' for interface 'rst_sys_n'
2026-04-27 08:32:13 [TOPO INFO] lwnoc_topo.topo_core:   Created wrapper IO 'pring_in_if_pring_in_if_pring_in_if_pring_in_if_last' for interface 'pring_in_if'
2026-04-27 08:32:13 [TOPO INFO] lwnoc_topo.topo_core:   Created wrapper IO 'pring_in_if_pring_in_if_pring_in_if_pring_in_if_payload' for interface 'pring_in_if'
2026-04-27 08:32:13 [TOPO INFO] lwnoc_topo.topo_core:   Created wrapper IO 'pring_in_if_pring_in_if_pring_in_if_pring_in_if_qos' for interface 'pring_in_if'
2026-04-27 08:32:13 [TOPO INFO] lwnoc_topo.topo_core:   Created wrapper IO 'pring_in_if_pring_in_if_pring_in_if_pring_in_if_ready' for interface 'pring_in_if'
2026-04-27 08:32:13 [TOPO INFO] lwnoc_topo.topo_core:   Created wrapper IO 'pring_in_if_pring_in_if_pring_in_if_pring_in_if_srcid' for interface 'pring_in_if'
2026-04-27 08:32:13 [TOPO INFO] lwnoc_topo.topo_core:   Created wrapper IO 'pring_in_if_pring_in_if_pring_in_if_pring_in_if_tgtid' for interface 'pring_in_if'
2026-04-27 08:32:13 [TOPO INFO] lwnoc_topo.topo_core:   Created wrapper IO 'pring_in_if_pring_in_if_pring_in_if_pring_in_if_valid' for interface 'pring_in_if'
2026-04-27 08:32:13 [TOPO INFO] lwnoc_topo.topo_core:   Created wrapper IO 'pring_out_if_pring_out_if_pring_out_if_pring_out_if_last' for interface 'pring_out_if'
2026-04-27 08:32:13 [TOPO INFO] lwnoc_topo.topo_core:   Created wrapper IO 'pring_out_if_pring_out_if_pring_out_if_pring_out_if_payload' for interface 'pring_out_if'
2026-04-27 08:32:13 [TOPO INFO] lwnoc_topo.topo_core:   Created wrapper IO 'pring_out_if_pring_out_if_pring_out_if_pring_out_if_qos' for interface 'pring_out_if'
2026-04-27 08:32:13 [TOPO INFO] lwnoc_topo.topo_core:   Created wrapper IO 'pring_out_if_pring_out_if_pring_out_if_pring_out_if_ready' for interface 'pring_out_if'
2026-04-27 08:32:13 [TOPO INFO] lwnoc_topo.topo_core:   Created wrapper IO 'pring_out_if_pring_out_if_pring_out_if_pring_out_if_srcid' for interface 'pring_out_if'
2026-04-27 08:32:13 [TOPO INFO] lwnoc_topo.topo_core:   Created wrapper IO 'pring_out_if_pring_out_if_pring_out_if_pring_out_if_tgtid' for interface 'pring_out_if'
2026-04-27 08:32:13 [TOPO INFO] lwnoc_topo.topo_core:   Created wrapper IO 'pring_out_if_pring_out_if_pring_out_if_pring_out_if_valid' for interface 'pring_out_if'
2026-04-27 08:32:13 [TOPO INFO] lwnoc_topo.topo_core:   Created wrapper IO 'nring_in_if_nring_in_if_nring_in_if_nring_in_if_last' for interface 'nring_in_if'
2026-04-27 08:32:13 [TOPO INFO] lwnoc_topo.topo_core:   Created wrapper IO 'nring_in_if_nring_in_if_nring_in_if_nring_in_if_payload' for interface 'nring_in_if'
2026-04-27 08:32:13 [TOPO INFO] lwnoc_topo.topo_core:   Created wrapper IO 'nring_in_if_nring_in_if_nring_in_if_nring_in_if_qos' for interface 'nring_in_if'
2026-04-27 08:32:13 [TOPO INFO] lwnoc_topo.topo_core:   Created wrapper IO 'nring_in_if_nring_in_if_nring_in_if_nring_in_if_ready' for interface 'nring_in_if'
2026-04-27 08:32:13 [TOPO INFO] lwnoc_topo.topo_core:   Created wrapper IO 'nring_in_if_nring_in_if_nring_in_if_nring_in_if_srcid' for interface 'nring_in_if'
2026-04-27 08:32:13 [TOPO INFO] lwnoc_topo.topo_core:   Created wrapper IO 'nring_in_if_nring_in_if_nring_in_if_nring_in_if_tgtid' for interface 'nring_in_if'
2026-04-27 08:32:13 [TOPO INFO] lwnoc_topo.topo_core:   Created wrapper IO 'nring_in_if_nring_in_if_nring_in_if_nring_in_if_valid' for interface 'nring_in_if'
2026-04-27 08:32:13 [TOPO INFO] lwnoc_topo.topo_core:   Created wrapper IO 'nring_out_if_nring_out_if_nring_out_if_nring_out_if_last' for interface 'nring_out_if'
2026-04-27 08:32:13 [TOPO INFO] lwnoc_topo.topo_core:   Created wrapper IO 'nring_out_if_nring_out_if_nring_out_if_nring_out_if_payload' for interface 'nring_out_if'
2026-04-27 08:32:13 [TOPO INFO] lwnoc_topo.topo_core:   Created wrapper IO 'nring_out_if_nring_out_if_nring_out_if_nring_out_if_qos' for interface 'nring_out_if'
2026-04-27 08:32:13 [TOPO INFO] lwnoc_topo.topo_core:   Created wrapper IO 'nring_out_if_nring_out_if_nring_out_if_nring_out_if_ready' for interface 'nring_out_if'
2026-04-27 08:32:13 [TOPO INFO] lwnoc_topo.topo_core:   Created wrapper IO 'nring_out_if_nring_out_if_nring_out_if_nring_out_if_srcid' for interface 'nring_out_if'
2026-04-27 08:32:13 [TOPO INFO] lwnoc_topo.topo_core:   Created wrapper IO 'nring_out_if_nring_out_if_nring_out_if_nring_out_if_tgtid' for interface 'nring_out_if'
2026-04-27 08:32:13 [TOPO INFO] lwnoc_topo.topo_core:   Created wrapper IO 'nring_out_if_nring_out_if_nring_out_if_nring_out_if_valid' for interface 'nring_out_if'
2026-04-27 08:32:13 [TOPO INFO] lwnoc_topo.topo_core:   Created wrapper IO 'pchannel_paccept' for interface 'pchannel'
2026-04-27 08:32:13 [TOPO INFO] lwnoc_topo.topo_core:   Created wrapper IO 'pchannel_pactive' for interface 'pchannel'
2026-04-27 08:32:13 [TOPO INFO] lwnoc_topo.topo_core:   Created wrapper IO 'pchannel_pdeny' for interface 'pchannel'
2026-04-27 08:32:13 [TOPO INFO] lwnoc_topo.topo_core:   Created wrapper IO 'pchannel_preq' for interface 'pchannel'
2026-04-27 08:32:13 [TOPO INFO] lwnoc_topo.topo_core:   Created wrapper IO 'pchannel_pstate' for interface 'pchannel'
2026-04-27 08:32:13 [TOPO INFO] lwnoc_topo.topo_core:   Created wrapper IO 'cpu_ss_iniu_node_sys_v_interrupt_porting_v_interrupt' for interface 'cpu_ss_iniu_node_sys.v_interrupt_porting'
2026-04-27 08:32:13 [TOPO INFO] lwnoc_topo.topo_core:   Created wrapper IO 'cpu_ss_iniu_node_sys_iniu_src_id_porting_iniu_src_id' for interface 'cpu_ss_iniu_node_sys.iniu_src_id_porting'
2026-04-27 08:32:13 [TOPO INFO] lwnoc_topo.topo_core:   Created wrapper IO 'cpu_ss_iniu_node_sys_apb_porting_p_addr' for interface 'cpu_ss_iniu_node_sys.apb_porting'
2026-04-27 08:32:13 [TOPO INFO] lwnoc_topo.topo_core:   Created wrapper IO 'cpu_ss_iniu_node_sys_apb_porting_p_enable' for interface 'cpu_ss_iniu_node_sys.apb_porting'
2026-04-27 08:32:13 [TOPO INFO] lwnoc_topo.topo_core:   Created wrapper IO 'cpu_ss_iniu_node_sys_apb_porting_p_rdata' for interface 'cpu_ss_iniu_node_sys.apb_porting'
2026-04-27 08:32:13 [TOPO INFO] lwnoc_topo.topo_core:   Created wrapper IO 'cpu_ss_iniu_node_sys_apb_porting_p_ready' for interface 'cpu_ss_iniu_node_sys.apb_porting'
2026-04-27 08:32:13 [TOPO INFO] lwnoc_topo.topo_core:   Created wrapper IO 'cpu_ss_iniu_node_sys_apb_porting_p_sel' for interface 'cpu_ss_iniu_node_sys.apb_porting'
2026-04-27 08:32:13 [TOPO INFO] lwnoc_topo.topo_core:   Created wrapper IO 'cpu_ss_iniu_node_sys_apb_porting_p_slverr' for interface 'cpu_ss_iniu_node_sys.apb_porting'
2026-04-27 08:32:13 [TOPO INFO] lwnoc_topo.topo_core:   Created wrapper IO 'cpu_ss_iniu_node_sys_apb_porting_p_wdata' for interface 'cpu_ss_iniu_node_sys.apb_porting'
2026-04-27 08:32:13 [TOPO INFO] lwnoc_topo.topo_core:   Created wrapper IO 'cpu_ss_iniu_node_sys_apb_porting_p_write' for interface 'cpu_ss_iniu_node_sys.apb_porting'
2026-04-27 08:32:13 [TOPO INFO] lwnoc_topo.topo_core:   Created wrapper IO 'cpu_ss_iniu_node_sys_timeout_val_porting_timeout_val' for interface 'cpu_ss_iniu_node_sys.timeout_val_porting'
2026-04-27 08:32:13 [TOPO INFO] lwnoc_topo.topo_core:   Created wrapper IO 'cpu_ss_iniu_node_top_wrap_clk_porting' for interface 'cpu_ss_iniu_node_top_wrap.clk_porting'
2026-04-27 08:32:13 [TOPO INFO] lwnoc_topo.topo_core:   Created wrapper IO 'cpu_ss_iniu_node_top_wrap_rst_n_porting' for interface 'cpu_ss_iniu_node_top_wrap.rst_n_porting'
2026-04-27 08:32:13 [TOPO INFO] lwnoc_topo.topo_core:   Processing internal edge 'cpu_ss_iniu_node_top_wrap_top_cpu_ss_iniu_node_top_wrap_async_fifo_async_fifo_13' between subnodes
2026-04-27 08:32:13 [TOPO INFO] lwnoc_topo.topo_core:     Analyzing edge 'cpu_ss_iniu_node_top_wrap_top_cpu_ss_iniu_node_top_wrap_async_fifo_async_fifo_13' with 2 valid endpoints
2026-04-27 08:32:13 [TOPO INFO] lwnoc_topo.topo_core:       Endpoint iniu_top_wrap.async_fifo: IO=async_fifo_pld_sync, type=Input
2026-04-27 08:32:13 [TOPO INFO] lwnoc_topo.topo_core:       Endpoint iniu_sys.async_fifo: IO=pld_sync, type=Output
2026-04-27 08:32:13 [TOPO INFO] lwnoc_topo.topo_core:     Found 1 drivers, 1 receivers
2026-04-27 08:32:13 [TOPO INFO] lwnoc_topo.topo_core:   Processing internal edge 'cpu_ss_iniu_node_top_wrap_top_cpu_ss_iniu_node_top_wrap_lp_async_lp_async_14' between subnodes
2026-04-27 08:32:13 [TOPO INFO] lwnoc_topo.topo_core:     Analyzing edge 'cpu_ss_iniu_node_top_wrap_top_cpu_ss_iniu_node_top_wrap_lp_async_lp_async_14' with 2 valid endpoints
2026-04-27 08:32:13 [TOPO INFO] lwnoc_topo.topo_core:       Endpoint iniu_sys.lp_async: IO=s_async_master_hub_rx_req, type=Input
2026-04-27 08:32:13 [TOPO INFO] lwnoc_topo.topo_core:       Endpoint iniu_top_wrap.lp_async: IO=lp_async_m_async_master_hub_rx_req, type=Output
2026-04-27 08:32:13 [TOPO INFO] lwnoc_topo.topo_core:     Found 1 drivers, 1 receivers
2026-04-27 08:32:13 [TOPO ERROR] lwnoc_topo.topo_core.node.uhdlWrapperNode: 
2026-04-27 08:32:13 [TOPO ERROR] lwnoc_topo.topo_core.node.uhdlWrapperNode: ================================================================================
2026-04-27 08:32:13 [TOPO ERROR] lwnoc_topo.topo_core.node.uhdlWrapperNode: [SmartAssign ERROR] Connection failed in wrapper 'cpu_ss_iniu_node'
2026-04-27 08:32:13 [TOPO ERROR] lwnoc_topo.topo_core.node.uhdlWrapperNode: Connection type: fanout
2026-04-27 08:32:13 [TOPO ERROR] lwnoc_topo.topo_core.node.uhdlWrapperNode: Edge ID: cpu_ss_iniu_node_top_wrap_top_cpu_ss_iniu_node_top_wrap_lp_async_lp_async_14
2026-04-27 08:32:13 [TOPO ERROR] lwnoc_topo.topo_core.node.uhdlWrapperNode: ----------------------------------------
2026-04-27 08:32:13 [TOPO ERROR] lwnoc_topo.topo_core.node.uhdlWrapperNode: IO1:
2026-04-27 08:32:13 [TOPO ERROR] lwnoc_topo.topo_core.node.uhdlWrapperNode:   Node name:     iniu_top_wrap
2026-04-27 08:32:13 [TOPO ERROR] lwnoc_topo.topo_core.node.uhdlWrapperNode:   Interface ID:  lp_async
2026-04-27 08:32:13 [TOPO ERROR] lwnoc_topo.topo_core.node.uhdlWrapperNode:   IO name:       lp_async_m_async_master_hub_rx_req
2026-04-27 08:32:13 [TOPO ERROR] lwnoc_topo.topo_core.node.uhdlWrapperNode:   IO object:     iniu_top_wrap_lp_async_m_async_master_hub_rx_req - Output(UInt(0,0))
2026-04-27 08:32:13 [TOPO ERROR] lwnoc_topo.topo_core.node.uhdlWrapperNode:   IO type:       Output
2026-04-27 08:32:13 [TOPO ERROR] lwnoc_topo.topo_core.node.uhdlWrapperNode:   IO father:     _iniu_top_wrap <topo_core.node.uhdlWrapperNode.cpu_ss_iniu_node_top_wrap object at 0x7faad4866cb0>
2026-04-27 08:32:13 [TOPO ERROR] lwnoc_topo.topo_core.node.uhdlWrapperNode:   IO list:       [lp_async_m_async_master_hub_rx_req, lp_async_m_async_master_hub_tx_req]
2026-04-27 08:32:13 [TOPO ERROR] lwnoc_topo.topo_core.node.uhdlWrapperNode: ----------------------------------------
2026-04-27 08:32:13 [TOPO ERROR] lwnoc_topo.topo_core.node.uhdlWrapperNode: IO2:
2026-04-27 08:32:13 [TOPO ERROR] lwnoc_topo.topo_core.node.uhdlWrapperNode:   Node name:     iniu_sys
2026-04-27 08:32:13 [TOPO ERROR] lwnoc_topo.topo_core.node.uhdlWrapperNode:   Interface ID:  lp_async
2026-04-27 08:32:13 [TOPO ERROR] lwnoc_topo.topo_core.node.uhdlWrapperNode:   IO name:       s_async_master_hub_rx_req
2026-04-27 08:32:13 [TOPO ERROR] lwnoc_topo.topo_core.node.uhdlWrapperNode:   IO object:     iniu_sys_s_async_master_hub_rx_req - Input(UInt(13,0))
2026-04-27 08:32:13 [TOPO ERROR] lwnoc_topo.topo_core.node.uhdlWrapperNode:   IO type:       Input
2026-04-27 08:32:13 [TOPO ERROR] lwnoc_topo.topo_core.node.uhdlWrapperNode:   IO father:     _iniu_sys <uhdl.uhdl.core.TemplateIP.TemplateComponent object at 0x7faad48644c0>
2026-04-27 08:32:13 [TOPO ERROR] lwnoc_topo.topo_core.node.uhdlWrapperNode:   IO list:       [s_async_master_hub_rx_req, s_async_master_hub_tx_req]
2026-04-27 08:32:13 [TOPO ERROR] lwnoc_topo.topo_core.node.uhdlWrapperNode: ================================================================================
2026-04-27 08:32:13 [TOPO ERROR] lwnoc_topo.topo_core.node.uhdlWrapperNode: Original error: Input is expected to be connected by a Rvalue with same attribute,but the current attribute does not match: TOP.iniu_sys.s_async_master_hub_rx_req, TOP.iniu_top_wrap.lp_async_m_async_master_hub_rx_req
Attribute Mismatch:
	iniu_sys_s_async_master_hub_rx_req - Input(UInt(13,0))
	iniu_top_wrap_lp_async_m_async_master_hub_rx_req - Output(UInt(0,0))
2026-04-27 08:32:13 [TOPO ERROR] lwnoc_topo.topo_core.node.uhdlWrapperNode: ================================================================================
