[INFO] [lint] Start to check module iniu0_sys_interrupt_iniu_aync_sys_side.
[WARNING] [lint] Input signal TOP.iniu0.iniu_sys.s_async_master_hub_rx_req in iniu0_sys_interrupt_iniu_aync_sys_side is left unconnected, may be it can be fixed in file /home/lgzhu/dev/noc_work/lwnoc_network_demo/lwnoc_topo/topo_core/node/uhdlWrapperNode.py
[WARNING] [lint] Output signal TOP.iniu0.iniu_sys.s_async_master_hub_tx_req in iniu0_sys_interrupt_iniu_aync_sys_side is left unconnected, may be it can be fixed in file /home/lgzhu/dev/noc_work/lwnoc_network_demo/lwnoc_topo/uhdl/uhdl/core/TemplateIP.py
[INFO] [lint] Start to check module intr_iniu_top_interrupt_iniu_aync_top_side.
[WARNING] [lint] Input signal TOP.iniu0.iniu_top.m_async_master_hub_tx_req in intr_iniu_top_interrupt_iniu_aync_top_side is left unconnected, may be it can be fixed in file /home/lgzhu/dev/noc_work/lwnoc_network_demo/lwnoc_topo/topo_core/node/uhdlWrapperNode.py
[WARNING] [lint] Input signal TOP.iniu0.iniu_top.req_threshold in intr_iniu_top_interrupt_iniu_aync_top_side is left unconnected, may be it can be fixed in file /home/lgzhu/dev/noc_work/lwnoc_network_demo/lwnoc_topo/topo_core/node/uhdlWrapperNode.py
[WARNING] [lint] Output signal TOP.iniu0.iniu_top.m_async_master_hub_rx_req in intr_iniu_top_interrupt_iniu_aync_top_side is left unconnected, may be it can be fixed in file /home/lgzhu/dev/noc_work/lwnoc_network_demo/lwnoc_topo/uhdl/uhdl/core/TemplateIP.py
[INFO] [lint] Start to check module intr_ring_sta_interrupt_req_ring_station.
[INFO] [lint] Start to check module intr_ring_lnk_interrupt_req_ring_link.
[INFO] [lint] Start to check module intr_ring_lnk_interrupt_req_ring_link.
[INFO] [lint] Start to check module iniu0_ring.
[INFO] [lint] Start to check module intr_ring_req_sink_intr_ring_req_sink.
[INFO] [lint] Start to check module iniu0.
[INFO] [lint] Start to check module iniu1_sys_interrupt_iniu_aync_sys_side.
[WARNING] [lint] Input signal TOP.iniu1.iniu_sys.s_async_master_hub_rx_req in iniu1_sys_interrupt_iniu_aync_sys_side is left unconnected, may be it can be fixed in file /home/lgzhu/dev/noc_work/lwnoc_network_demo/lwnoc_topo/topo_core/node/uhdlWrapperNode.py
[WARNING] [lint] Output signal TOP.iniu1.iniu_sys.s_async_master_hub_tx_req in iniu1_sys_interrupt_iniu_aync_sys_side is left unconnected, may be it can be fixed in file /home/lgzhu/dev/noc_work/lwnoc_network_demo/lwnoc_topo/uhdl/uhdl/core/TemplateIP.py
[INFO] [lint] Start to check module intr_iniu_top_interrupt_iniu_aync_top_side.
[WARNING] [lint] Input signal TOP.iniu1.iniu_top.m_async_master_hub_tx_req in intr_iniu_top_interrupt_iniu_aync_top_side is left unconnected, may be it can be fixed in file /home/lgzhu/dev/noc_work/lwnoc_network_demo/lwnoc_topo/topo_core/node/uhdlWrapperNode.py
[WARNING] [lint] Input signal TOP.iniu1.iniu_top.req_threshold in intr_iniu_top_interrupt_iniu_aync_top_side is left unconnected, may be it can be fixed in file /home/lgzhu/dev/noc_work/lwnoc_network_demo/lwnoc_topo/topo_core/node/uhdlWrapperNode.py
[WARNING] [lint] Output signal TOP.iniu1.iniu_top.m_async_master_hub_rx_req in intr_iniu_top_interrupt_iniu_aync_top_side is left unconnected, may be it can be fixed in file /home/lgzhu/dev/noc_work/lwnoc_network_demo/lwnoc_topo/uhdl/uhdl/core/TemplateIP.py
[INFO] [lint] Start to check module intr_ring_sta_interrupt_req_ring_station.
[INFO] [lint] Start to check module intr_ring_lnk_interrupt_req_ring_link.
[INFO] [lint] Start to check module intr_ring_lnk_interrupt_req_ring_link.
[INFO] [lint] Start to check module iniu1_ring.
[INFO] [lint] Start to check module intr_ring_req_sink_intr_ring_req_sink.
[INFO] [lint] Start to check module iniu1.
[INFO] [lint] Start to check module iniu2_sys_interrupt_iniu_aync_sys_side.
[WARNING] [lint] Input signal TOP.iniu2.iniu_sys.s_async_master_hub_rx_req in iniu2_sys_interrupt_iniu_aync_sys_side is left unconnected, may be it can be fixed in file /home/lgzhu/dev/noc_work/lwnoc_network_demo/lwnoc_topo/topo_core/node/uhdlWrapperNode.py
[WARNING] [lint] Output signal TOP.iniu2.iniu_sys.s_async_master_hub_tx_req in iniu2_sys_interrupt_iniu_aync_sys_side is left unconnected, may be it can be fixed in file /home/lgzhu/dev/noc_work/lwnoc_network_demo/lwnoc_topo/uhdl/uhdl/core/TemplateIP.py
[INFO] [lint] Start to check module intr_iniu_top_interrupt_iniu_aync_top_side.
[WARNING] [lint] Input signal TOP.iniu2.iniu_top.m_async_master_hub_tx_req in intr_iniu_top_interrupt_iniu_aync_top_side is left unconnected, may be it can be fixed in file /home/lgzhu/dev/noc_work/lwnoc_network_demo/lwnoc_topo/topo_core/node/uhdlWrapperNode.py
[WARNING] [lint] Input signal TOP.iniu2.iniu_top.req_threshold in intr_iniu_top_interrupt_iniu_aync_top_side is left unconnected, may be it can be fixed in file /home/lgzhu/dev/noc_work/lwnoc_network_demo/lwnoc_topo/topo_core/node/uhdlWrapperNode.py
[WARNING] [lint] Output signal TOP.iniu2.iniu_top.m_async_master_hub_rx_req in intr_iniu_top_interrupt_iniu_aync_top_side is left unconnected, may be it can be fixed in file /home/lgzhu/dev/noc_work/lwnoc_network_demo/lwnoc_topo/uhdl/uhdl/core/TemplateIP.py
[INFO] [lint] Start to check module intr_ring_sta_interrupt_req_ring_station.
[INFO] [lint] Start to check module intr_ring_lnk_interrupt_req_ring_link.
[INFO] [lint] Start to check module intr_ring_lnk_interrupt_req_ring_link.
[INFO] [lint] Start to check module iniu2_ring.
[INFO] [lint] Start to check module intr_ring_req_sink_intr_ring_req_sink.
[INFO] [lint] Start to check module iniu2.
[INFO] [lint] Start to check module iniu3_sys_interrupt_iniu_aync_sys_side.
[WARNING] [lint] Input signal TOP.iniu3.iniu_sys.s_async_master_hub_rx_req in iniu3_sys_interrupt_iniu_aync_sys_side is left unconnected, may be it can be fixed in file /home/lgzhu/dev/noc_work/lwnoc_network_demo/lwnoc_topo/topo_core/node/uhdlWrapperNode.py
[WARNING] [lint] Output signal TOP.iniu3.iniu_sys.s_async_master_hub_tx_req in iniu3_sys_interrupt_iniu_aync_sys_side is left unconnected, may be it can be fixed in file /home/lgzhu/dev/noc_work/lwnoc_network_demo/lwnoc_topo/uhdl/uhdl/core/TemplateIP.py
[INFO] [lint] Start to check module intr_iniu_top_interrupt_iniu_aync_top_side.
[WARNING] [lint] Input signal TOP.iniu3.iniu_top.m_async_master_hub_tx_req in intr_iniu_top_interrupt_iniu_aync_top_side is left unconnected, may be it can be fixed in file /home/lgzhu/dev/noc_work/lwnoc_network_demo/lwnoc_topo/topo_core/node/uhdlWrapperNode.py
[WARNING] [lint] Input signal TOP.iniu3.iniu_top.req_threshold in intr_iniu_top_interrupt_iniu_aync_top_side is left unconnected, may be it can be fixed in file /home/lgzhu/dev/noc_work/lwnoc_network_demo/lwnoc_topo/topo_core/node/uhdlWrapperNode.py
[WARNING] [lint] Output signal TOP.iniu3.iniu_top.m_async_master_hub_rx_req in intr_iniu_top_interrupt_iniu_aync_top_side is left unconnected, may be it can be fixed in file /home/lgzhu/dev/noc_work/lwnoc_network_demo/lwnoc_topo/uhdl/uhdl/core/TemplateIP.py
[INFO] [lint] Start to check module intr_ring_sta_interrupt_req_ring_station.
[INFO] [lint] Start to check module intr_ring_lnk_interrupt_req_ring_link.
[INFO] [lint] Start to check module intr_ring_lnk_interrupt_req_ring_link.
[INFO] [lint] Start to check module iniu3_ring.
[INFO] [lint] Start to check module intr_ring_req_sink_intr_ring_req_sink.
[INFO] [lint] Start to check module iniu3.
[INFO] [lint] Start to check module intr_tniu_top_interrupt_tniu_aync_top_side.
[WARNING] [lint] Input signal TOP.tniu0.tniu_top.s_niu_lp_hub_rx_req in intr_tniu_top_interrupt_tniu_aync_top_side is left unconnected, may be it can be fixed in file /home/lgzhu/dev/noc_work/lwnoc_network_demo/lwnoc_topo/topo_core/node/uhdlWrapperNode.py
[WARNING] [lint] Input signal TOP.tniu0.tniu_top.s_async_master_hub_rx_req in intr_tniu_top_interrupt_tniu_aync_top_side is left unconnected, may be it can be fixed in file /home/lgzhu/dev/noc_work/lwnoc_network_demo/lwnoc_topo/topo_core/node/uhdlWrapperNode.py
[WARNING] [lint] Output signal TOP.tniu0.tniu_top.s_niu_lp_hub_tx_req in intr_tniu_top_interrupt_tniu_aync_top_side is left unconnected, may be it can be fixed in file /home/lgzhu/dev/noc_work/lwnoc_network_demo/lwnoc_topo/uhdl/uhdl/core/TemplateIP.py
[WARNING] [lint] Output signal TOP.tniu0.tniu_top.s_async_master_hub_tx_req in intr_tniu_top_interrupt_tniu_aync_top_side is left unconnected, may be it can be fixed in file /home/lgzhu/dev/noc_work/lwnoc_network_demo/lwnoc_topo/uhdl/uhdl/core/TemplateIP.py
[WARNING] [lint] Output signal TOP.tniu0.tniu_top.req_threshold in intr_tniu_top_interrupt_tniu_aync_top_side is left unconnected, may be it can be fixed in file /home/lgzhu/dev/noc_work/lwnoc_network_demo/lwnoc_topo/uhdl/uhdl/core/TemplateIP.py
[INFO] [lint] Start to check module tniu0_sys_interrupt_tniu_aync_sys_side.
[WARNING] [lint] Input signal TOP.tniu0.tniu_sys.m_async_master_hub_tx_req in tniu0_sys_interrupt_tniu_aync_sys_side is left unconnected, may be it can be fixed in file /home/lgzhu/dev/noc_work/lwnoc_network_demo/lwnoc_topo/topo_core/node/uhdlWrapperNode.py
[WARNING] [lint] Input signal TOP.tniu0.tniu_sys.m_niu_lp_hub_tx_req in tniu0_sys_interrupt_tniu_aync_sys_side is left unconnected, may be it can be fixed in file /home/lgzhu/dev/noc_work/lwnoc_network_demo/lwnoc_topo/topo_core/node/uhdlWrapperNode.py
[WARNING] [lint] Output signal TOP.tniu0.tniu_sys.m_async_master_hub_rx_req in tniu0_sys_interrupt_tniu_aync_sys_side is left unconnected, may be it can be fixed in file /home/lgzhu/dev/noc_work/lwnoc_network_demo/lwnoc_topo/uhdl/uhdl/core/TemplateIP.py
[WARNING] [lint] Output signal TOP.tniu0.tniu_sys.m_niu_lp_hub_rx_req in tniu0_sys_interrupt_tniu_aync_sys_side is left unconnected, may be it can be fixed in file /home/lgzhu/dev/noc_work/lwnoc_network_demo/lwnoc_topo/uhdl/uhdl/core/TemplateIP.py
[INFO] [lint] Start to check module intr_ring_sta_interrupt_req_ring_station.
[INFO] [lint] Start to check module intr_ring_lnk_interrupt_req_ring_link.
[INFO] [lint] Start to check module intr_ring_lnk_interrupt_req_ring_link.
[INFO] [lint] Start to check module tniu0_ring.
[INFO] [lint] Start to check module intr_ring_req_zero_source_intr_ring_req_zero_source.
[INFO] [lint] Start to check module tniu0.
[INFO] [lint] Start to check module intr_tniu_top_interrupt_tniu_aync_top_side.
[WARNING] [lint] Input signal TOP.tniu1.tniu_top.s_niu_lp_hub_rx_req in intr_tniu_top_interrupt_tniu_aync_top_side is left unconnected, may be it can be fixed in file /home/lgzhu/dev/noc_work/lwnoc_network_demo/lwnoc_topo/topo_core/node/uhdlWrapperNode.py
[WARNING] [lint] Input signal TOP.tniu1.tniu_top.s_async_master_hub_rx_req in intr_tniu_top_interrupt_tniu_aync_top_side is left unconnected, may be it can be fixed in file /home/lgzhu/dev/noc_work/lwnoc_network_demo/lwnoc_topo/topo_core/node/uhdlWrapperNode.py
[WARNING] [lint] Output signal TOP.tniu1.tniu_top.s_niu_lp_hub_tx_req in intr_tniu_top_interrupt_tniu_aync_top_side is left unconnected, may be it can be fixed in file /home/lgzhu/dev/noc_work/lwnoc_network_demo/lwnoc_topo/uhdl/uhdl/core/TemplateIP.py
[WARNING] [lint] Output signal TOP.tniu1.tniu_top.s_async_master_hub_tx_req in intr_tniu_top_interrupt_tniu_aync_top_side is left unconnected, may be it can be fixed in file /home/lgzhu/dev/noc_work/lwnoc_network_demo/lwnoc_topo/uhdl/uhdl/core/TemplateIP.py
[WARNING] [lint] Output signal TOP.tniu1.tniu_top.req_threshold in intr_tniu_top_interrupt_tniu_aync_top_side is left unconnected, may be it can be fixed in file /home/lgzhu/dev/noc_work/lwnoc_network_demo/lwnoc_topo/uhdl/uhdl/core/TemplateIP.py
[INFO] [lint] Start to check module tniu1_sys_interrupt_tniu_aync_sys_side.
[WARNING] [lint] Input signal TOP.tniu1.tniu_sys.m_async_master_hub_tx_req in tniu1_sys_interrupt_tniu_aync_sys_side is left unconnected, may be it can be fixed in file /home/lgzhu/dev/noc_work/lwnoc_network_demo/lwnoc_topo/topo_core/node/uhdlWrapperNode.py
[WARNING] [lint] Input signal TOP.tniu1.tniu_sys.m_niu_lp_hub_tx_req in tniu1_sys_interrupt_tniu_aync_sys_side is left unconnected, may be it can be fixed in file /home/lgzhu/dev/noc_work/lwnoc_network_demo/lwnoc_topo/topo_core/node/uhdlWrapperNode.py
[WARNING] [lint] Output signal TOP.tniu1.tniu_sys.m_async_master_hub_rx_req in tniu1_sys_interrupt_tniu_aync_sys_side is left unconnected, may be it can be fixed in file /home/lgzhu/dev/noc_work/lwnoc_network_demo/lwnoc_topo/uhdl/uhdl/core/TemplateIP.py
[WARNING] [lint] Output signal TOP.tniu1.tniu_sys.m_niu_lp_hub_rx_req in tniu1_sys_interrupt_tniu_aync_sys_side is left unconnected, may be it can be fixed in file /home/lgzhu/dev/noc_work/lwnoc_network_demo/lwnoc_topo/uhdl/uhdl/core/TemplateIP.py
[INFO] [lint] Start to check module intr_ring_sta_interrupt_req_ring_station.
[INFO] [lint] Start to check module intr_ring_lnk_interrupt_req_ring_link.
[INFO] [lint] Start to check module intr_ring_lnk_interrupt_req_ring_link.
[INFO] [lint] Start to check module tniu1_ring.
[INFO] [lint] Start to check module intr_ring_req_zero_source_intr_ring_req_zero_source.
[INFO] [lint] Start to check module tniu1.
[INFO] [lint] Start to check module intr_ring_noc_4i2t.
