
Warning-[LINX_KRNL] Unsupported Linux kernel
  Linux kernel '5.15.133.1-microsoft-standard-WSL2' is not supported.
  Supported versions are 2.4* or 2.6*.

Command: vcs -full64 -cpp g++-4.8 -cc gcc-4.8 -LDFLAGS -Wl,--no-as-needed -sverilog \
-f intr_ring_buf_intr_ring_buf_wrap/filelist.f -top intr_ring_buf_intr_ring_buf_wrap \
-Mdir=compile/csrc -o compile/simv -l compile/compile.log
*** Using c compiler gcc-4.8 instead of cc ...
                         Chronologic VCS (TM)
         Version L-2016.06_Full64 -- Fri Apr 17 20:19:52 2026
               Copyright (c) 1991-2016 by Synopsys Inc.
                         ALL RIGHTS RESERVED

This program is proprietary and confidential information of Synopsys Inc.
and may be used and disclosed only as authorized in a license agreement
controlling such use and disclosure.

Parsing design file '/home/lgzhu/dev/noc_work/lwnoc_network_demo/lwnoc_intr_noc_demo/build_sanity/intr_ring_buf/intr_ring_buf/intr_ring_buf_lwnoc_sync_cell.sv'
Parsing design file '/home/lgzhu/dev/noc_work/lwnoc_network_demo/lwnoc_intr_noc_demo/build_sanity/intr_ring_buf/intr_ring_buf/intr_ring_buf_lwnoc_sfifo.sv'
Parsing design file '/home/lgzhu/dev/noc_work/lwnoc_network_demo/lwnoc_intr_noc_demo/build_sanity/intr_ring_buf/intr_ring_buf/intr_ring_buf_fcip_fix_arb.sv'
Parsing design file '/home/lgzhu/dev/noc_work/lwnoc_network_demo/lwnoc_intr_noc_demo/build_sanity/intr_ring_buf/intr_ring_buf/intr_ring_buf_fcip_sync_fifo_reg.sv'
Parsing design file '/home/lgzhu/dev/noc_work/lwnoc_network_demo/lwnoc_intr_noc_demo/build_sanity/intr_ring_buf/intr_ring_buf/intr_ring_buf_lwnoc_vcbuf.sv'
Parsing design file '/home/lgzhu/dev/noc_work/lwnoc_network_demo/lwnoc_intr_noc_demo/build_sanity/intr_ring_buf/intr_ring_buf/intr_ring_buf_lwnoc_ring_buf.sv'
Parsing design file '/home/lgzhu/dev/noc_work/lwnoc_network_demo/lwnoc_intr_noc_demo/build_sanity/intr_ring_buf/intr_ring_buf/intr_ring_buf_intr_ring_buf_wrap.sv'
Top Level Modules:
       intr_ring_buf_intr_ring_buf_wrap
No TimeScale specified
Starting vcs inline pass...

3 unique modules to generate
3 modules and 0 UDP read. 
recompiling package std
recompiling module lwnoc_sfifo
recompiling module intr_ring_buf_intr_ring_buf_wrap
All of 3 modules done
rm -f _csrc*.so pre_vcsobj_*.so share_vcsobj_*.so
if [ -x /home/lgzhu/dev/noc_work/lwnoc_network_demo/lwnoc_intr_noc_demo/build_sanity/intr_ring_buf/compile/simv \
]; then chmod -x /home/lgzhu/dev/noc_work/lwnoc_network_demo/lwnoc_intr_noc_demo/build_sanity/intr_ring_buf/compile/simv; \
fi
g++-4.8  -o /home/lgzhu/dev/noc_work/lwnoc_network_demo/lwnoc_intr_noc_demo/build_sanity/intr_ring_buf/compile/simv \
-Wl,-rpath-link=./ -Wl,-rpath='$ORIGIN'/simv.daidir/ -Wl,-rpath=./simv.daidir/ -Wl,-rpath='$ORIGIN'/simv.daidir//scsim.db.dir \
-L/usr/lib/x86_64-linux-gnu -L/lib/x86_64-linux-gnu -Wl,--no-as-needed -Wl,--no-as-needed \
-rdynamic   amcQwB.o objs/amcQw_d.o  _334670_archive_1.so  SIM_l.o       rmapats_mop.o \
rmapats.o rmar.o  rmar_llvm_0_1.o rmar_llvm_0_0.o          /home/lgzhu/software/vcs2016/linux64/lib/libzerosoft_rt_stubs.so \
/home/lgzhu/software/vcs2016/linux64/lib/libvirsim.so /home/lgzhu/software/vcs2016/linux64/lib/liberrorinf.so \
/home/lgzhu/software/vcs2016/linux64/lib/libsnpsmalloc.so    /home/lgzhu/software/vcs2016/linux64/lib/libvcsnew.so \
/home/lgzhu/software/vcs2016/linux64/lib/libsimprofile.so /home/lgzhu/software/vcs2016/linux64/lib/libuclinative.so \
-Wl,-whole-archive /home/lgzhu/software/vcs2016/linux64/lib/libvcsucli.so -Wl,-no-whole-archive \
/home/lgzhu/software/vcs2016/linux64/lib/vcs_save_restore_new.o -ldl  -lc -lm -lpthread \
-ldl 
/home/lgzhu/dev/noc_work/lwnoc_network_demo/lwnoc_intr_noc_demo/build_sanity/intr_ring_buf/compile/simv \
up to date
