%Warning-REDEFMACRO: Redefining existing define: 'VERILATOR', with different value: 
                     ... Use "/* verilator lint_off REDEFMACRO */" and lint_on around source to disable this message.
%Warning-REDEFMACRO: Previous definition is here, with value: 1
%Warning-MODDUP: /home/lgzhu/dev/noc_work/lwnoc_network_demo/lwnoc_intr_noc_demo/soc_intr_noc/build_logic/intr_tniu_top_side/spram_4096x20.sv:1:8: Duplicate declaration of module: 'spram_4096x20'
    1 | module spram_4096x20 (
      |        ^~~~~~~~~~~~~
                 /home/lgzhu/dev/noc_work/lwnoc_network_demo/lwnoc_intr_noc_demo/soc_intr_noc/build_logic/intr_iniu_top_side/spram_4096x20.sv:1:8: ... Location of original declaration
    1 | module spram_4096x20 (
      |        ^~~~~~~~~~~~~
%Warning-MODDUP: /home/lgzhu/dev/noc_work/lwnoc_network_demo/lwnoc_intr_noc_demo/soc_intr_noc/build_logic/intr_tniu_top_side/spram_2048x20.sv:1:8: Duplicate declaration of module: 'spram_2048x20'
    1 | module spram_2048x20 (
      |        ^~~~~~~~~~~~~
                 /home/lgzhu/dev/noc_work/lwnoc_network_demo/lwnoc_intr_noc_demo/soc_intr_noc/build_logic/intr_iniu_top_side/spram_2048x20.sv:1:8: ... Location of original declaration
    1 | module spram_2048x20 (
      |        ^~~~~~~~~~~~~
%Warning-MODDUP: /home/lgzhu/dev/noc_work/lwnoc_network_demo/lwnoc_intr_noc_demo/soc_intr_noc/build_logic/intr_tniu_top_side/spram_1024x20.sv:1:8: Duplicate declaration of module: 'spram_1024x20'
    1 | module spram_1024x20 (
      |        ^~~~~~~~~~~~~
                 /home/lgzhu/dev/noc_work/lwnoc_network_demo/lwnoc_intr_noc_demo/soc_intr_noc/build_logic/intr_iniu_top_side/spram_1024x20.sv:1:8: ... Location of original declaration
    1 | module spram_1024x20 (
      |        ^~~~~~~~~~~~~
%Warning-MODDUP: /home/lgzhu/dev/noc_work/lwnoc_network_demo/lwnoc_intr_noc_demo/soc_intr_noc/build_logic/intr_tniu_top_side/spram_512x20.sv:1:8: Duplicate declaration of module: 'spram_512x20'
    1 | module spram_512x20 (
      |        ^~~~~~~~~~~~
                 /home/lgzhu/dev/noc_work/lwnoc_network_demo/lwnoc_intr_noc_demo/soc_intr_noc/build_logic/intr_iniu_top_side/spram_512x20.sv:1:8: ... Location of original declaration
    1 | module spram_512x20 (
      |        ^~~~~~~~~~~~
%Warning-MODDUP: /home/lgzhu/dev/noc_work/lwnoc_network_demo/lwnoc_intr_noc_demo/soc_intr_noc/build_logic/intr_tniu_top_side/spram_256x20.sv:1:8: Duplicate declaration of module: 'spram_256x20'
    1 | module spram_256x20 (
      |        ^~~~~~~~~~~~
                 /home/lgzhu/dev/noc_work/lwnoc_network_demo/lwnoc_intr_noc_demo/soc_intr_noc/build_logic/intr_iniu_top_side/spram_256x20.sv:1:8: ... Location of original declaration
    1 | module spram_256x20 (
      |        ^~~~~~~~~~~~
%Warning-MODDUP: /home/lgzhu/dev/noc_work/lwnoc_network_demo/lwnoc_intr_noc_demo/soc_intr_noc/build_logic/intr_tniu_top_side/spram_128x20.sv:1:8: Duplicate declaration of module: 'spram_128x20'
    1 | module spram_128x20 (
      |        ^~~~~~~~~~~~
                 /home/lgzhu/dev/noc_work/lwnoc_network_demo/lwnoc_intr_noc_demo/soc_intr_noc/build_logic/intr_iniu_top_side/spram_128x20.sv:1:8: ... Location of original declaration
    1 | module spram_128x20 (
      |        ^~~~~~~~~~~~
%Warning-WIDTH: /home/lgzhu/dev/noc_work/lwnoc_network_demo/subs/lwnoc_interrupt_noc/fcip/ip/async_fifo/fcip_afifo_mst.sv:186:5: Logical Operator GENIF expects 1 bit on the If, but If's VARREF 'THRESHOLD_EN' generates 32 bits.
                                                                                                                               : ... In instance soc_intr_ring_top_pd.dn_harden.ddr5_iniu.iniu_top.u_intr_async_fifo
  186 |     if(THRESHOLD_EN) begin:THRESHOLD_EN_OPEN
      |     ^~
%Warning-WIDTH: /home/lgzhu/dev/noc_work/lwnoc_network_demo/subs/lwnoc_interrupt_noc/fcip/ip/async_fifo/fcip_afifo_slv.sv:91:5: Logical Operator GENIF expects 1 bit on the If, but If's VARREF 'AUTO_CLEAR_EN' generates 32 bits.
                                                                                                                              : ... In instance soc_intr_ring_top_pd.dn_harden.dspss0_tniu.tniu_top.u_intr_async_fifo
   91 |     if(AUTO_CLEAR_EN)begin:AUTO_CLEAR_EN_OPEN
      |     ^~
%Warning-WIDTH: /home/lgzhu/dev/noc_work/lwnoc_network_demo/subs/lwnoc_interrupt_noc/fcip/ip/async_fifo/fcip_afifo_slv.sv:229:5: Logical Operator GENIF expects 1 bit on the If, but If's VARREF 'THRESHOLD_EN' generates 32 bits.
                                                                                                                               : ... In instance soc_intr_ring_top_pd.dn_harden.dspss0_tniu.tniu_top.u_intr_async_fifo
  229 |     if(THRESHOLD_EN) begin:THRESHOLD_EN_OPEN
      |     ^~
%Warning-WIDTH: /home/lgzhu/dev/noc_work/lwnoc_network_demo/subs/lwnoc_interrupt_noc/fcip/ip/async_fifo/fcip_afifo_slv.sv:5:33: Operator VAR 'THRESHOLD_EN' expects 32 bits on the Initial value, but Initial value's CONST '1'h1' generates 1 bits.
                                                                                                                              : ... In instance soc_intr_ring_top_pd.ring_async_cut_up_to_dn.slv_side.u_pring_slv.u_afifo_slv
    5 |     parameter integer unsigned  THRESHOLD_EN            = 1,
      |                                 ^~~~~~~~~~~~
%Warning-WIDTH: /home/lgzhu/dev/noc_work/lwnoc_network_demo/subs/lwnoc_interrupt_noc/fcip/ip/async_fifo/fcip_afifo_mst.sv:5:32: Operator VAR 'THRESHOLD_EN' expects 32 bits on the Initial value, but Initial value's CONST '1'h1' generates 1 bits.
                                                                                                                              : ... In instance soc_intr_ring_top_pd.ring_async_cut_up_to_dn.slv_side.u_nring_mst.u_afifo_mst
    5 |     parameter integer unsigned THRESHOLD_EN            = 1,
      |                                ^~~~~~~~~~~~
%Warning-WIDTH: /home/lgzhu/dev/noc_work/lwnoc_network_demo/subs/lwnoc_interrupt_noc/fcip/ip/memory/mem_fake_2p_sram/fcip_mem_fake_2p_mem.sv:291:5: Logical Operator GENIF expects 1 bit on the If, but If's VARREF 'READ_FORWARD_EN' generates 32 bits.
                                                                                                                                                  : ... In instance soc_intr_ring_top_pd.up_harden.ucie_ss0_iniu.ring_wrap.ring_buf.u_ring_station.u_station_rb.u_rb_mem
  291 |     if(READ_FORWARD_EN)begin
      |     ^~
%Warning-WIDTH: /home/lgzhu/dev/noc_work/lwnoc_network_demo/subs/lwnoc_interrupt_noc/fcip/ip/sync_fifo/fcip_sync_fifo_reg.sv:47:5: Logical Operator GENIF expects 1 bit on the If, but If's VARREF 'FORWARD_EN' generates 32 bits.
                                                                                                                                 : ... In instance soc_intr_ring_top_pd.ring_async_cut_up_to_dn.slv_side.u_nring_mst.u_vcbuf.GEN_VCBUF[0].u_vc_buf.u_sync_fifo
   47 |     if(FORWARD_EN) begin
      |     ^~
%Warning-WIDTH: /home/lgzhu/dev/noc_work/lwnoc_network_demo/subs/lwnoc_interrupt_noc/fcip/ip/memory/mem_fake_2p_sram/fcip_mem_fake_write_buffer.sv:180:5: Logical Operator GENIF expects 1 bit on the If, but If's VARREF 'WRITE_BIT_MASK_EN' generates 32 bits.
                                                                                                                                                        : ... In instance soc_intr_ring_top_pd.up_harden.ucie_ss0_iniu.ring_wrap.ring_buf.u_ring_station.u_station_rb.u_rb_mem.genblk2.u_mem_fake_write_buffer
  180 |     if(WRITE_BIT_MASK_EN)begin:WRITE_BIT_MASK
      |     ^~
%Warning-WIDTH: /home/lgzhu/dev/noc_work/lwnoc_network_demo/subs/lwnoc_interrupt_noc/fcip/ip/sync_fifo/fcip_sync_fifo_reg.sv:122:23: Operator EQ expects 32 bits on the LHS, but LHS's VARREF 'ptr_cnt' generates 5 bits.
                                                                                                                                   : ... In instance soc_intr_ring_top_pd.ring_async_cut_up_to_dn.slv_side.u_nring_mst.u_vcbuf.GEN_VCBUF[0].u_vc_buf.u_sync_fifo
  122 |     else if( (ptr_cnt == (ALMOST_FULL_THRESHOLD-1)) && eff_winc && ~eff_rinc)
      |                       ^~
%Warning-WIDTH: /home/lgzhu/dev/noc_work/lwnoc_network_demo/subs/lwnoc_interrupt_noc/fcip/ip/sync_fifo/fcip_sync_fifo_reg.sv:120:22: Operator GTE expects 32 bits on the LHS, but LHS's VARREF 'ptr_cnt' generates 5 bits.
                                                                                                                                   : ... In instance soc_intr_ring_top_pd.ring_async_cut_up_to_dn.slv_side.u_nring_mst.u_vcbuf.GEN_VCBUF[0].u_vc_buf.u_sync_fifo
  120 |     else if( ptr_cnt >= ALMOST_FULL_THRESHOLD)
      |                      ^~
%Warning-WIDTH: /home/lgzhu/dev/noc_work/lwnoc_network_demo/subs/lwnoc_interrupt_noc/fcip/ip/sync_fifo/fcip_sync_fifo_reg.sv:135:23: Operator EQ expects 32 bits on the LHS, but LHS's VARREF 'ptr_cnt' generates 5 bits.
                                                                                                                                   : ... In instance soc_intr_ring_top_pd.ring_async_cut_up_to_dn.slv_side.u_nring_mst.u_vcbuf.GEN_VCBUF[0].u_vc_buf.u_sync_fifo
  135 |     else if( (ptr_cnt == (ALMOST_EMPTY_THRESHOLD-1)) && eff_rinc && ~eff_winc)
      |                       ^~
%Warning-WIDTH: /home/lgzhu/dev/noc_work/lwnoc_network_demo/subs/lwnoc_interrupt_noc/fcip/ip/sync_fifo/fcip_sync_fifo_reg.sv:133:21: Operator LTE expects 32 bits on the LHS, but LHS's VARREF 'ptr_cnt' generates 5 bits.
                                                                                                                                   : ... In instance soc_intr_ring_top_pd.ring_async_cut_up_to_dn.slv_side.u_nring_mst.u_vcbuf.GEN_VCBUF[0].u_vc_buf.u_sync_fifo
  133 |     else if(ptr_cnt <= ALMOST_EMPTY_THRESHOLD)
      |                     ^~
%Warning-WIDTH: /home/lgzhu/dev/noc_work/lwnoc_network_demo/subs/lwnoc_interrupt_noc/fcip/ip/sync_fifo/fcip_sync_fifo_reg.sv:152:22: Operator LTE expects 32 bits on the LHS, but LHS's VARREF 'ptr_cnt' generates 5 bits.
                                                                                                                                   : ... In instance soc_intr_ring_top_pd.ring_async_cut_up_to_dn.slv_side.u_nring_mst.u_vcbuf.GEN_VCBUF[0].u_vc_buf.u_sync_fifo
  152 |     else if( ptr_cnt <= (FIFO_DEPTH-1) )
      |                      ^~
%Warning-WIDTH: /home/lgzhu/dev/noc_work/lwnoc_network_demo/subs/lwnoc_interrupt_noc/fcip/ip/sync_fifo/fcip_sync_fifo_reg.sv:150:23: Operator EQ expects 32 bits on the LHS, but LHS's VARREF 'ptr_cnt' generates 5 bits.
                                                                                                                                   : ... In instance soc_intr_ring_top_pd.ring_async_cut_up_to_dn.slv_side.u_nring_mst.u_vcbuf.GEN_VCBUF[0].u_vc_buf.u_sync_fifo
  150 |     else if( (ptr_cnt == (FIFO_DEPTH-1)) && eff_winc && ~eff_rinc)
      |                       ^~
%Warning-WIDTH: /home/lgzhu/dev/noc_work/lwnoc_network_demo/subs/lwnoc_interrupt_noc/fcip/ip/sync_fifo/fcip_sync_fifo_reg.sv:122:23: Operator EQ expects 32 bits on the LHS, but LHS's VARREF 'ptr_cnt' generates 2 bits.
                                                                                                                                   : ... In instance soc_intr_ring_top_pd.up_harden.ucie_ss0_iniu.ring_wrap.ring_buf.u_ring_buf.u_vcbuf.GEN_VCBUF[0].u_vc_buf.u_sync_fifo
  122 |     else if( (ptr_cnt == (ALMOST_FULL_THRESHOLD-1)) && eff_winc && ~eff_rinc)
      |                       ^~
%Warning-WIDTH: /home/lgzhu/dev/noc_work/lwnoc_network_demo/subs/lwnoc_interrupt_noc/fcip/ip/sync_fifo/fcip_sync_fifo_reg.sv:120:22: Operator GTE expects 32 bits on the LHS, but LHS's VARREF 'ptr_cnt' generates 2 bits.
                                                                                                                                   : ... In instance soc_intr_ring_top_pd.up_harden.ucie_ss0_iniu.ring_wrap.ring_buf.u_ring_buf.u_vcbuf.GEN_VCBUF[0].u_vc_buf.u_sync_fifo
  120 |     else if( ptr_cnt >= ALMOST_FULL_THRESHOLD)
      |                      ^~
%Warning-WIDTH: /home/lgzhu/dev/noc_work/lwnoc_network_demo/subs/lwnoc_interrupt_noc/fcip/ip/sync_fifo/fcip_sync_fifo_reg.sv:135:23: Operator EQ expects 32 bits on the LHS, but LHS's VARREF 'ptr_cnt' generates 2 bits.
                                                                                                                                   : ... In instance soc_intr_ring_top_pd.up_harden.ucie_ss0_iniu.ring_wrap.ring_buf.u_ring_buf.u_vcbuf.GEN_VCBUF[0].u_vc_buf.u_sync_fifo
  135 |     else if( (ptr_cnt == (ALMOST_EMPTY_THRESHOLD-1)) && eff_rinc && ~eff_winc)
      |                       ^~
%Warning-WIDTH: /home/lgzhu/dev/noc_work/lwnoc_network_demo/subs/lwnoc_interrupt_noc/fcip/ip/sync_fifo/fcip_sync_fifo_reg.sv:133:21: Operator LTE expects 32 bits on the LHS, but LHS's VARREF 'ptr_cnt' generates 2 bits.
                                                                                                                                   : ... In instance soc_intr_ring_top_pd.up_harden.ucie_ss0_iniu.ring_wrap.ring_buf.u_ring_buf.u_vcbuf.GEN_VCBUF[0].u_vc_buf.u_sync_fifo
  133 |     else if(ptr_cnt <= ALMOST_EMPTY_THRESHOLD)
      |                     ^~
%Warning-WIDTH: /home/lgzhu/dev/noc_work/lwnoc_network_demo/subs/lwnoc_interrupt_noc/fcip/ip/sync_fifo/fcip_sync_fifo_reg.sv:152:22: Operator LTE expects 32 bits on the LHS, but LHS's VARREF 'ptr_cnt' generates 2 bits.
                                                                                                                                   : ... In instance soc_intr_ring_top_pd.up_harden.ucie_ss0_iniu.ring_wrap.ring_buf.u_ring_buf.u_vcbuf.GEN_VCBUF[0].u_vc_buf.u_sync_fifo
  152 |     else if( ptr_cnt <= (FIFO_DEPTH-1) )
      |                      ^~
%Warning-WIDTH: /home/lgzhu/dev/noc_work/lwnoc_network_demo/subs/lwnoc_interrupt_noc/fcip/ip/sync_fifo/fcip_sync_fifo_reg.sv:150:23: Operator EQ expects 32 bits on the LHS, but LHS's VARREF 'ptr_cnt' generates 2 bits.
                                                                                                                                   : ... In instance soc_intr_ring_top_pd.up_harden.ucie_ss0_iniu.ring_wrap.ring_buf.u_ring_buf.u_vcbuf.GEN_VCBUF[0].u_vc_buf.u_sync_fifo
  150 |     else if( (ptr_cnt == (FIFO_DEPTH-1)) && eff_winc && ~eff_rinc)
      |                       ^~
%Warning-WIDTH: /home/lgzhu/dev/noc_work/lwnoc_network_demo/subs/lwnoc_interrupt_noc/fcip/ip/sync_fifo/fcip_sync_fifo_reg.sv:122:23: Operator EQ expects 32 bits on the LHS, but LHS's VARREF 'ptr_cnt' generates 3 bits.
                                                                                                                                   : ... In instance soc_intr_ring_top_pd.up_harden.ucie_ss0_iniu.ring_wrap.ring_buf.u_ring_station.u_station_rb.u_rb_mem.u_sync_fifo
  122 |     else if( (ptr_cnt == (ALMOST_FULL_THRESHOLD-1)) && eff_winc && ~eff_rinc)
      |                       ^~
%Warning-WIDTH: /home/lgzhu/dev/noc_work/lwnoc_network_demo/subs/lwnoc_interrupt_noc/fcip/ip/sync_fifo/fcip_sync_fifo_reg.sv:120:22: Operator GTE expects 32 bits on the LHS, but LHS's VARREF 'ptr_cnt' generates 3 bits.
                                                                                                                                   : ... In instance soc_intr_ring_top_pd.up_harden.ucie_ss0_iniu.ring_wrap.ring_buf.u_ring_station.u_station_rb.u_rb_mem.u_sync_fifo
  120 |     else if( ptr_cnt >= ALMOST_FULL_THRESHOLD)
      |                      ^~
%Warning-WIDTH: /home/lgzhu/dev/noc_work/lwnoc_network_demo/subs/lwnoc_interrupt_noc/fcip/ip/sync_fifo/fcip_sync_fifo_reg.sv:135:23: Operator EQ expects 32 bits on the LHS, but LHS's VARREF 'ptr_cnt' generates 3 bits.
                                                                                                                                   : ... In instance soc_intr_ring_top_pd.up_harden.ucie_ss0_iniu.ring_wrap.ring_buf.u_ring_station.u_station_rb.u_rb_mem.u_sync_fifo
  135 |     else if( (ptr_cnt == (ALMOST_EMPTY_THRESHOLD-1)) && eff_rinc && ~eff_winc)
      |                       ^~
%Warning-WIDTH: /home/lgzhu/dev/noc_work/lwnoc_network_demo/subs/lwnoc_interrupt_noc/fcip/ip/sync_fifo/fcip_sync_fifo_reg.sv:133:21: Operator LTE expects 32 bits on the LHS, but LHS's VARREF 'ptr_cnt' generates 3 bits.
                                                                                                                                   : ... In instance soc_intr_ring_top_pd.up_harden.ucie_ss0_iniu.ring_wrap.ring_buf.u_ring_station.u_station_rb.u_rb_mem.u_sync_fifo
  133 |     else if(ptr_cnt <= ALMOST_EMPTY_THRESHOLD)
      |                     ^~
%Warning-WIDTH: /home/lgzhu/dev/noc_work/lwnoc_network_demo/subs/lwnoc_interrupt_noc/fcip/ip/sync_fifo/fcip_sync_fifo_reg.sv:152:22: Operator LTE expects 32 bits on the LHS, but LHS's VARREF 'ptr_cnt' generates 3 bits.
                                                                                                                                   : ... In instance soc_intr_ring_top_pd.up_harden.ucie_ss0_iniu.ring_wrap.ring_buf.u_ring_station.u_station_rb.u_rb_mem.u_sync_fifo
  152 |     else if( ptr_cnt <= (FIFO_DEPTH-1) )
      |                      ^~
%Warning-WIDTH: /home/lgzhu/dev/noc_work/lwnoc_network_demo/subs/lwnoc_interrupt_noc/fcip/ip/sync_fifo/fcip_sync_fifo_reg.sv:150:23: Operator EQ expects 32 bits on the LHS, but LHS's VARREF 'ptr_cnt' generates 3 bits.
                                                                                                                                   : ... In instance soc_intr_ring_top_pd.up_harden.ucie_ss0_iniu.ring_wrap.ring_buf.u_ring_station.u_station_rb.u_rb_mem.u_sync_fifo
  150 |     else if( (ptr_cnt == (FIFO_DEPTH-1)) && eff_winc && ~eff_rinc)
      |                       ^~
%Warning-WIDTH: /home/lgzhu/dev/noc_work/lwnoc_network_demo/subs/lwnoc_interrupt_noc/fcip/ip/memory/mem_fake_2p_sram/fcip_mem_fake_write_buffer.sv:225:73: Operator SUB expects 32 bits on the LHS, but LHS's VARREF 'wr_ptr' generates 3 bits.
                                                                                                                                                         : ... In instance soc_intr_ring_top_pd.up_harden.ucie_ss0_iniu.ring_wrap.ring_buf.u_ring_station.u_station_rb.u_rb_mem.genblk2.u_mem_fake_write_buffer
  225 |             assign mask_en[j]           = (j<=(WRITE_BUFFER_SIZE'(wr_ptr-1))); 
      |                                                                         ^
%Warning-WIDTH: /home/lgzhu/dev/noc_work/lwnoc_network_demo/lwnoc_intr_noc_demo/soc_intr_noc/build_logic/intr_ring_network/lwnoc_station_buffer.sv:89:60: Operator ADD expects 32 bits on the LHS, but LHS's SEL generates 5 bits.
                                                                                                                                                        : ... In instance soc_intr_ring_top_pd.up_harden.ucie_ss0_iniu.ring_wrap.ring_buf.u_ring_station.u_station_rb
   89 |                          (wr_ptr[i][VC_BUF_ADDR_WIDTH-1:0] + VC_AFULL_LEVEL >= rd_ptr[i][VC_BUF_ADDR_WIDTH-1:0])  ;
      |                                                            ^
%Warning-WIDTH: /home/lgzhu/dev/noc_work/lwnoc_network_demo/subs/lwnoc_interrupt_noc/fcip/ip/async_fifo/fcip_afifo_mst.sv:250:55: Logical Operator LOGAND expects 1 bit on the LHS, but LHS's VARREF 'AUTO_CLEAR_EN' generates 32 bits.
                                                                                                                                : ... In instance soc_intr_ring_top_pd.dn_harden.ddr5_iniu.iniu_top.u_intr_async_fifo
  250 | assign reg_slice_gen_rdy    = m_rdy || (AUTO_CLEAR_EN && reg_slice_vld_r && ~reg_slice_pld_r[0]);
      |                                                       ^~
%Warning-WIDTH: /home/lgzhu/dev/noc_work/lwnoc_network_demo/lwnoc_intr_noc_demo/soc_intr_noc/build_logic/soc_intr_ring_noc_dn_harden_wrap/ddr5_iniu_noc_side.v:75:4: Input port connection 'wptr_async' expects 10 bits on the pin connection, but pin connection's VARREF 'async_fifo_wptr_async' generates 16 bits.
                                                                                                                                                                   : ... In instance soc_intr_ring_top_pd.dn_harden.ddr5_iniu
   75 |   .wptr_async(async_fifo_wptr_async),
      |    ^~~~~~~~~~
%Warning-WIDTH: /home/lgzhu/dev/noc_work/lwnoc_network_demo/lwnoc_intr_noc_demo/soc_intr_noc/build_logic/soc_intr_ring_noc_dn_harden_wrap/ddr5_iniu_noc_side.v:76:4: Output port connection 'rptr_async' expects 10 bits on the pin connection, but pin connection's VARREF 'async_fifo_rptr_async' generates 16 bits.
                                                                                                                                                                   : ... In instance soc_intr_ring_top_pd.dn_harden.ddr5_iniu
   76 |   .rptr_async(async_fifo_rptr_async),
      |    ^~~~~~~~~~
%Warning-WIDTH: /home/lgzhu/dev/noc_work/lwnoc_network_demo/lwnoc_intr_noc_demo/soc_intr_noc/build_logic/soc_intr_ring_noc_dn_harden_wrap/ddr5_iniu_noc_side.v:77:4: Output port connection 'rptr_sync' expects 10 bits on the pin connection, but pin connection's VARREF 'async_fifo_rptr_sync' generates 16 bits.
                                                                                                                                                                   : ... In instance soc_intr_ring_top_pd.dn_harden.ddr5_iniu
   77 |   .rptr_sync(async_fifo_rptr_sync),
      |    ^~~~~~~~~
%Warning-WIDTH: /home/lgzhu/dev/noc_work/lwnoc_network_demo/lwnoc_intr_noc_demo/soc_intr_noc/build_logic/soc_intr_ring_noc_dn_harden_wrap/ddr4_iniu_noc_side.v:75:4: Input port connection 'wptr_async' expects 10 bits on the pin connection, but pin connection's VARREF 'async_fifo_wptr_async' generates 16 bits.
                                                                                                                                                                   : ... In instance soc_intr_ring_top_pd.dn_harden.ddr4_iniu
   75 |   .wptr_async(async_fifo_wptr_async),
      |    ^~~~~~~~~~
%Warning-WIDTH: /home/lgzhu/dev/noc_work/lwnoc_network_demo/lwnoc_intr_noc_demo/soc_intr_noc/build_logic/soc_intr_ring_noc_dn_harden_wrap/ddr4_iniu_noc_side.v:76:4: Output port connection 'rptr_async' expects 10 bits on the pin connection, but pin connection's VARREF 'async_fifo_rptr_async' generates 16 bits.
                                                                                                                                                                   : ... In instance soc_intr_ring_top_pd.dn_harden.ddr4_iniu
   76 |   .rptr_async(async_fifo_rptr_async),
      |    ^~~~~~~~~~
%Warning-WIDTH: /home/lgzhu/dev/noc_work/lwnoc_network_demo/lwnoc_intr_noc_demo/soc_intr_noc/build_logic/soc_intr_ring_noc_dn_harden_wrap/ddr4_iniu_noc_side.v:77:4: Output port connection 'rptr_sync' expects 10 bits on the pin connection, but pin connection's VARREF 'async_fifo_rptr_sync' generates 16 bits.
                                                                                                                                                                   : ... In instance soc_intr_ring_top_pd.dn_harden.ddr4_iniu
   77 |   .rptr_sync(async_fifo_rptr_sync),
      |    ^~~~~~~~~
%Warning-WIDTH: /home/lgzhu/dev/noc_work/lwnoc_network_demo/lwnoc_intr_noc_demo/soc_intr_noc/build_logic/soc_intr_ring_noc_dn_harden_wrap/ddr3_iniu_noc_side.v:75:4: Input port connection 'wptr_async' expects 10 bits on the pin connection, but pin connection's VARREF 'async_fifo_wptr_async' generates 16 bits.
                                                                                                                                                                   : ... In instance soc_intr_ring_top_pd.dn_harden.ddr3_iniu
   75 |   .wptr_async(async_fifo_wptr_async),
      |    ^~~~~~~~~~
%Warning-WIDTH: /home/lgzhu/dev/noc_work/lwnoc_network_demo/lwnoc_intr_noc_demo/soc_intr_noc/build_logic/soc_intr_ring_noc_dn_harden_wrap/ddr3_iniu_noc_side.v:76:4: Output port connection 'rptr_async' expects 10 bits on the pin connection, but pin connection's VARREF 'async_fifo_rptr_async' generates 16 bits.
                                                                                                                                                                   : ... In instance soc_intr_ring_top_pd.dn_harden.ddr3_iniu
   76 |   .rptr_async(async_fifo_rptr_async),
      |    ^~~~~~~~~~
%Warning-WIDTH: /home/lgzhu/dev/noc_work/lwnoc_network_demo/lwnoc_intr_noc_demo/soc_intr_noc/build_logic/soc_intr_ring_noc_dn_harden_wrap/ddr3_iniu_noc_side.v:77:4: Output port connection 'rptr_sync' expects 10 bits on the pin connection, but pin connection's VARREF 'async_fifo_rptr_sync' generates 16 bits.
                                                                                                                                                                   : ... In instance soc_intr_ring_top_pd.dn_harden.ddr3_iniu
   77 |   .rptr_sync(async_fifo_rptr_sync),
      |    ^~~~~~~~~
%Warning-WIDTH: /home/lgzhu/dev/noc_work/lwnoc_network_demo/lwnoc_intr_noc_demo/soc_intr_noc/build_logic/soc_intr_ring_noc_dn_harden_wrap/ddr2_iniu_noc_side.v:75:4: Input port connection 'wptr_async' expects 10 bits on the pin connection, but pin connection's VARREF 'async_fifo_wptr_async' generates 16 bits.
                                                                                                                                                                   : ... In instance soc_intr_ring_top_pd.dn_harden.ddr2_iniu
   75 |   .wptr_async(async_fifo_wptr_async),
      |    ^~~~~~~~~~
%Warning-WIDTH: /home/lgzhu/dev/noc_work/lwnoc_network_demo/lwnoc_intr_noc_demo/soc_intr_noc/build_logic/soc_intr_ring_noc_dn_harden_wrap/ddr2_iniu_noc_side.v:76:4: Output port connection 'rptr_async' expects 10 bits on the pin connection, but pin connection's VARREF 'async_fifo_rptr_async' generates 16 bits.
                                                                                                                                                                   : ... In instance soc_intr_ring_top_pd.dn_harden.ddr2_iniu
   76 |   .rptr_async(async_fifo_rptr_async),
      |    ^~~~~~~~~~
%Warning-WIDTH: /home/lgzhu/dev/noc_work/lwnoc_network_demo/lwnoc_intr_noc_demo/soc_intr_noc/build_logic/soc_intr_ring_noc_dn_harden_wrap/ddr2_iniu_noc_side.v:77:4: Output port connection 'rptr_sync' expects 10 bits on the pin connection, but pin connection's VARREF 'async_fifo_rptr_sync' generates 16 bits.
                                                                                                                                                                   : ... In instance soc_intr_ring_top_pd.dn_harden.ddr2_iniu
   77 |   .rptr_sync(async_fifo_rptr_sync),
      |    ^~~~~~~~~
%Warning-WIDTH: /home/lgzhu/dev/noc_work/lwnoc_network_demo/lwnoc_intr_noc_demo/soc_intr_noc/build_logic/soc_intr_ring_noc_dn_harden_wrap/ddr1_iniu_noc_side.v:75:4: Input port connection 'wptr_async' expects 10 bits on the pin connection, but pin connection's VARREF 'async_fifo_wptr_async' generates 16 bits.
                                                                                                                                                                   : ... In instance soc_intr_ring_top_pd.dn_harden.ddr1_iniu
   75 |   .wptr_async(async_fifo_wptr_async),
      |    ^~~~~~~~~~
%Warning-WIDTH: /home/lgzhu/dev/noc_work/lwnoc_network_demo/lwnoc_intr_noc_demo/soc_intr_noc/build_logic/soc_intr_ring_noc_dn_harden_wrap/ddr1_iniu_noc_side.v:76:4: Output port connection 'rptr_async' expects 10 bits on the pin connection, but pin connection's VARREF 'async_fifo_rptr_async' generates 16 bits.
                                                                                                                                                                   : ... In instance soc_intr_ring_top_pd.dn_harden.ddr1_iniu
   76 |   .rptr_async(async_fifo_rptr_async),
      |    ^~~~~~~~~~
%Warning-WIDTH: /home/lgzhu/dev/noc_work/lwnoc_network_demo/lwnoc_intr_noc_demo/soc_intr_noc/build_logic/soc_intr_ring_noc_dn_harden_wrap/ddr1_iniu_noc_side.v:77:4: Output port connection 'rptr_sync' expects 10 bits on the pin connection, but pin connection's VARREF 'async_fifo_rptr_sync' generates 16 bits.
                                                                                                                                                                   : ... In instance soc_intr_ring_top_pd.dn_harden.ddr1_iniu
   77 |   .rptr_sync(async_fifo_rptr_sync),
      |    ^~~~~~~~~
%Warning-WIDTH: /home/lgzhu/dev/noc_work/lwnoc_network_demo/lwnoc_intr_noc_demo/soc_intr_noc/build_logic/soc_intr_ring_noc_dn_harden_wrap/ddr0_iniu_noc_side.v:75:4: Input port connection 'wptr_async' expects 10 bits on the pin connection, but pin connection's VARREF 'async_fifo_wptr_async' generates 16 bits.
                                                                                                                                                                   : ... In instance soc_intr_ring_top_pd.dn_harden.ddr0_iniu
   75 |   .wptr_async(async_fifo_wptr_async),
      |    ^~~~~~~~~~
%Warning-WIDTH: /home/lgzhu/dev/noc_work/lwnoc_network_demo/lwnoc_intr_noc_demo/soc_intr_noc/build_logic/soc_intr_ring_noc_dn_harden_wrap/ddr0_iniu_noc_side.v:76:4: Output port connection 'rptr_async' expects 10 bits on the pin connection, but pin connection's VARREF 'async_fifo_rptr_async' generates 16 bits.
                                                                                                                                                                   : ... In instance soc_intr_ring_top_pd.dn_harden.ddr0_iniu
   76 |   .rptr_async(async_fifo_rptr_async),
      |    ^~~~~~~~~~
%Warning-WIDTH: /home/lgzhu/dev/noc_work/lwnoc_network_demo/lwnoc_intr_noc_demo/soc_intr_noc/build_logic/soc_intr_ring_noc_dn_harden_wrap/ddr0_iniu_noc_side.v:77:4: Output port connection 'rptr_sync' expects 10 bits on the pin connection, but pin connection's VARREF 'async_fifo_rptr_sync' generates 16 bits.
                                                                                                                                                                   : ... In instance soc_intr_ring_top_pd.dn_harden.ddr0_iniu
   77 |   .rptr_sync(async_fifo_rptr_sync),
      |    ^~~~~~~~~
%Warning-WIDTH: /home/lgzhu/dev/noc_work/lwnoc_network_demo/lwnoc_intr_noc_demo/soc_intr_noc/build_logic/soc_intr_ring_noc_dn_harden_wrap/dspss1_iniu_noc_side.v:75:4: Input port connection 'wptr_async' expects 10 bits on the pin connection, but pin connection's VARREF 'async_fifo_wptr_async' generates 16 bits.
                                                                                                                                                                     : ... In instance soc_intr_ring_top_pd.dn_harden.dspss1_iniu
   75 |   .wptr_async(async_fifo_wptr_async),
      |    ^~~~~~~~~~
%Warning-WIDTH: /home/lgzhu/dev/noc_work/lwnoc_network_demo/lwnoc_intr_noc_demo/soc_intr_noc/build_logic/soc_intr_ring_noc_dn_harden_wrap/dspss1_iniu_noc_side.v:76:4: Output port connection 'rptr_async' expects 10 bits on the pin connection, but pin connection's VARREF 'async_fifo_rptr_async' generates 16 bits.
                                                                                                                                                                     : ... In instance soc_intr_ring_top_pd.dn_harden.dspss1_iniu
   76 |   .rptr_async(async_fifo_rptr_async),
      |    ^~~~~~~~~~
%Warning-WIDTH: /home/lgzhu/dev/noc_work/lwnoc_network_demo/lwnoc_intr_noc_demo/soc_intr_noc/build_logic/soc_intr_ring_noc_dn_harden_wrap/dspss1_iniu_noc_side.v:77:4: Output port connection 'rptr_sync' expects 10 bits on the pin connection, but pin connection's VARREF 'async_fifo_rptr_sync' generates 16 bits.
                                                                                                                                                                     : ... In instance soc_intr_ring_top_pd.dn_harden.dspss1_iniu
   77 |   .rptr_sync(async_fifo_rptr_sync),
      |    ^~~~~~~~~
%Warning-WIDTH: /home/lgzhu/dev/noc_work/lwnoc_network_demo/lwnoc_intr_noc_demo/soc_intr_noc/build_logic/soc_intr_ring_noc_dn_harden_wrap/dspss3_iniu_noc_side.v:75:4: Input port connection 'wptr_async' expects 10 bits on the pin connection, but pin connection's VARREF 'async_fifo_wptr_async' generates 16 bits.
                                                                                                                                                                     : ... In instance soc_intr_ring_top_pd.dn_harden.dspss3_iniu
   75 |   .wptr_async(async_fifo_wptr_async),
      |    ^~~~~~~~~~
%Warning-WIDTH: /home/lgzhu/dev/noc_work/lwnoc_network_demo/lwnoc_intr_noc_demo/soc_intr_noc/build_logic/soc_intr_ring_noc_dn_harden_wrap/dspss3_iniu_noc_side.v:76:4: Output port connection 'rptr_async' expects 10 bits on the pin connection, but pin connection's VARREF 'async_fifo_rptr_async' generates 16 bits.
                                                                                                                                                                     : ... In instance soc_intr_ring_top_pd.dn_harden.dspss3_iniu
   76 |   .rptr_async(async_fifo_rptr_async),
      |    ^~~~~~~~~~
%Warning-WIDTH: /home/lgzhu/dev/noc_work/lwnoc_network_demo/lwnoc_intr_noc_demo/soc_intr_noc/build_logic/soc_intr_ring_noc_dn_harden_wrap/dspss3_iniu_noc_side.v:77:4: Output port connection 'rptr_sync' expects 10 bits on the pin connection, but pin connection's VARREF 'async_fifo_rptr_sync' generates 16 bits.
                                                                                                                                                                     : ... In instance soc_intr_ring_top_pd.dn_harden.dspss3_iniu
   77 |   .rptr_sync(async_fifo_rptr_sync),
      |    ^~~~~~~~~
%Warning-WIDTH: /home/lgzhu/dev/noc_work/lwnoc_network_demo/lwnoc_intr_noc_demo/soc_intr_noc/build_logic/soc_intr_ring_noc_dn_harden_wrap/vpu_ss_iniu_noc_side.v:75:4: Input port connection 'wptr_async' expects 10 bits on the pin connection, but pin connection's VARREF 'async_fifo_wptr_async' generates 16 bits.
                                                                                                                                                                     : ... In instance soc_intr_ring_top_pd.dn_harden.vpu_ss_iniu
   75 |   .wptr_async(async_fifo_wptr_async),
      |    ^~~~~~~~~~
%Warning-WIDTH: /home/lgzhu/dev/noc_work/lwnoc_network_demo/lwnoc_intr_noc_demo/soc_intr_noc/build_logic/soc_intr_ring_noc_dn_harden_wrap/vpu_ss_iniu_noc_side.v:76:4: Output port connection 'rptr_async' expects 10 bits on the pin connection, but pin connection's VARREF 'async_fifo_rptr_async' generates 16 bits.
                                                                                                                                                                     : ... In instance soc_intr_ring_top_pd.dn_harden.vpu_ss_iniu
   76 |   .rptr_async(async_fifo_rptr_async),
      |    ^~~~~~~~~~
%Warning-WIDTH: /home/lgzhu/dev/noc_work/lwnoc_network_demo/lwnoc_intr_noc_demo/soc_intr_noc/build_logic/soc_intr_ring_noc_dn_harden_wrap/vpu_ss_iniu_noc_side.v:77:4: Output port connection 'rptr_sync' expects 10 bits on the pin connection, but pin connection's VARREF 'async_fifo_rptr_sync' generates 16 bits.
                                                                                                                                                                     : ... In instance soc_intr_ring_top_pd.dn_harden.vpu_ss_iniu
   77 |   .rptr_sync(async_fifo_rptr_sync),
      |    ^~~~~~~~~
%Warning-WIDTH: /home/lgzhu/dev/noc_work/lwnoc_network_demo/lwnoc_intr_noc_demo/soc_intr_noc/build_logic/soc_intr_ring_noc_dn_harden_wrap/dspss5_iniu_noc_side.v:75:4: Input port connection 'wptr_async' expects 10 bits on the pin connection, but pin connection's VARREF 'async_fifo_wptr_async' generates 16 bits.
                                                                                                                                                                     : ... In instance soc_intr_ring_top_pd.dn_harden.dspss5_iniu
   75 |   .wptr_async(async_fifo_wptr_async),
      |    ^~~~~~~~~~
%Warning-WIDTH: /home/lgzhu/dev/noc_work/lwnoc_network_demo/lwnoc_intr_noc_demo/soc_intr_noc/build_logic/soc_intr_ring_noc_dn_harden_wrap/dspss5_iniu_noc_side.v:76:4: Output port connection 'rptr_async' expects 10 bits on the pin connection, but pin connection's VARREF 'async_fifo_rptr_async' generates 16 bits.
                                                                                                                                                                     : ... In instance soc_intr_ring_top_pd.dn_harden.dspss5_iniu
   76 |   .rptr_async(async_fifo_rptr_async),
      |    ^~~~~~~~~~
%Warning-WIDTH: /home/lgzhu/dev/noc_work/lwnoc_network_demo/lwnoc_intr_noc_demo/soc_intr_noc/build_logic/soc_intr_ring_noc_dn_harden_wrap/dspss5_iniu_noc_side.v:77:4: Output port connection 'rptr_sync' expects 10 bits on the pin connection, but pin connection's VARREF 'async_fifo_rptr_sync' generates 16 bits.
                                                                                                                                                                     : ... In instance soc_intr_ring_top_pd.dn_harden.dspss5_iniu
   77 |   .rptr_sync(async_fifo_rptr_sync),
      |    ^~~~~~~~~
%Warning-WIDTH: /home/lgzhu/dev/noc_work/lwnoc_network_demo/lwnoc_intr_noc_demo/soc_intr_noc/build_logic/soc_intr_ring_noc_dn_harden_wrap/ucie_ss1_iniu_noc_side.v:75:4: Input port connection 'wptr_async' expects 10 bits on the pin connection, but pin connection's VARREF 'async_fifo_wptr_async' generates 16 bits.
                                                                                                                                                                       : ... In instance soc_intr_ring_top_pd.dn_harden.ucie_ss1_iniu
   75 |   .wptr_async(async_fifo_wptr_async),
      |    ^~~~~~~~~~
%Warning-WIDTH: /home/lgzhu/dev/noc_work/lwnoc_network_demo/lwnoc_intr_noc_demo/soc_intr_noc/build_logic/soc_intr_ring_noc_dn_harden_wrap/ucie_ss1_iniu_noc_side.v:76:4: Output port connection 'rptr_async' expects 10 bits on the pin connection, but pin connection's VARREF 'async_fifo_rptr_async' generates 16 bits.
                                                                                                                                                                       : ... In instance soc_intr_ring_top_pd.dn_harden.ucie_ss1_iniu
   76 |   .rptr_async(async_fifo_rptr_async),
      |    ^~~~~~~~~~
%Warning-WIDTH: /home/lgzhu/dev/noc_work/lwnoc_network_demo/lwnoc_intr_noc_demo/soc_intr_noc/build_logic/soc_intr_ring_noc_dn_harden_wrap/ucie_ss1_iniu_noc_side.v:77:4: Output port connection 'rptr_sync' expects 10 bits on the pin connection, but pin connection's VARREF 'async_fifo_rptr_sync' generates 16 bits.
                                                                                                                                                                       : ... In instance soc_intr_ring_top_pd.dn_harden.ucie_ss1_iniu
   77 |   .rptr_sync(async_fifo_rptr_sync),
      |    ^~~~~~~~~
%Warning-WIDTH: /home/lgzhu/dev/noc_work/lwnoc_network_demo/lwnoc_intr_noc_demo/soc_intr_noc/build_logic/soc_intr_ring_noc_dn_harden_wrap/aon_ss_iniu_noc_side.v:75:4: Input port connection 'wptr_async' expects 10 bits on the pin connection, but pin connection's VARREF 'async_fifo_wptr_async' generates 16 bits.
                                                                                                                                                                     : ... In instance soc_intr_ring_top_pd.dn_harden.aon_ss_iniu
   75 |   .wptr_async(async_fifo_wptr_async),
      |    ^~~~~~~~~~
%Warning-WIDTH: /home/lgzhu/dev/noc_work/lwnoc_network_demo/lwnoc_intr_noc_demo/soc_intr_noc/build_logic/soc_intr_ring_noc_dn_harden_wrap/aon_ss_iniu_noc_side.v:76:4: Output port connection 'rptr_async' expects 10 bits on the pin connection, but pin connection's VARREF 'async_fifo_rptr_async' generates 16 bits.
                                                                                                                                                                     : ... In instance soc_intr_ring_top_pd.dn_harden.aon_ss_iniu
   76 |   .rptr_async(async_fifo_rptr_async),
      |    ^~~~~~~~~~
%Warning-WIDTH: /home/lgzhu/dev/noc_work/lwnoc_network_demo/lwnoc_intr_noc_demo/soc_intr_noc/build_logic/soc_intr_ring_noc_dn_harden_wrap/aon_ss_iniu_noc_side.v:77:4: Output port connection 'rptr_sync' expects 10 bits on the pin connection, but pin connection's VARREF 'async_fifo_rptr_sync' generates 16 bits.
                                                                                                                                                                     : ... In instance soc_intr_ring_top_pd.dn_harden.aon_ss_iniu
   77 |   .rptr_sync(async_fifo_rptr_sync),
      |    ^~~~~~~~~
%Warning-WIDTH: /home/lgzhu/dev/noc_work/lwnoc_network_demo/lwnoc_intr_noc_demo/soc_intr_noc/build_logic/soc_intr_ring_noc_dn_harden_wrap/debug_ss_iniu_noc_side.v:75:4: Input port connection 'wptr_async' expects 10 bits on the pin connection, but pin connection's VARREF 'async_fifo_wptr_async' generates 16 bits.
                                                                                                                                                                       : ... In instance soc_intr_ring_top_pd.dn_harden.debug_ss_iniu
   75 |   .wptr_async(async_fifo_wptr_async),
      |    ^~~~~~~~~~
%Warning-WIDTH: /home/lgzhu/dev/noc_work/lwnoc_network_demo/lwnoc_intr_noc_demo/soc_intr_noc/build_logic/soc_intr_ring_noc_dn_harden_wrap/debug_ss_iniu_noc_side.v:76:4: Output port connection 'rptr_async' expects 10 bits on the pin connection, but pin connection's VARREF 'async_fifo_rptr_async' generates 16 bits.
                                                                                                                                                                       : ... In instance soc_intr_ring_top_pd.dn_harden.debug_ss_iniu
   76 |   .rptr_async(async_fifo_rptr_async),
      |    ^~~~~~~~~~
%Warning-WIDTH: /home/lgzhu/dev/noc_work/lwnoc_network_demo/lwnoc_intr_noc_demo/soc_intr_noc/build_logic/soc_intr_ring_noc_dn_harden_wrap/debug_ss_iniu_noc_side.v:77:4: Output port connection 'rptr_sync' expects 10 bits on the pin connection, but pin connection's VARREF 'async_fifo_rptr_sync' generates 16 bits.
                                                                                                                                                                       : ... In instance soc_intr_ring_top_pd.dn_harden.debug_ss_iniu
   77 |   .rptr_sync(async_fifo_rptr_sync),
      |    ^~~~~~~~~
%Warning-WIDTH: /home/lgzhu/dev/noc_work/lwnoc_network_demo/lwnoc_intr_noc_demo/soc_intr_noc/build_logic/soc_intr_ring_noc_dn_harden_wrap/pcie_eth_ss_iniu_noc_side.v:75:4: Input port connection 'wptr_async' expects 10 bits on the pin connection, but pin connection's VARREF 'async_fifo_wptr_async' generates 16 bits.
                                                                                                                                                                          : ... In instance soc_intr_ring_top_pd.dn_harden.pcie_eth_ss_iniu
   75 |   .wptr_async(async_fifo_wptr_async),
      |    ^~~~~~~~~~
%Warning-WIDTH: /home/lgzhu/dev/noc_work/lwnoc_network_demo/lwnoc_intr_noc_demo/soc_intr_noc/build_logic/soc_intr_ring_noc_dn_harden_wrap/pcie_eth_ss_iniu_noc_side.v:76:4: Output port connection 'rptr_async' expects 10 bits on the pin connection, but pin connection's VARREF 'async_fifo_rptr_async' generates 16 bits.
                                                                                                                                                                          : ... In instance soc_intr_ring_top_pd.dn_harden.pcie_eth_ss_iniu
   76 |   .rptr_async(async_fifo_rptr_async),
      |    ^~~~~~~~~~
%Warning-WIDTH: /home/lgzhu/dev/noc_work/lwnoc_network_demo/lwnoc_intr_noc_demo/soc_intr_noc/build_logic/soc_intr_ring_noc_dn_harden_wrap/pcie_eth_ss_iniu_noc_side.v:77:4: Output port connection 'rptr_sync' expects 10 bits on the pin connection, but pin connection's VARREF 'async_fifo_rptr_sync' generates 16 bits.
                                                                                                                                                                          : ... In instance soc_intr_ring_top_pd.dn_harden.pcie_eth_ss_iniu
   77 |   .rptr_sync(async_fifo_rptr_sync),
      |    ^~~~~~~~~
%Warning-WIDTH: /home/lgzhu/dev/noc_work/lwnoc_network_demo/lwnoc_intr_noc_demo/soc_intr_noc/build_logic/soc_intr_ring_noc_dn_harden_wrap/camera_ss_iniu_noc_side.v:75:4: Input port connection 'wptr_async' expects 10 bits on the pin connection, but pin connection's VARREF 'async_fifo_wptr_async' generates 16 bits.
                                                                                                                                                                        : ... In instance soc_intr_ring_top_pd.dn_harden.camera_ss_iniu
   75 |   .wptr_async(async_fifo_wptr_async),
      |    ^~~~~~~~~~
%Warning-WIDTH: /home/lgzhu/dev/noc_work/lwnoc_network_demo/lwnoc_intr_noc_demo/soc_intr_noc/build_logic/soc_intr_ring_noc_dn_harden_wrap/camera_ss_iniu_noc_side.v:76:4: Output port connection 'rptr_async' expects 10 bits on the pin connection, but pin connection's VARREF 'async_fifo_rptr_async' generates 16 bits.
                                                                                                                                                                        : ... In instance soc_intr_ring_top_pd.dn_harden.camera_ss_iniu
   76 |   .rptr_async(async_fifo_rptr_async),
      |    ^~~~~~~~~~
%Warning-WIDTH: /home/lgzhu/dev/noc_work/lwnoc_network_demo/lwnoc_intr_noc_demo/soc_intr_noc/build_logic/soc_intr_ring_noc_dn_harden_wrap/camera_ss_iniu_noc_side.v:77:4: Output port connection 'rptr_sync' expects 10 bits on the pin connection, but pin connection's VARREF 'async_fifo_rptr_sync' generates 16 bits.
                                                                                                                                                                        : ... In instance soc_intr_ring_top_pd.dn_harden.camera_ss_iniu
   77 |   .rptr_sync(async_fifo_rptr_sync),
      |    ^~~~~~~~~
%Warning-WIDTH: /home/lgzhu/dev/noc_work/lwnoc_network_demo/lwnoc_intr_noc_demo/soc_intr_noc/build_logic/soc_intr_ring_noc_dn_harden_wrap/ufs_ss_iniu_noc_side.v:75:4: Input port connection 'wptr_async' expects 10 bits on the pin connection, but pin connection's VARREF 'async_fifo_wptr_async' generates 16 bits.
                                                                                                                                                                     : ... In instance soc_intr_ring_top_pd.dn_harden.ufs_ss_iniu
   75 |   .wptr_async(async_fifo_wptr_async),
      |    ^~~~~~~~~~
%Warning-WIDTH: /home/lgzhu/dev/noc_work/lwnoc_network_demo/lwnoc_intr_noc_demo/soc_intr_noc/build_logic/soc_intr_ring_noc_dn_harden_wrap/ufs_ss_iniu_noc_side.v:76:4: Output port connection 'rptr_async' expects 10 bits on the pin connection, but pin connection's VARREF 'async_fifo_rptr_async' generates 16 bits.
                                                                                                                                                                     : ... In instance soc_intr_ring_top_pd.dn_harden.ufs_ss_iniu
   76 |   .rptr_async(async_fifo_rptr_async),
      |    ^~~~~~~~~~
%Warning-WIDTH: /home/lgzhu/dev/noc_work/lwnoc_network_demo/lwnoc_intr_noc_demo/soc_intr_noc/build_logic/soc_intr_ring_noc_dn_harden_wrap/ufs_ss_iniu_noc_side.v:77:4: Output port connection 'rptr_sync' expects 10 bits on the pin connection, but pin connection's VARREF 'async_fifo_rptr_sync' generates 16 bits.
                                                                                                                                                                     : ... In instance soc_intr_ring_top_pd.dn_harden.ufs_ss_iniu
   77 |   .rptr_sync(async_fifo_rptr_sync),
      |    ^~~~~~~~~
%Warning-WIDTH: /home/lgzhu/dev/noc_work/lwnoc_network_demo/lwnoc_intr_noc_demo/soc_intr_noc/build_logic/soc_intr_ring_noc_dn_harden_wrap/mipi_ss_iniu_noc_side.v:75:4: Input port connection 'wptr_async' expects 10 bits on the pin connection, but pin connection's VARREF 'async_fifo_wptr_async' generates 16 bits.
                                                                                                                                                                      : ... In instance soc_intr_ring_top_pd.dn_harden.mipi_ss_iniu
   75 |   .wptr_async(async_fifo_wptr_async),
      |    ^~~~~~~~~~
%Warning-WIDTH: /home/lgzhu/dev/noc_work/lwnoc_network_demo/lwnoc_intr_noc_demo/soc_intr_noc/build_logic/soc_intr_ring_noc_dn_harden_wrap/mipi_ss_iniu_noc_side.v:76:4: Output port connection 'rptr_async' expects 10 bits on the pin connection, but pin connection's VARREF 'async_fifo_rptr_async' generates 16 bits.
                                                                                                                                                                      : ... In instance soc_intr_ring_top_pd.dn_harden.mipi_ss_iniu
   76 |   .rptr_async(async_fifo_rptr_async),
      |    ^~~~~~~~~~
%Warning-WIDTH: /home/lgzhu/dev/noc_work/lwnoc_network_demo/lwnoc_intr_noc_demo/soc_intr_noc/build_logic/soc_intr_ring_noc_dn_harden_wrap/mipi_ss_iniu_noc_side.v:77:4: Output port connection 'rptr_sync' expects 10 bits on the pin connection, but pin connection's VARREF 'async_fifo_rptr_sync' generates 16 bits.
                                                                                                                                                                      : ... In instance soc_intr_ring_top_pd.dn_harden.mipi_ss_iniu
   77 |   .rptr_sync(async_fifo_rptr_sync),
      |    ^~~~~~~~~
%Warning-WIDTH: /home/lgzhu/dev/noc_work/lwnoc_network_demo/lwnoc_intr_noc_demo/soc_intr_noc/build_logic/soc_intr_ring_noc_up_harden_wrap/ddr10_iniu_noc_side.v:75:4: Input port connection 'wptr_async' expects 10 bits on the pin connection, but pin connection's VARREF 'async_fifo_wptr_async' generates 16 bits.
                                                                                                                                                                    : ... In instance soc_intr_ring_top_pd.up_harden.ddr10_iniu
   75 |   .wptr_async(async_fifo_wptr_async),
      |    ^~~~~~~~~~
%Warning-WIDTH: /home/lgzhu/dev/noc_work/lwnoc_network_demo/lwnoc_intr_noc_demo/soc_intr_noc/build_logic/soc_intr_ring_noc_up_harden_wrap/ddr10_iniu_noc_side.v:76:4: Output port connection 'rptr_async' expects 10 bits on the pin connection, but pin connection's VARREF 'async_fifo_rptr_async' generates 16 bits.
                                                                                                                                                                    : ... In instance soc_intr_ring_top_pd.up_harden.ddr10_iniu
   76 |   .rptr_async(async_fifo_rptr_async),
      |    ^~~~~~~~~~
%Warning-WIDTH: /home/lgzhu/dev/noc_work/lwnoc_network_demo/lwnoc_intr_noc_demo/soc_intr_noc/build_logic/soc_intr_ring_noc_up_harden_wrap/ddr10_iniu_noc_side.v:77:4: Output port connection 'rptr_sync' expects 10 bits on the pin connection, but pin connection's VARREF 'async_fifo_rptr_sync' generates 16 bits.
                                                                                                                                                                    : ... In instance soc_intr_ring_top_pd.up_harden.ddr10_iniu
   77 |   .rptr_sync(async_fifo_rptr_sync),
      |    ^~~~~~~~~
%Warning-WIDTH: /home/lgzhu/dev/noc_work/lwnoc_network_demo/lwnoc_intr_noc_demo/soc_intr_noc/build_logic/soc_intr_ring_noc_up_harden_wrap/ddr9_iniu_noc_side.v:75:4: Input port connection 'wptr_async' expects 10 bits on the pin connection, but pin connection's VARREF 'async_fifo_wptr_async' generates 16 bits.
                                                                                                                                                                   : ... In instance soc_intr_ring_top_pd.up_harden.ddr9_iniu
   75 |   .wptr_async(async_fifo_wptr_async),
      |    ^~~~~~~~~~
%Warning-WIDTH: /home/lgzhu/dev/noc_work/lwnoc_network_demo/lwnoc_intr_noc_demo/soc_intr_noc/build_logic/soc_intr_ring_noc_up_harden_wrap/ddr9_iniu_noc_side.v:76:4: Output port connection 'rptr_async' expects 10 bits on the pin connection, but pin connection's VARREF 'async_fifo_rptr_async' generates 16 bits.
                                                                                                                                                                   : ... In instance soc_intr_ring_top_pd.up_harden.ddr9_iniu
   76 |   .rptr_async(async_fifo_rptr_async),
      |    ^~~~~~~~~~
%Warning-WIDTH: /home/lgzhu/dev/noc_work/lwnoc_network_demo/lwnoc_intr_noc_demo/soc_intr_noc/build_logic/soc_intr_ring_noc_up_harden_wrap/ddr9_iniu_noc_side.v:77:4: Output port connection 'rptr_sync' expects 10 bits on the pin connection, but pin connection's VARREF 'async_fifo_rptr_sync' generates 16 bits.
                                                                                                                                                                   : ... In instance soc_intr_ring_top_pd.up_harden.ddr9_iniu
   77 |   .rptr_sync(async_fifo_rptr_sync),
      |    ^~~~~~~~~
%Warning-WIDTH: /home/lgzhu/dev/noc_work/lwnoc_network_demo/lwnoc_intr_noc_demo/soc_intr_noc/build_logic/soc_intr_ring_noc_up_harden_wrap/ddr8_iniu_noc_side.v:75:4: Input port connection 'wptr_async' expects 10 bits on the pin connection, but pin connection's VARREF 'async_fifo_wptr_async' generates 16 bits.
                                                                                                                                                                   : ... In instance soc_intr_ring_top_pd.up_harden.ddr8_iniu
   75 |   .wptr_async(async_fifo_wptr_async),
      |    ^~~~~~~~~~
%Warning-WIDTH: /home/lgzhu/dev/noc_work/lwnoc_network_demo/lwnoc_intr_noc_demo/soc_intr_noc/build_logic/soc_intr_ring_noc_up_harden_wrap/ddr8_iniu_noc_side.v:76:4: Output port connection 'rptr_async' expects 10 bits on the pin connection, but pin connection's VARREF 'async_fifo_rptr_async' generates 16 bits.
                                                                                                                                                                   : ... In instance soc_intr_ring_top_pd.up_harden.ddr8_iniu
   76 |   .rptr_async(async_fifo_rptr_async),
      |    ^~~~~~~~~~
%Warning-WIDTH: /home/lgzhu/dev/noc_work/lwnoc_network_demo/lwnoc_intr_noc_demo/soc_intr_noc/build_logic/soc_intr_ring_noc_up_harden_wrap/ddr8_iniu_noc_side.v:77:4: Output port connection 'rptr_sync' expects 10 bits on the pin connection, but pin connection's VARREF 'async_fifo_rptr_sync' generates 16 bits.
                                                                                                                                                                   : ... In instance soc_intr_ring_top_pd.up_harden.ddr8_iniu
   77 |   .rptr_sync(async_fifo_rptr_sync),
      |    ^~~~~~~~~
%Warning-WIDTH: /home/lgzhu/dev/noc_work/lwnoc_network_demo/lwnoc_intr_noc_demo/soc_intr_noc/build_logic/soc_intr_ring_noc_up_harden_wrap/ddr7_iniu_noc_side.v:75:4: Input port connection 'wptr_async' expects 10 bits on the pin connection, but pin connection's VARREF 'async_fifo_wptr_async' generates 16 bits.
                                                                                                                                                                   : ... In instance soc_intr_ring_top_pd.up_harden.ddr7_iniu
   75 |   .wptr_async(async_fifo_wptr_async),
      |    ^~~~~~~~~~
%Warning-WIDTH: /home/lgzhu/dev/noc_work/lwnoc_network_demo/lwnoc_intr_noc_demo/soc_intr_noc/build_logic/soc_intr_ring_noc_up_harden_wrap/ddr7_iniu_noc_side.v:76:4: Output port connection 'rptr_async' expects 10 bits on the pin connection, but pin connection's VARREF 'async_fifo_rptr_async' generates 16 bits.
                                                                                                                                                                   : ... In instance soc_intr_ring_top_pd.up_harden.ddr7_iniu
   76 |   .rptr_async(async_fifo_rptr_async),
      |    ^~~~~~~~~~
%Warning-WIDTH: /home/lgzhu/dev/noc_work/lwnoc_network_demo/lwnoc_intr_noc_demo/soc_intr_noc/build_logic/soc_intr_ring_noc_up_harden_wrap/ddr7_iniu_noc_side.v:77:4: Output port connection 'rptr_sync' expects 10 bits on the pin connection, but pin connection's VARREF 'async_fifo_rptr_sync' generates 16 bits.
                                                                                                                                                                   : ... In instance soc_intr_ring_top_pd.up_harden.ddr7_iniu
   77 |   .rptr_sync(async_fifo_rptr_sync),
      |    ^~~~~~~~~
%Warning-WIDTH: /home/lgzhu/dev/noc_work/lwnoc_network_demo/lwnoc_intr_noc_demo/soc_intr_noc/build_logic/soc_intr_ring_noc_up_harden_wrap/ddr6_iniu_noc_side.v:75:4: Input port connection 'wptr_async' expects 10 bits on the pin connection, but pin connection's VARREF 'async_fifo_wptr_async' generates 16 bits.
                                                                                                                                                                   : ... In instance soc_intr_ring_top_pd.up_harden.ddr6_iniu
   75 |   .wptr_async(async_fifo_wptr_async),
      |    ^~~~~~~~~~
%Warning-WIDTH: /home/lgzhu/dev/noc_work/lwnoc_network_demo/lwnoc_intr_noc_demo/soc_intr_noc/build_logic/soc_intr_ring_noc_up_harden_wrap/ddr6_iniu_noc_side.v:76:4: Output port connection 'rptr_async' expects 10 bits on the pin connection, but pin connection's VARREF 'async_fifo_rptr_async' generates 16 bits.
                                                                                                                                                                   : ... In instance soc_intr_ring_top_pd.up_harden.ddr6_iniu
   76 |   .rptr_async(async_fifo_rptr_async),
      |    ^~~~~~~~~~
%Warning-WIDTH: /home/lgzhu/dev/noc_work/lwnoc_network_demo/lwnoc_intr_noc_demo/soc_intr_noc/build_logic/soc_intr_ring_noc_up_harden_wrap/ddr6_iniu_noc_side.v:77:4: Output port connection 'rptr_sync' expects 10 bits on the pin connection, but pin connection's VARREF 'async_fifo_rptr_sync' generates 16 bits.
                                                                                                                                                                   : ... In instance soc_intr_ring_top_pd.up_harden.ddr6_iniu
   77 |   .rptr_sync(async_fifo_rptr_sync),
      |    ^~~~~~~~~
%Warning-WIDTH: /home/lgzhu/dev/noc_work/lwnoc_network_demo/lwnoc_intr_noc_demo/soc_intr_noc/build_logic/soc_intr_ring_noc_up_harden_wrap/dp_ss_iniu_noc_side.v:75:4: Input port connection 'wptr_async' expects 10 bits on the pin connection, but pin connection's VARREF 'async_fifo_wptr_async' generates 16 bits.
                                                                                                                                                                    : ... In instance soc_intr_ring_top_pd.up_harden.dp_ss_iniu
   75 |   .wptr_async(async_fifo_wptr_async),
      |    ^~~~~~~~~~
%Warning-WIDTH: /home/lgzhu/dev/noc_work/lwnoc_network_demo/lwnoc_intr_noc_demo/soc_intr_noc/build_logic/soc_intr_ring_noc_up_harden_wrap/dp_ss_iniu_noc_side.v:76:4: Output port connection 'rptr_async' expects 10 bits on the pin connection, but pin connection's VARREF 'async_fifo_rptr_async' generates 16 bits.
                                                                                                                                                                    : ... In instance soc_intr_ring_top_pd.up_harden.dp_ss_iniu
   76 |   .rptr_async(async_fifo_rptr_async),
      |    ^~~~~~~~~~
%Warning-WIDTH: /home/lgzhu/dev/noc_work/lwnoc_network_demo/lwnoc_intr_noc_demo/soc_intr_noc/build_logic/soc_intr_ring_noc_up_harden_wrap/dp_ss_iniu_noc_side.v:77:4: Output port connection 'rptr_sync' expects 10 bits on the pin connection, but pin connection's VARREF 'async_fifo_rptr_sync' generates 16 bits.
                                                                                                                                                                    : ... In instance soc_intr_ring_top_pd.up_harden.dp_ss_iniu
   77 |   .rptr_sync(async_fifo_rptr_sync),
      |    ^~~~~~~~~
%Warning-WIDTH: /home/lgzhu/dev/noc_work/lwnoc_network_demo/lwnoc_intr_noc_demo/soc_intr_noc/build_logic/soc_intr_ring_noc_up_harden_wrap/gpu_ss1_iniu_noc_side.v:75:4: Input port connection 'wptr_async' expects 10 bits on the pin connection, but pin connection's VARREF 'async_fifo_wptr_async' generates 16 bits.
                                                                                                                                                                      : ... In instance soc_intr_ring_top_pd.up_harden.gpu_ss1_iniu
   75 |   .wptr_async(async_fifo_wptr_async),
      |    ^~~~~~~~~~
%Warning-WIDTH: /home/lgzhu/dev/noc_work/lwnoc_network_demo/lwnoc_intr_noc_demo/soc_intr_noc/build_logic/soc_intr_ring_noc_up_harden_wrap/gpu_ss1_iniu_noc_side.v:76:4: Output port connection 'rptr_async' expects 10 bits on the pin connection, but pin connection's VARREF 'async_fifo_rptr_async' generates 16 bits.
                                                                                                                                                                      : ... In instance soc_intr_ring_top_pd.up_harden.gpu_ss1_iniu
   76 |   .rptr_async(async_fifo_rptr_async),
      |    ^~~~~~~~~~
%Warning-WIDTH: /home/lgzhu/dev/noc_work/lwnoc_network_demo/lwnoc_intr_noc_demo/soc_intr_noc/build_logic/soc_intr_ring_noc_up_harden_wrap/gpu_ss1_iniu_noc_side.v:77:4: Output port connection 'rptr_sync' expects 10 bits on the pin connection, but pin connection's VARREF 'async_fifo_rptr_sync' generates 16 bits.
                                                                                                                                                                      : ... In instance soc_intr_ring_top_pd.up_harden.gpu_ss1_iniu
   77 |   .rptr_sync(async_fifo_rptr_sync),
      |    ^~~~~~~~~
%Warning-WIDTH: /home/lgzhu/dev/noc_work/lwnoc_network_demo/lwnoc_intr_noc_demo/soc_intr_noc/build_logic/soc_intr_ring_noc_up_harden_wrap/audio_ss_iniu_noc_side.v:75:4: Input port connection 'wptr_async' expects 10 bits on the pin connection, but pin connection's VARREF 'async_fifo_wptr_async' generates 16 bits.
                                                                                                                                                                       : ... In instance soc_intr_ring_top_pd.up_harden.audio_ss_iniu
   75 |   .wptr_async(async_fifo_wptr_async),
      |    ^~~~~~~~~~
%Warning-WIDTH: /home/lgzhu/dev/noc_work/lwnoc_network_demo/lwnoc_intr_noc_demo/soc_intr_noc/build_logic/soc_intr_ring_noc_up_harden_wrap/audio_ss_iniu_noc_side.v:76:4: Output port connection 'rptr_async' expects 10 bits on the pin connection, but pin connection's VARREF 'async_fifo_rptr_async' generates 16 bits.
                                                                                                                                                                       : ... In instance soc_intr_ring_top_pd.up_harden.audio_ss_iniu
   76 |   .rptr_async(async_fifo_rptr_async),
      |    ^~~~~~~~~~
%Warning-WIDTH: /home/lgzhu/dev/noc_work/lwnoc_network_demo/lwnoc_intr_noc_demo/soc_intr_noc/build_logic/soc_intr_ring_noc_up_harden_wrap/audio_ss_iniu_noc_side.v:77:4: Output port connection 'rptr_sync' expects 10 bits on the pin connection, but pin connection's VARREF 'async_fifo_rptr_sync' generates 16 bits.
                                                                                                                                                                       : ... In instance soc_intr_ring_top_pd.up_harden.audio_ss_iniu
   77 |   .rptr_sync(async_fifo_rptr_sync),
      |    ^~~~~~~~~
%Warning-WIDTH: /home/lgzhu/dev/noc_work/lwnoc_network_demo/lwnoc_intr_noc_demo/soc_intr_noc/build_logic/soc_intr_ring_noc_up_harden_wrap/cpu_ss_iniu_noc_side.v:75:4: Input port connection 'wptr_async' expects 10 bits on the pin connection, but pin connection's VARREF 'async_fifo_wptr_async' generates 16 bits.
                                                                                                                                                                     : ... In instance soc_intr_ring_top_pd.up_harden.cpu_ss_iniu
   75 |   .wptr_async(async_fifo_wptr_async),
      |    ^~~~~~~~~~
%Warning-WIDTH: /home/lgzhu/dev/noc_work/lwnoc_network_demo/lwnoc_intr_noc_demo/soc_intr_noc/build_logic/soc_intr_ring_noc_up_harden_wrap/cpu_ss_iniu_noc_side.v:76:4: Output port connection 'rptr_async' expects 10 bits on the pin connection, but pin connection's VARREF 'async_fifo_rptr_async' generates 16 bits.
                                                                                                                                                                     : ... In instance soc_intr_ring_top_pd.up_harden.cpu_ss_iniu
   76 |   .rptr_async(async_fifo_rptr_async),
      |    ^~~~~~~~~~
%Warning-WIDTH: /home/lgzhu/dev/noc_work/lwnoc_network_demo/lwnoc_intr_noc_demo/soc_intr_noc/build_logic/soc_intr_ring_noc_up_harden_wrap/cpu_ss_iniu_noc_side.v:77:4: Output port connection 'rptr_sync' expects 10 bits on the pin connection, but pin connection's VARREF 'async_fifo_rptr_sync' generates 16 bits.
                                                                                                                                                                     : ... In instance soc_intr_ring_top_pd.up_harden.cpu_ss_iniu
   77 |   .rptr_sync(async_fifo_rptr_sync),
      |    ^~~~~~~~~
%Warning-WIDTH: /home/lgzhu/dev/noc_work/lwnoc_network_demo/lwnoc_intr_noc_demo/soc_intr_noc/build_logic/soc_intr_ring_noc_up_harden_wrap/ucie_ss0_iniu_noc_side.v:75:4: Input port connection 'wptr_async' expects 10 bits on the pin connection, but pin connection's VARREF 'async_fifo_wptr_async' generates 16 bits.
                                                                                                                                                                       : ... In instance soc_intr_ring_top_pd.up_harden.ucie_ss0_iniu
   75 |   .wptr_async(async_fifo_wptr_async),
      |    ^~~~~~~~~~
%Warning-WIDTH: /home/lgzhu/dev/noc_work/lwnoc_network_demo/lwnoc_intr_noc_demo/soc_intr_noc/build_logic/soc_intr_ring_noc_up_harden_wrap/ucie_ss0_iniu_noc_side.v:76:4: Output port connection 'rptr_async' expects 10 bits on the pin connection, but pin connection's VARREF 'async_fifo_rptr_async' generates 16 bits.
                                                                                                                                                                       : ... In instance soc_intr_ring_top_pd.up_harden.ucie_ss0_iniu
   76 |   .rptr_async(async_fifo_rptr_async),
      |    ^~~~~~~~~~
%Warning-WIDTH: /home/lgzhu/dev/noc_work/lwnoc_network_demo/lwnoc_intr_noc_demo/soc_intr_noc/build_logic/soc_intr_ring_noc_up_harden_wrap/ucie_ss0_iniu_noc_side.v:77:4: Output port connection 'rptr_sync' expects 10 bits on the pin connection, but pin connection's VARREF 'async_fifo_rptr_sync' generates 16 bits.
                                                                                                                                                                       : ... In instance soc_intr_ring_top_pd.up_harden.ucie_ss0_iniu
   77 |   .rptr_sync(async_fifo_rptr_sync),
      |    ^~~~~~~~~
%Warning-UNSIGNED: /home/lgzhu/dev/noc_work/lwnoc_network_demo/subs/lwnoc_interrupt_noc/fcip/ip/memory/mem_fake_2p_sram/fcip_mem_fake_write_buffer.sv:225:45: Comparison is constant due to unsigned arithmetic
                                                                                                                                                            : ... In instance soc_intr_ring_top_pd.up_harden.ucie_ss0_iniu.ring_wrap.ring_buf.u_ring_station.u_station_rb.u_rb_mem.genblk2.u_mem_fake_write_buffer
  225 |             assign mask_en[j]           = (j<=(WRITE_BUFFER_SIZE'(wr_ptr-1))); 
      |                                             ^~
%Warning-UNOPTFLAT: /home/lgzhu/dev/noc_work/lwnoc_network_demo/lwnoc_intr_noc_demo/soc_intr_noc/build_logic/intr_ring_network/lwnoc_vcbuf.sv:36:30: Signal unoptimizable: Feedback to clock or circular logic: 'soc_intr_ring_top_pd.ring_async_cut_up_to_dn.mst_side.u_pring_mst.u_vcbuf.vc_buf_rden'
                                                                                                                                                   : ... In instance soc_intr_ring_top_pd.ring_async_cut_up_to_dn.mst_side.u_pring_mst
   36 | logic [1:0]                  vc_buf_rden;
      |                              ^~~~~~~~~~~
                    /home/lgzhu/dev/noc_work/lwnoc_network_demo/lwnoc_intr_noc_demo/soc_intr_noc/build_logic/intr_ring_network/lwnoc_vcbuf.sv:36:30:      Example path: soc_intr_ring_top_pd.ring_async_cut_up_to_dn.mst_side.u_pring_mst.u_vcbuf.vc_buf_rden
                    /home/lgzhu/dev/noc_work/lwnoc_network_demo/lwnoc_intr_noc_demo/soc_intr_noc/build_logic/intr_ring_network/lwnoc_vcbuf.sv:62:27:      Example path: ASSIGNW
                    /home/lgzhu/dev/noc_work/lwnoc_network_demo/lwnoc_intr_noc_demo/soc_intr_noc/build_logic/intr_ring_network/lwnoc_vcbuf.sv:41:30:      Example path: soc_intr_ring_top_pd.ring_async_cut_up_to_dn.mst_side.u_pring_mst.u_vcbuf.arb_s_vld
                    /home/lgzhu/dev/noc_work/lwnoc_network_demo/lwnoc_intr_noc_demo/soc_intr_noc/build_logic/intr_ring_network/lwnoc_vcbuf.sv:57:23:      Example path: ASSIGNW
                    /home/lgzhu/dev/noc_work/lwnoc_network_demo/lwnoc_intr_noc_demo/soc_intr_noc/build_logic/intr_ring_network/lwnoc_vcbuf.sv:36:30:      Example path: soc_intr_ring_top_pd.ring_async_cut_up_to_dn.mst_side.u_pring_mst.u_vcbuf.vc_buf_rden
%Warning-UNOPTFLAT: /home/lgzhu/dev/noc_work/lwnoc_network_demo/subs/lwnoc_interrupt_noc/fcip/ip/arbiter/fcip_age_matrix.sv:11:19: Signal unoptimizable: Feedback to clock or circular logic: 'soc_intr_ring_top_pd.up_harden.ucie_ss0_iniu.ring_wrap.ring_buf.u_ring_station.u_station_rb.u_arb_age.vv_matrix_tmp'
                                                                                                                                 : ... In instance soc_intr_ring_top_pd.up_harden.ucie_ss0_iniu.ring_wrap.ring_buf.u_ring_station
   11 | logic [WIDTH-1:0] vv_matrix_tmp [WIDTH-1:0];
      |                   ^~~~~~~~~~~~~
                    /home/lgzhu/dev/noc_work/lwnoc_network_demo/subs/lwnoc_interrupt_noc/fcip/ip/arbiter/fcip_age_matrix.sv:11:19:      Example path: soc_intr_ring_top_pd.up_harden.ucie_ss0_iniu.ring_wrap.ring_buf.u_ring_station.u_station_rb.u_arb_age.vv_matrix_tmp
                    /home/lgzhu/dev/noc_work/lwnoc_network_demo/subs/lwnoc_interrupt_noc/fcip/ip/arbiter/fcip_age_matrix.sv:23:45:      Example path: ASSIGNW
                    /home/lgzhu/dev/noc_work/lwnoc_network_demo/subs/lwnoc_interrupt_noc/fcip/ip/arbiter/fcip_age_matrix.sv:11:19:      Example path: soc_intr_ring_top_pd.up_harden.ucie_ss0_iniu.ring_wrap.ring_buf.u_ring_station.u_station_rb.u_arb_age.vv_matrix_tmp
