
Warning-[LINX_KRNL] Unsupported Linux kernel
  Linux kernel '5.15.133.1-microsoft-standard-WSL2' is not supported.
  Supported versions are 2.4* or 2.6*.

Command: vcs -full64 -cpp g++-4.8 -cc gcc-4.8 -LDFLAGS -Wl,--no-as-needed -LDFLAGS \
-no-pie -f filelist/filelist.f -top atb_soc_topo -full64 -sverilog -timescale=1ns/1ps \
-l sim/dv_compile.log
*** Using c compiler gcc-4.8 instead of cc ...
                         Chronologic VCS (TM)
         Version L-2016.06_Full64 -- Fri Apr 24 09:56:47 2026
               Copyright (c) 1991-2016 by Synopsys Inc.
                         ALL RIGHTS RESERVED

This program is proprietary and confidential information of Synopsys Inc.
and may be used and disclosed only as authorized in a license agreement
controlling such use and disclosure.

Parsing design file '/home/lgzhu/dev/noc_work/lwnoc_network_demo/subs/lwnoc_dti_noc/fcip/ip/basic/fcip_bin2onehot.sv'
Parsing design file '/home/lgzhu/dev/noc_work/lwnoc_network_demo/subs/lwnoc_dti_noc/fcip/ip/basic/fcip_booth_wallace_mul.sv'
Parsing design file '/home/lgzhu/dev/noc_work/lwnoc_network_demo/subs/lwnoc_dti_noc/fcip/ip/basic/fcip_ip_mimo_queue.sv'
Parsing design file '/home/lgzhu/dev/noc_work/lwnoc_network_demo/subs/lwnoc_dti_noc/fcip/ip/basic/fcip_lead_one.sv'
Parsing design file '/home/lgzhu/dev/noc_work/lwnoc_network_demo/subs/lwnoc_dti_noc/fcip/ip/basic/fcip_lead_one_msb.sv'
Parsing design file '/home/lgzhu/dev/noc_work/lwnoc_network_demo/subs/lwnoc_dti_noc/fcip/ip/basic/fcip_lead_one_rev.sv'
Parsing design file '/home/lgzhu/dev/noc_work/lwnoc_network_demo/subs/lwnoc_dti_noc/fcip/ip/basic/fcip_lfsr4.sv'
Parsing design file '/home/lgzhu/dev/noc_work/lwnoc_network_demo/subs/lwnoc_dti_noc/fcip/ip/basic/fcip_list_lead_one.sv'
Parsing design file '/home/lgzhu/dev/noc_work/lwnoc_network_demo/subs/lwnoc_dti_noc/fcip/ip/basic/fcip_list_lead_one_rev.sv'
Parsing design file '/home/lgzhu/dev/noc_work/lwnoc_network_demo/subs/lwnoc_dti_noc/fcip/ip/basic/fcip_list_lead_zero.sv'
Parsing design file '/home/lgzhu/dev/noc_work/lwnoc_network_demo/subs/lwnoc_dti_noc/fcip/ip/basic/fcip_onehot2bin.sv'
Parsing design file '/home/lgzhu/dev/noc_work/lwnoc_network_demo/subs/lwnoc_dti_noc/fcip/ip/basic/fcip_real_mux_onehot.sv'
Parsing design file '/home/lgzhu/dev/noc_work/lwnoc_network_demo/subs/lwnoc_dti_noc/fcip/ip/basic/fcip_rob_id_dec.sv'
Parsing design file '/home/lgzhu/dev/noc_work/lwnoc_network_demo/subs/lwnoc_dti_noc/fcip/ip/basic/fcip_rob_prealloc.sv'
Parsing design file '/home/lgzhu/dev/noc_work/lwnoc_network_demo/subs/lwnoc_dti_noc/fcip/ip/basic/fcip_onehot_demux.sv'
Parsing design file '/home/lgzhu/dev/noc_work/lwnoc_network_demo/subs/lwnoc_dti_noc/fcip/ip/basic/fcip_onehot_mux_pld.sv'
Parsing design file '/home/lgzhu/dev/noc_work/lwnoc_network_demo/subs/lwnoc_dti_noc/fcip/ip/regslice/fcip_reg_slice.sv'
Parsing design file '/home/lgzhu/dev/noc_work/lwnoc_network_demo/subs/lwnoc_dti_noc/fcip/ip/regslice/fcip_reg_slice_full_set.sv'
Parsing design file '/home/lgzhu/dev/noc_work/lwnoc_network_demo/subs/lwnoc_dti_noc/fcip/ip/arbiter/fcip_arb_matrix.sv'
Parsing design file '/home/lgzhu/dev/noc_work/lwnoc_network_demo/subs/lwnoc_dti_noc/fcip/ip/arbiter/fcip_arb_vrp.sv'
Parsing design file '/home/lgzhu/dev/noc_work/lwnoc_network_demo/subs/lwnoc_dti_noc/fcip/ip/arbiter/fcip_fix_arb.sv'
Parsing design file '/home/lgzhu/dev/noc_work/lwnoc_network_demo/subs/lwnoc_dti_noc/fcip/ip/arbiter/fcip_grant_gen_fp.sv'
Parsing design file '/home/lgzhu/dev/noc_work/lwnoc_network_demo/subs/lwnoc_dti_noc/fcip/ip/arbiter/fcip_grant_gen_rr.sv'
Parsing design file '/home/lgzhu/dev/noc_work/lwnoc_network_demo/subs/lwnoc_dti_noc/fcip/ip/arbiter/fcip_mtx_gen_age.sv'
Parsing design file '/home/lgzhu/dev/noc_work/lwnoc_network_demo/subs/lwnoc_dti_noc/fcip/ip/arbiter/fcip_mtx_gen_plru_tree.sv'
Parsing design file '/home/lgzhu/dev/noc_work/lwnoc_network_demo/subs/lwnoc_dti_noc/fcip/ip/arbiter/fcip_tree_plru_comb.sv'
Parsing design file '/home/lgzhu/dev/noc_work/lwnoc_network_demo/subs/lwnoc_dti_noc/fcip/ip/arbiter/fcip_arb_vr_matrix.sv'
Parsing design file '/home/lgzhu/dev/noc_work/lwnoc_network_demo/subs/lwnoc_dti_noc/fcip/ip/arbiter/fcip_age_matrix_list.sv'
Parsing design file '/home/lgzhu/dev/noc_work/lwnoc_network_demo/subs/lwnoc_dti_noc/fcip/ip/arbiter/fcip_age_matrix.sv'
Parsing design file '/home/lgzhu/dev/noc_work/lwnoc_network_demo/subs/lwnoc_dti_noc/fcip/ip/arbiter/fcip_arb_vrp_matrix.sv'
Parsing design file '/home/lgzhu/dev/noc_work/lwnoc_network_demo/subs/lwnoc_dti_noc/fcip/ip/sync_fifo/fcip_sync_fifo_reg.sv'
Parsing design file '/home/lgzhu/dev/noc_work/lwnoc_network_demo/subs/lwnoc_dti_noc/fcip/ip/sync_fifo/fcip_sync_fifo_reg_mimo.sv'
Parsing design file '/home/lgzhu/dev/noc_work/lwnoc_network_demo/subs/lwnoc_dti_noc/fcip/ip/sync_fifo/fcip_sync_fifo_spram/fcip_sfifo_spram_ctrl.sv'
Parsing design file '/home/lgzhu/dev/noc_work/lwnoc_network_demo/subs/lwnoc_dti_noc/fcip/ip/sync_fifo/fcip_sync_fifo_spram/fcip_sfifo_spram_rob.sv'
Parsing design file '/home/lgzhu/dev/noc_work/lwnoc_network_demo/subs/lwnoc_dti_noc/fcip/ip/sync_fifo/fcip_sync_fifo_spram/fcip_sfifo_spram_ptr_ctrl.sv'
Parsing design file '/home/lgzhu/dev/noc_work/lwnoc_network_demo/subs/lwnoc_dti_noc/fcip/ip/sync_fifo/fcip_sync_fifo_spram/fcip_sync_fifo_spram.sv'
Parsing design file '/home/lgzhu/dev/noc_work/lwnoc_network_demo/subs/lwnoc_dti_noc/fcip/ip/async_fifo/fcip_afifo.sv'
Parsing design file '/home/lgzhu/dev/noc_work/lwnoc_network_demo/subs/lwnoc_dti_noc/fcip/ip/async_fifo/fcip_afifo_mst.sv'
Parsing design file '/home/lgzhu/dev/noc_work/lwnoc_network_demo/subs/lwnoc_dti_noc/fcip/ip/async_fifo/fcip_afifo_slv.sv'
Parsing design file '/home/lgzhu/dev/noc_work/lwnoc_network_demo/subs/lwnoc_dti_noc/fcip/ip/async_fifo/fcip_apb_afifo.sv'
Parsing design file '/home/lgzhu/dev/noc_work/lwnoc_network_demo/subs/lwnoc_dti_noc/fcip/ip/async_fifo/fcip_axi_afifo/fcip_axi_afifo_mst.sv'
Parsing design file '/home/lgzhu/dev/noc_work/lwnoc_network_demo/subs/lwnoc_dti_noc/fcip/ip/async_fifo/fcip_axi_afifo/fcip_axi_afifo_slv.sv'
Parsing design file '/home/lgzhu/dev/noc_work/lwnoc_network_demo/subs/lwnoc_dti_noc/fcip/ip/async_fifo/fcip_axi_afifo/fcip_axi_afifo.sv'
Parsing design file '/home/lgzhu/dev/noc_work/lwnoc_network_demo/subs/lwnoc_dti_noc/fcip/ip/async_fifo/fcip_req_rsp_afifo_mst.sv'
Parsing design file '/home/lgzhu/dev/noc_work/lwnoc_network_demo/subs/lwnoc_dti_noc/fcip/ip/async_fifo/fcip_req_rsp_afifo_slv.sv'
Parsing design file '/home/lgzhu/dev/noc_work/lwnoc_network_demo/subs/lwnoc_dti_noc/fcip/ip/async_fifo/fcip_req_rsp_afifo.sv'
Parsing design file '/home/lgzhu/dev/noc_work/lwnoc_network_demo/subs/lwnoc_dti_noc/fcip/ip/async_fifo/fcip_afifo_doub.sv'
Parsing design file '/home/lgzhu/dev/noc_work/lwnoc_network_demo/subs/lwnoc_dti_noc/fcip/ip/async_fifo/fcip_afifo_mst_doub.sv'
Parsing design file '/home/lgzhu/dev/noc_work/lwnoc_network_demo/subs/lwnoc_dti_noc/fcip/ip/async_fifo/fcip_afifo_slv_doub.sv'
Parsing design file '/home/lgzhu/dev/noc_work/lwnoc_network_demo/subs/lwnoc_dti_noc/fcip/ip/memory/mem_fake_2p_sram/fcip_mem_fake_find_new_bit.sv'
Parsing design file '/home/lgzhu/dev/noc_work/lwnoc_network_demo/subs/lwnoc_dti_noc/fcip/ip/memory/mem_fake_2p_sram/fcip_mem_fake_write_buffer.sv'
Parsing design file '/home/lgzhu/dev/noc_work/lwnoc_network_demo/subs/lwnoc_dti_noc/fcip/ip/memory/mem_fake_2p_sram/fcip_mem_fake_2p_mem.sv'
Parsing design file '/home/lgzhu/dev/noc_work/lwnoc_network_demo/subs/lwnoc_dti_noc/fcip/ip/memory/fcip_mem_ctrl_wrap/fcip_mem_ctrl_wrap.sv'
Parsing design file '/home/lgzhu/dev/noc_work/lwnoc_network_demo/subs/lwnoc_dti_noc/fcip/ip/stdcell_wrap/fcip_marker.sv'
Parsing design file '/home/lgzhu/dev/noc_work/lwnoc_network_demo/subs/lwnoc_dti_noc/fcip/ip/stdcell_wrap/fcip_clk_marker.sv'
Parsing design file '/home/lgzhu/dev/noc_work/lwnoc_network_demo/subs/lwnoc_dti_noc/fcip/ip/stdcell_wrap/fcip_data_pipe.sv'
Parsing design file '/home/lgzhu/dev/noc_work/lwnoc_network_demo/subs/lwnoc_dti_noc/fcip/ip/stdcell_wrap/fcip_sync_arst.sv'
Parsing design file '/home/lgzhu/dev/noc_work/lwnoc_network_demo/subs/lwnoc_dti_noc/fcip/ip/stdcell_wrap/fcip_sync_aset.sv'
Parsing design file '/home/lgzhu/dev/noc_work/lwnoc_network_demo/subs/lwnoc_dti_noc/fcip/ip/stdcell_wrap/fcip_sync_cell.sv'
Parsing design file '/home/lgzhu/dev/noc_work/lwnoc_network_demo/subs/lwnoc_dti_noc/lwnoc_lowpower_component/src/rtl/lwnoc_lp_define_package.sv'
Parsing design file '/home/lgzhu/dev/noc_work/lwnoc_network_demo/subs/lwnoc_dti_noc/lwnoc_lowpower_component/src/rtl/lwnoc_lp_struct_package.sv'
Parsing design file '/home/lgzhu/dev/noc_work/lwnoc_network_demo/subs/lwnoc_dti_noc/lwnoc_lowpower_component/src/rtl/lp_common/lwnoc_lp_endpoint.sv'
Parsing design file '/home/lgzhu/dev/noc_work/lwnoc_network_demo/subs/lwnoc_dti_noc/lwnoc_lowpower_component/src/rtl/lp_common/lwnoc_lp_nest.sv'
Parsing design file '/home/lgzhu/dev/noc_work/lwnoc_network_demo/subs/lwnoc_dti_noc/lwnoc_lowpower_component/src/rtl/lp_common/lwnoc_lp_slv_adapter.sv'
Parsing design file '/home/lgzhu/dev/noc_work/lwnoc_network_demo/subs/lwnoc_dti_noc/lwnoc_lowpower_component/src/rtl/lp_common/lwnoc_lp_slv_wrapper.sv'
Parsing design file '/home/lgzhu/dev/noc_work/lwnoc_network_demo/subs/lwnoc_dti_noc/lwnoc_lowpower_component/src/rtl/lp_common/lp_fsm/lwnoc_lp_stg2_fsm.sv'
Parsing design file '/home/lgzhu/dev/noc_work/lwnoc_network_demo/subs/lwnoc_dti_noc/lwnoc_lowpower_component/src/rtl/lp_common/lp_fsm/lwnoc_lp_stg1_fsm.sv'
Parsing design file '/home/lgzhu/dev/noc_work/lwnoc_network_demo/subs/lwnoc_dti_noc/lwnoc_lowpower_component/src/rtl/lp_common/lp_fsm/lwnoc_lp_niu_fsm.sv'
Parsing design file '/home/lgzhu/dev/noc_work/lwnoc_network_demo/subs/lwnoc_dti_noc/lwnoc_lowpower_component/src/rtl/lp_hub/lwnoc_lp_subhub.sv'
Parsing design file '/home/lgzhu/dev/noc_work/lwnoc_network_demo/subs/lwnoc_dti_noc/lwnoc_lowpower_component/src/rtl/lp_hub/lwnoc_lp_hub_3terminal.sv'
Parsing design file '/home/lgzhu/dev/noc_work/lwnoc_network_demo/subs/lwnoc_dti_noc/lwnoc_lowpower_component/src/rtl/lp_hub/lwnoc_lp_hub_tiny_wrapper.sv'
Parsing design file '/home/lgzhu/dev/noc_work/lwnoc_network_demo/subs/lwnoc_dti_noc/lwnoc_lowpower_component/src/rtl/lp_hub/lwnoc_lp_hub_small_wrapper.sv'
Parsing design file '/home/lgzhu/dev/noc_work/lwnoc_network_demo/subs/lwnoc_dti_noc/lwnoc_lowpower_component/src/rtl/lp_hub/lwnoc_lp_hub_large_wrapper.sv'
Parsing design file '/home/lgzhu/dev/noc_work/lwnoc_network_demo/subs/lwnoc_dti_noc/lwnoc_lowpower_component/src/rtl/lp_hub/lwnoc_lp_hub_wrapper.sv'
Parsing design file '/home/lgzhu/dev/noc_work/lwnoc_network_demo/subs/lwnoc_dti_noc/lwnoc_lowpower_component/src/rtl/lp_tniu/lwnoc_lp_tniu_async_bridge.sv'
Parsing design file '/home/lgzhu/dev/noc_work/lwnoc_network_demo/subs/lwnoc_dti_noc/lwnoc_lowpower_component/src/rtl/lp_tniu/lwnoc_lp_tniu_func_tniu.sv'
Parsing design file '/home/lgzhu/dev/noc_work/lwnoc_network_demo/subs/lwnoc_dti_noc/lwnoc_lowpower_component/src/rtl/lp_tniu/lwnoc_lp_tniu_func_iniu.sv'
Parsing design file '/home/lgzhu/dev/noc_work/lwnoc_network_demo/subs/lwnoc_dti_noc/lwnoc_lowpower_component/src/rtl/lp_tniu/lwnoc_lp_tniu_dummy_mst.sv'
Parsing design file '/home/lgzhu/dev/noc_work/lwnoc_network_demo/subs/lwnoc_dti_noc/lwnoc_lowpower_component/src/rtl/lp_tniu/lwnoc_lp_tniu_default_slv.sv'
Parsing design file '/home/lgzhu/dev/noc_work/lwnoc_network_demo/subs/lwnoc_dti_noc/lwnoc_lowpower_component/src/rtl/lp_tniu/lwnoc_lp_tniu_stall_logic.sv'
Parsing design file '/home/lgzhu/dev/noc_work/lwnoc_network_demo/subs/lwnoc_dti_noc/lwnoc_lowpower_component/src/rtl/lp_iniu/lwnoc_lp_pchn_niu.sv'
Parsing design file '/home/lgzhu/dev/noc_work/lwnoc_network_demo/subs/lwnoc_dti_noc/lwnoc_lowpower_component/src/rtl/lp_iniu/lwnoc_lp_iniu.sv'
Parsing design file '/home/lgzhu/dev/noc_work/lwnoc_atb_noc/rtl/common/atb_niu_define.sv'
Parsing design file '/home/lgzhu/dev/noc_work/lwnoc_atb_noc/rtl/common/lw_atb_noc_pack.sv'
Parsing design file '/home/lgzhu/dev/noc_work/lwnoc_atb_noc/rtl/common/trig_ctrl_fsm.sv'
Parsing design file '/home/lgzhu/dev/noc_work/lwnoc_atb_noc/rtl/common/trig_ctrl.sv'
Parsing design file '/home/lgzhu/dev/noc_work/lwnoc_atb_noc/rtl/common/flag_ctrl.sv'
Parsing design file '/home/lgzhu/dev/noc_work/lwnoc_atb_noc/rtl/common/flush_partial_reset.sv'
Parsing design file '/home/lgzhu/dev/noc_work/lwnoc_atb_noc/rtl/common/flush_sync_stall.sv'
Parsing design file '/home/lgzhu/dev/noc_work/lwnoc_atb_noc/rtl/common/trace_data_default_slv.sv'
Parsing design file '/home/lgzhu/dev/noc_work/lwnoc_atb_noc/rtl/common/trace_stall.sv'
Parsing design file '/home/lgzhu/dev/noc_work/lwnoc_atb_noc/rtl/common/atb_niu_unpacker.sv'
Parsing design file '/home/lgzhu/dev/noc_work/lwnoc_atb_noc/rtl/common/atb_niu_packer.sv'
Parsing design file '/home/lgzhu/dev/noc_work/lwnoc_atb_noc/rtl/common/flush_dummy_mst.sv'
Parsing design file '/home/lgzhu/dev/noc_work/lwnoc_atb_noc/rtl/common/flush_default_slv.sv'
Parsing design file '/home/lgzhu/dev/noc_work/lwnoc_atb_noc/rtl/common/niu_atb_slv.sv'
Parsing design file '/home/lgzhu/dev/noc_work/lwnoc_atb_noc/rtl/common/niu_atb_mst.sv'
Parsing design file '/home/lgzhu/dev/noc_work/lwnoc_atb_noc/rtl/atb_iniu_sys.sv'
Parsing design file '/home/lgzhu/dev/noc_work/lwnoc_atb_noc/rtl/atb_iniu_noc.sv'
Parsing design file '/home/lgzhu/dev/noc_work/lwnoc_atb_noc/rtl/atb_tniu_sys.sv'
Parsing design file '/home/lgzhu/dev/noc_work/lwnoc_atb_noc/rtl/atb_tniu_noc.sv'
Parsing design file '/home/lgzhu/dev/noc_work/lwnoc_network_demo/soc_atb_noc/build_logic/dsp_iniu_sys/dsp_ss0_iniu_sys_side.sv'
Parsing design file '/home/lgzhu/dev/noc_work/lwnoc_network_demo/soc_atb_noc/build_logic/dsp_iniu_sys/dsp_ss1_iniu_sys_side.sv'
Parsing design file '/home/lgzhu/dev/noc_work/lwnoc_network_demo/soc_atb_noc/build_logic/dsp_iniu_sys/dsp_ss2_iniu_sys_side.sv'
Parsing design file '/home/lgzhu/dev/noc_work/lwnoc_network_demo/soc_atb_noc/build_logic/dsp_iniu_sys/dsp_ss3_iniu_sys_side.sv'
Parsing design file '/home/lgzhu/dev/noc_work/lwnoc_network_demo/soc_atb_noc/build_logic/dsp_iniu_sys/dsp_ss4_iniu_sys_side.sv'
Parsing design file '/home/lgzhu/dev/noc_work/lwnoc_network_demo/soc_atb_noc/build_logic/dsp_iniu_sys/dsp_ss5_iniu_sys_side.sv'
Parsing design file '/home/lgzhu/dev/noc_work/lwnoc_network_demo/soc_atb_noc/build_logic/dsp_iniu_sys/dsp_ss0_atb_niu_define.sv'
Parsing design file '/home/lgzhu/dev/noc_work/lwnoc_network_demo/soc_atb_noc/build_logic/dsp_iniu_sys/dsp_ss0_lw_atb_noc_pack.sv'
Parsing design file '/home/lgzhu/dev/noc_work/lwnoc_network_demo/soc_atb_noc/build_logic/dsp_iniu_sys/dsp_ss0_trig_ctrl_fsm.sv'
Parsing design file '/home/lgzhu/dev/noc_work/lwnoc_network_demo/soc_atb_noc/build_logic/dsp_iniu_sys/dsp_ss0_trig_ctrl.sv'
Parsing design file '/home/lgzhu/dev/noc_work/lwnoc_network_demo/soc_atb_noc/build_logic/dsp_iniu_sys/dsp_ss0_flag_ctrl.sv'
Parsing design file '/home/lgzhu/dev/noc_work/lwnoc_network_demo/soc_atb_noc/build_logic/dsp_iniu_sys/dsp_ss0_flush_partial_reset.sv'
Parsing design file '/home/lgzhu/dev/noc_work/lwnoc_network_demo/soc_atb_noc/build_logic/dsp_iniu_sys/dsp_ss0_flush_sync_stall.sv'
Parsing design file '/home/lgzhu/dev/noc_work/lwnoc_network_demo/soc_atb_noc/build_logic/dsp_iniu_sys/dsp_ss0_trace_data_default_slv.sv'
Parsing design file '/home/lgzhu/dev/noc_work/lwnoc_network_demo/soc_atb_noc/build_logic/dsp_iniu_sys/dsp_ss0_trace_stall.sv'
Parsing design file '/home/lgzhu/dev/noc_work/lwnoc_network_demo/soc_atb_noc/build_logic/dsp_iniu_sys/dsp_ss0_atb_niu_unpacker.sv'
Parsing design file '/home/lgzhu/dev/noc_work/lwnoc_network_demo/soc_atb_noc/build_logic/dsp_iniu_sys/dsp_ss0_atb_niu_packer.sv'
Parsing design file '/home/lgzhu/dev/noc_work/lwnoc_network_demo/soc_atb_noc/build_logic/dsp_iniu_sys/dsp_ss0_flush_dummy_mst.sv'
Parsing design file '/home/lgzhu/dev/noc_work/lwnoc_network_demo/soc_atb_noc/build_logic/dsp_iniu_sys/dsp_ss0_flush_default_slv.sv'
Parsing design file '/home/lgzhu/dev/noc_work/lwnoc_network_demo/soc_atb_noc/build_logic/dsp_iniu_sys/dsp_ss0_niu_atb_slv.sv'
Parsing design file '/home/lgzhu/dev/noc_work/lwnoc_network_demo/soc_atb_noc/build_logic/dsp_iniu_sys/dsp_ss0_niu_atb_mst.sv'
Parsing design file '/home/lgzhu/dev/noc_work/lwnoc_network_demo/soc_atb_noc/build_logic/dsp_iniu_sys/dsp_ss0_atb_iniu_sys.sv'
Parsing design file '/home/lgzhu/dev/noc_work/lwnoc_network_demo/soc_atb_noc/build_logic/dsp_iniu_sys/dsp_ss1_atb_niu_define.sv'
Parsing design file '/home/lgzhu/dev/noc_work/lwnoc_network_demo/soc_atb_noc/build_logic/dsp_iniu_sys/dsp_ss1_lw_atb_noc_pack.sv'
Parsing design file '/home/lgzhu/dev/noc_work/lwnoc_network_demo/soc_atb_noc/build_logic/dsp_iniu_sys/dsp_ss1_trig_ctrl_fsm.sv'
Parsing design file '/home/lgzhu/dev/noc_work/lwnoc_network_demo/soc_atb_noc/build_logic/dsp_iniu_sys/dsp_ss1_trig_ctrl.sv'
Parsing design file '/home/lgzhu/dev/noc_work/lwnoc_network_demo/soc_atb_noc/build_logic/dsp_iniu_sys/dsp_ss1_flag_ctrl.sv'
Parsing design file '/home/lgzhu/dev/noc_work/lwnoc_network_demo/soc_atb_noc/build_logic/dsp_iniu_sys/dsp_ss1_flush_partial_reset.sv'
Parsing design file '/home/lgzhu/dev/noc_work/lwnoc_network_demo/soc_atb_noc/build_logic/dsp_iniu_sys/dsp_ss1_flush_sync_stall.sv'
Parsing design file '/home/lgzhu/dev/noc_work/lwnoc_network_demo/soc_atb_noc/build_logic/dsp_iniu_sys/dsp_ss1_trace_data_default_slv.sv'
Parsing design file '/home/lgzhu/dev/noc_work/lwnoc_network_demo/soc_atb_noc/build_logic/dsp_iniu_sys/dsp_ss1_trace_stall.sv'
Parsing design file '/home/lgzhu/dev/noc_work/lwnoc_network_demo/soc_atb_noc/build_logic/dsp_iniu_sys/dsp_ss1_atb_niu_unpacker.sv'
Parsing design file '/home/lgzhu/dev/noc_work/lwnoc_network_demo/soc_atb_noc/build_logic/dsp_iniu_sys/dsp_ss1_atb_niu_packer.sv'
Parsing design file '/home/lgzhu/dev/noc_work/lwnoc_network_demo/soc_atb_noc/build_logic/dsp_iniu_sys/dsp_ss1_flush_dummy_mst.sv'
Parsing design file '/home/lgzhu/dev/noc_work/lwnoc_network_demo/soc_atb_noc/build_logic/dsp_iniu_sys/dsp_ss1_flush_default_slv.sv'
Parsing design file '/home/lgzhu/dev/noc_work/lwnoc_network_demo/soc_atb_noc/build_logic/dsp_iniu_sys/dsp_ss1_niu_atb_slv.sv'
Parsing design file '/home/lgzhu/dev/noc_work/lwnoc_network_demo/soc_atb_noc/build_logic/dsp_iniu_sys/dsp_ss1_niu_atb_mst.sv'
Parsing design file '/home/lgzhu/dev/noc_work/lwnoc_network_demo/soc_atb_noc/build_logic/dsp_iniu_sys/dsp_ss1_atb_iniu_sys.sv'
Parsing design file '/home/lgzhu/dev/noc_work/lwnoc_network_demo/soc_atb_noc/build_logic/dsp_iniu_sys/dsp_ss2_atb_niu_define.sv'
Parsing design file '/home/lgzhu/dev/noc_work/lwnoc_network_demo/soc_atb_noc/build_logic/dsp_iniu_sys/dsp_ss2_lw_atb_noc_pack.sv'
Parsing design file '/home/lgzhu/dev/noc_work/lwnoc_network_demo/soc_atb_noc/build_logic/dsp_iniu_sys/dsp_ss2_trig_ctrl_fsm.sv'
Parsing design file '/home/lgzhu/dev/noc_work/lwnoc_network_demo/soc_atb_noc/build_logic/dsp_iniu_sys/dsp_ss2_trig_ctrl.sv'
Parsing design file '/home/lgzhu/dev/noc_work/lwnoc_network_demo/soc_atb_noc/build_logic/dsp_iniu_sys/dsp_ss2_flag_ctrl.sv'
Parsing design file '/home/lgzhu/dev/noc_work/lwnoc_network_demo/soc_atb_noc/build_logic/dsp_iniu_sys/dsp_ss2_flush_partial_reset.sv'
Parsing design file '/home/lgzhu/dev/noc_work/lwnoc_network_demo/soc_atb_noc/build_logic/dsp_iniu_sys/dsp_ss2_flush_sync_stall.sv'
Parsing design file '/home/lgzhu/dev/noc_work/lwnoc_network_demo/soc_atb_noc/build_logic/dsp_iniu_sys/dsp_ss2_trace_data_default_slv.sv'
Parsing design file '/home/lgzhu/dev/noc_work/lwnoc_network_demo/soc_atb_noc/build_logic/dsp_iniu_sys/dsp_ss2_trace_stall.sv'
Parsing design file '/home/lgzhu/dev/noc_work/lwnoc_network_demo/soc_atb_noc/build_logic/dsp_iniu_sys/dsp_ss2_atb_niu_unpacker.sv'
Parsing design file '/home/lgzhu/dev/noc_work/lwnoc_network_demo/soc_atb_noc/build_logic/dsp_iniu_sys/dsp_ss2_atb_niu_packer.sv'
Parsing design file '/home/lgzhu/dev/noc_work/lwnoc_network_demo/soc_atb_noc/build_logic/dsp_iniu_sys/dsp_ss2_flush_dummy_mst.sv'
Parsing design file '/home/lgzhu/dev/noc_work/lwnoc_network_demo/soc_atb_noc/build_logic/dsp_iniu_sys/dsp_ss2_flush_default_slv.sv'
Parsing design file '/home/lgzhu/dev/noc_work/lwnoc_network_demo/soc_atb_noc/build_logic/dsp_iniu_sys/dsp_ss2_niu_atb_slv.sv'
Parsing design file '/home/lgzhu/dev/noc_work/lwnoc_network_demo/soc_atb_noc/build_logic/dsp_iniu_sys/dsp_ss2_niu_atb_mst.sv'
Parsing design file '/home/lgzhu/dev/noc_work/lwnoc_network_demo/soc_atb_noc/build_logic/dsp_iniu_sys/dsp_ss2_atb_iniu_sys.sv'
Parsing design file '/home/lgzhu/dev/noc_work/lwnoc_network_demo/soc_atb_noc/build_logic/dsp_iniu_sys/dsp_ss3_atb_niu_define.sv'
Parsing design file '/home/lgzhu/dev/noc_work/lwnoc_network_demo/soc_atb_noc/build_logic/dsp_iniu_sys/dsp_ss3_lw_atb_noc_pack.sv'
Parsing design file '/home/lgzhu/dev/noc_work/lwnoc_network_demo/soc_atb_noc/build_logic/dsp_iniu_sys/dsp_ss3_trig_ctrl_fsm.sv'
Parsing design file '/home/lgzhu/dev/noc_work/lwnoc_network_demo/soc_atb_noc/build_logic/dsp_iniu_sys/dsp_ss3_trig_ctrl.sv'
Parsing design file '/home/lgzhu/dev/noc_work/lwnoc_network_demo/soc_atb_noc/build_logic/dsp_iniu_sys/dsp_ss3_flag_ctrl.sv'
Parsing design file '/home/lgzhu/dev/noc_work/lwnoc_network_demo/soc_atb_noc/build_logic/dsp_iniu_sys/dsp_ss3_flush_partial_reset.sv'
Parsing design file '/home/lgzhu/dev/noc_work/lwnoc_network_demo/soc_atb_noc/build_logic/dsp_iniu_sys/dsp_ss3_flush_sync_stall.sv'
Parsing design file '/home/lgzhu/dev/noc_work/lwnoc_network_demo/soc_atb_noc/build_logic/dsp_iniu_sys/dsp_ss3_trace_data_default_slv.sv'
Parsing design file '/home/lgzhu/dev/noc_work/lwnoc_network_demo/soc_atb_noc/build_logic/dsp_iniu_sys/dsp_ss3_trace_stall.sv'
Parsing design file '/home/lgzhu/dev/noc_work/lwnoc_network_demo/soc_atb_noc/build_logic/dsp_iniu_sys/dsp_ss3_atb_niu_unpacker.sv'
Parsing design file '/home/lgzhu/dev/noc_work/lwnoc_network_demo/soc_atb_noc/build_logic/dsp_iniu_sys/dsp_ss3_atb_niu_packer.sv'
Parsing design file '/home/lgzhu/dev/noc_work/lwnoc_network_demo/soc_atb_noc/build_logic/dsp_iniu_sys/dsp_ss3_flush_dummy_mst.sv'
Parsing design file '/home/lgzhu/dev/noc_work/lwnoc_network_demo/soc_atb_noc/build_logic/dsp_iniu_sys/dsp_ss3_flush_default_slv.sv'
Parsing design file '/home/lgzhu/dev/noc_work/lwnoc_network_demo/soc_atb_noc/build_logic/dsp_iniu_sys/dsp_ss3_niu_atb_slv.sv'
Parsing design file '/home/lgzhu/dev/noc_work/lwnoc_network_demo/soc_atb_noc/build_logic/dsp_iniu_sys/dsp_ss3_niu_atb_mst.sv'
Parsing design file '/home/lgzhu/dev/noc_work/lwnoc_network_demo/soc_atb_noc/build_logic/dsp_iniu_sys/dsp_ss3_atb_iniu_sys.sv'
Parsing design file '/home/lgzhu/dev/noc_work/lwnoc_network_demo/soc_atb_noc/build_logic/dsp_iniu_sys/dsp_ss4_atb_niu_define.sv'
Parsing design file '/home/lgzhu/dev/noc_work/lwnoc_network_demo/soc_atb_noc/build_logic/dsp_iniu_sys/dsp_ss4_lw_atb_noc_pack.sv'
Parsing design file '/home/lgzhu/dev/noc_work/lwnoc_network_demo/soc_atb_noc/build_logic/dsp_iniu_sys/dsp_ss4_trig_ctrl_fsm.sv'
Parsing design file '/home/lgzhu/dev/noc_work/lwnoc_network_demo/soc_atb_noc/build_logic/dsp_iniu_sys/dsp_ss4_trig_ctrl.sv'
Parsing design file '/home/lgzhu/dev/noc_work/lwnoc_network_demo/soc_atb_noc/build_logic/dsp_iniu_sys/dsp_ss4_flag_ctrl.sv'
Parsing design file '/home/lgzhu/dev/noc_work/lwnoc_network_demo/soc_atb_noc/build_logic/dsp_iniu_sys/dsp_ss4_flush_partial_reset.sv'
Parsing design file '/home/lgzhu/dev/noc_work/lwnoc_network_demo/soc_atb_noc/build_logic/dsp_iniu_sys/dsp_ss4_flush_sync_stall.sv'
Parsing design file '/home/lgzhu/dev/noc_work/lwnoc_network_demo/soc_atb_noc/build_logic/dsp_iniu_sys/dsp_ss4_trace_data_default_slv.sv'
Parsing design file '/home/lgzhu/dev/noc_work/lwnoc_network_demo/soc_atb_noc/build_logic/dsp_iniu_sys/dsp_ss4_trace_stall.sv'
Parsing design file '/home/lgzhu/dev/noc_work/lwnoc_network_demo/soc_atb_noc/build_logic/dsp_iniu_sys/dsp_ss4_atb_niu_unpacker.sv'
Parsing design file '/home/lgzhu/dev/noc_work/lwnoc_network_demo/soc_atb_noc/build_logic/dsp_iniu_sys/dsp_ss4_atb_niu_packer.sv'
Parsing design file '/home/lgzhu/dev/noc_work/lwnoc_network_demo/soc_atb_noc/build_logic/dsp_iniu_sys/dsp_ss4_flush_dummy_mst.sv'
Parsing design file '/home/lgzhu/dev/noc_work/lwnoc_network_demo/soc_atb_noc/build_logic/dsp_iniu_sys/dsp_ss4_flush_default_slv.sv'
Parsing design file '/home/lgzhu/dev/noc_work/lwnoc_network_demo/soc_atb_noc/build_logic/dsp_iniu_sys/dsp_ss4_niu_atb_slv.sv'
Parsing design file '/home/lgzhu/dev/noc_work/lwnoc_network_demo/soc_atb_noc/build_logic/dsp_iniu_sys/dsp_ss4_niu_atb_mst.sv'
Parsing design file '/home/lgzhu/dev/noc_work/lwnoc_network_demo/soc_atb_noc/build_logic/dsp_iniu_sys/dsp_ss4_atb_iniu_sys.sv'
Parsing design file '/home/lgzhu/dev/noc_work/lwnoc_network_demo/soc_atb_noc/build_logic/dsp_iniu_sys/dsp_ss5_atb_niu_define.sv'
Parsing design file '/home/lgzhu/dev/noc_work/lwnoc_network_demo/soc_atb_noc/build_logic/dsp_iniu_sys/dsp_ss5_lw_atb_noc_pack.sv'
Parsing design file '/home/lgzhu/dev/noc_work/lwnoc_network_demo/soc_atb_noc/build_logic/dsp_iniu_sys/dsp_ss5_trig_ctrl_fsm.sv'
Parsing design file '/home/lgzhu/dev/noc_work/lwnoc_network_demo/soc_atb_noc/build_logic/dsp_iniu_sys/dsp_ss5_trig_ctrl.sv'
Parsing design file '/home/lgzhu/dev/noc_work/lwnoc_network_demo/soc_atb_noc/build_logic/dsp_iniu_sys/dsp_ss5_flag_ctrl.sv'
Parsing design file '/home/lgzhu/dev/noc_work/lwnoc_network_demo/soc_atb_noc/build_logic/dsp_iniu_sys/dsp_ss5_flush_partial_reset.sv'
Parsing design file '/home/lgzhu/dev/noc_work/lwnoc_network_demo/soc_atb_noc/build_logic/dsp_iniu_sys/dsp_ss5_flush_sync_stall.sv'
Parsing design file '/home/lgzhu/dev/noc_work/lwnoc_network_demo/soc_atb_noc/build_logic/dsp_iniu_sys/dsp_ss5_trace_data_default_slv.sv'
Parsing design file '/home/lgzhu/dev/noc_work/lwnoc_network_demo/soc_atb_noc/build_logic/dsp_iniu_sys/dsp_ss5_trace_stall.sv'
Parsing design file '/home/lgzhu/dev/noc_work/lwnoc_network_demo/soc_atb_noc/build_logic/dsp_iniu_sys/dsp_ss5_atb_niu_unpacker.sv'
Parsing design file '/home/lgzhu/dev/noc_work/lwnoc_network_demo/soc_atb_noc/build_logic/dsp_iniu_sys/dsp_ss5_atb_niu_packer.sv'
Parsing design file '/home/lgzhu/dev/noc_work/lwnoc_network_demo/soc_atb_noc/build_logic/dsp_iniu_sys/dsp_ss5_flush_dummy_mst.sv'
Parsing design file '/home/lgzhu/dev/noc_work/lwnoc_network_demo/soc_atb_noc/build_logic/dsp_iniu_sys/dsp_ss5_flush_default_slv.sv'
Parsing design file '/home/lgzhu/dev/noc_work/lwnoc_network_demo/soc_atb_noc/build_logic/dsp_iniu_sys/dsp_ss5_niu_atb_slv.sv'
Parsing design file '/home/lgzhu/dev/noc_work/lwnoc_network_demo/soc_atb_noc/build_logic/dsp_iniu_sys/dsp_ss5_niu_atb_mst.sv'
Parsing design file '/home/lgzhu/dev/noc_work/lwnoc_network_demo/soc_atb_noc/build_logic/dsp_iniu_sys/dsp_ss5_atb_iniu_sys.sv'
Parsing design file '/home/lgzhu/dev/noc_work/lwnoc_network_demo/soc_atb_noc/build_logic/camera_ss_iniu_sys/camera_ss_iniu_sys_side.sv'
Parsing design file '/home/lgzhu/dev/noc_work/lwnoc_network_demo/soc_atb_noc/build_logic/camera_ss_iniu_sys/camera_ss_atb_niu_define.sv'
Parsing design file '/home/lgzhu/dev/noc_work/lwnoc_network_demo/soc_atb_noc/build_logic/camera_ss_iniu_sys/camera_ss_lw_atb_noc_pack.sv'
Parsing design file '/home/lgzhu/dev/noc_work/lwnoc_network_demo/soc_atb_noc/build_logic/camera_ss_iniu_sys/camera_ss_trig_ctrl_fsm.sv'
Parsing design file '/home/lgzhu/dev/noc_work/lwnoc_network_demo/soc_atb_noc/build_logic/camera_ss_iniu_sys/camera_ss_trig_ctrl.sv'
Parsing design file '/home/lgzhu/dev/noc_work/lwnoc_network_demo/soc_atb_noc/build_logic/camera_ss_iniu_sys/camera_ss_flag_ctrl.sv'
Parsing design file '/home/lgzhu/dev/noc_work/lwnoc_network_demo/soc_atb_noc/build_logic/camera_ss_iniu_sys/camera_ss_flush_partial_reset.sv'
Parsing design file '/home/lgzhu/dev/noc_work/lwnoc_network_demo/soc_atb_noc/build_logic/camera_ss_iniu_sys/camera_ss_flush_sync_stall.sv'
Parsing design file '/home/lgzhu/dev/noc_work/lwnoc_network_demo/soc_atb_noc/build_logic/camera_ss_iniu_sys/camera_ss_trace_data_default_slv.sv'
Parsing design file '/home/lgzhu/dev/noc_work/lwnoc_network_demo/soc_atb_noc/build_logic/camera_ss_iniu_sys/camera_ss_trace_stall.sv'
Parsing design file '/home/lgzhu/dev/noc_work/lwnoc_network_demo/soc_atb_noc/build_logic/camera_ss_iniu_sys/camera_ss_atb_niu_unpacker.sv'
Parsing design file '/home/lgzhu/dev/noc_work/lwnoc_network_demo/soc_atb_noc/build_logic/camera_ss_iniu_sys/camera_ss_atb_niu_packer.sv'
Parsing design file '/home/lgzhu/dev/noc_work/lwnoc_network_demo/soc_atb_noc/build_logic/camera_ss_iniu_sys/camera_ss_flush_dummy_mst.sv'
Parsing design file '/home/lgzhu/dev/noc_work/lwnoc_network_demo/soc_atb_noc/build_logic/camera_ss_iniu_sys/camera_ss_flush_default_slv.sv'
Parsing design file '/home/lgzhu/dev/noc_work/lwnoc_network_demo/soc_atb_noc/build_logic/camera_ss_iniu_sys/camera_ss_niu_atb_slv.sv'
Parsing design file '/home/lgzhu/dev/noc_work/lwnoc_network_demo/soc_atb_noc/build_logic/camera_ss_iniu_sys/camera_ss_niu_atb_mst.sv'
Parsing design file '/home/lgzhu/dev/noc_work/lwnoc_network_demo/soc_atb_noc/build_logic/camera_ss_iniu_sys/camera_ss_atb_iniu_sys.sv'
Parsing design file '/home/lgzhu/dev/noc_work/lwnoc_network_demo/soc_atb_noc/build_logic/mipi_ss_iniu_sys/mipi_ss_iniu_sys_side.sv'
Parsing design file '/home/lgzhu/dev/noc_work/lwnoc_network_demo/soc_atb_noc/build_logic/mipi_ss_iniu_sys/mipi_ss_atb_niu_define.sv'
Parsing design file '/home/lgzhu/dev/noc_work/lwnoc_network_demo/soc_atb_noc/build_logic/mipi_ss_iniu_sys/mipi_ss_lw_atb_noc_pack.sv'
Parsing design file '/home/lgzhu/dev/noc_work/lwnoc_network_demo/soc_atb_noc/build_logic/mipi_ss_iniu_sys/mipi_ss_trig_ctrl_fsm.sv'
Parsing design file '/home/lgzhu/dev/noc_work/lwnoc_network_demo/soc_atb_noc/build_logic/mipi_ss_iniu_sys/mipi_ss_trig_ctrl.sv'
Parsing design file '/home/lgzhu/dev/noc_work/lwnoc_network_demo/soc_atb_noc/build_logic/mipi_ss_iniu_sys/mipi_ss_flag_ctrl.sv'
Parsing design file '/home/lgzhu/dev/noc_work/lwnoc_network_demo/soc_atb_noc/build_logic/mipi_ss_iniu_sys/mipi_ss_flush_partial_reset.sv'
Parsing design file '/home/lgzhu/dev/noc_work/lwnoc_network_demo/soc_atb_noc/build_logic/mipi_ss_iniu_sys/mipi_ss_flush_sync_stall.sv'
Parsing design file '/home/lgzhu/dev/noc_work/lwnoc_network_demo/soc_atb_noc/build_logic/mipi_ss_iniu_sys/mipi_ss_trace_data_default_slv.sv'
Parsing design file '/home/lgzhu/dev/noc_work/lwnoc_network_demo/soc_atb_noc/build_logic/mipi_ss_iniu_sys/mipi_ss_trace_stall.sv'
Parsing design file '/home/lgzhu/dev/noc_work/lwnoc_network_demo/soc_atb_noc/build_logic/mipi_ss_iniu_sys/mipi_ss_atb_niu_unpacker.sv'
Parsing design file '/home/lgzhu/dev/noc_work/lwnoc_network_demo/soc_atb_noc/build_logic/mipi_ss_iniu_sys/mipi_ss_atb_niu_packer.sv'
Parsing design file '/home/lgzhu/dev/noc_work/lwnoc_network_demo/soc_atb_noc/build_logic/mipi_ss_iniu_sys/mipi_ss_flush_dummy_mst.sv'
Parsing design file '/home/lgzhu/dev/noc_work/lwnoc_network_demo/soc_atb_noc/build_logic/mipi_ss_iniu_sys/mipi_ss_flush_default_slv.sv'
Parsing design file '/home/lgzhu/dev/noc_work/lwnoc_network_demo/soc_atb_noc/build_logic/mipi_ss_iniu_sys/mipi_ss_niu_atb_slv.sv'
Parsing design file '/home/lgzhu/dev/noc_work/lwnoc_network_demo/soc_atb_noc/build_logic/mipi_ss_iniu_sys/mipi_ss_niu_atb_mst.sv'
Parsing design file '/home/lgzhu/dev/noc_work/lwnoc_network_demo/soc_atb_noc/build_logic/mipi_ss_iniu_sys/mipi_ss_atb_iniu_sys.sv'
Parsing design file '/home/lgzhu/dev/noc_work/lwnoc_network_demo/soc_atb_noc/build_logic/debug_tniu_ss_tniu_sys/debug_tniu_ss_atb_niu_define.sv'
Parsing design file '/home/lgzhu/dev/noc_work/lwnoc_network_demo/soc_atb_noc/build_logic/debug_tniu_ss_tniu_sys/debug_tniu_ss_lw_atb_noc_pack.sv'
Parsing design file '/home/lgzhu/dev/noc_work/lwnoc_network_demo/soc_atb_noc/build_logic/debug_tniu_ss_tniu_sys/debug_tniu_ss_trig_ctrl_fsm.sv'
Parsing design file '/home/lgzhu/dev/noc_work/lwnoc_network_demo/soc_atb_noc/build_logic/debug_tniu_ss_tniu_sys/debug_tniu_ss_trig_ctrl.sv'
Parsing design file '/home/lgzhu/dev/noc_work/lwnoc_network_demo/soc_atb_noc/build_logic/debug_tniu_ss_tniu_sys/debug_tniu_ss_flag_ctrl.sv'
Parsing design file '/home/lgzhu/dev/noc_work/lwnoc_network_demo/soc_atb_noc/build_logic/debug_tniu_ss_tniu_sys/debug_tniu_ss_flush_partial_reset.sv'
Parsing design file '/home/lgzhu/dev/noc_work/lwnoc_network_demo/soc_atb_noc/build_logic/debug_tniu_ss_tniu_sys/debug_tniu_ss_flush_sync_stall.sv'
Parsing design file '/home/lgzhu/dev/noc_work/lwnoc_network_demo/soc_atb_noc/build_logic/debug_tniu_ss_tniu_sys/debug_tniu_ss_trace_data_default_slv.sv'
Parsing design file '/home/lgzhu/dev/noc_work/lwnoc_network_demo/soc_atb_noc/build_logic/debug_tniu_ss_tniu_sys/debug_tniu_ss_trace_stall.sv'
Parsing design file '/home/lgzhu/dev/noc_work/lwnoc_network_demo/soc_atb_noc/build_logic/debug_tniu_ss_tniu_sys/debug_tniu_ss_atb_niu_unpacker.sv'
Parsing design file '/home/lgzhu/dev/noc_work/lwnoc_network_demo/soc_atb_noc/build_logic/debug_tniu_ss_tniu_sys/debug_tniu_ss_atb_niu_packer.sv'
Parsing design file '/home/lgzhu/dev/noc_work/lwnoc_network_demo/soc_atb_noc/build_logic/debug_tniu_ss_tniu_sys/debug_tniu_ss_flush_dummy_mst.sv'
Parsing design file '/home/lgzhu/dev/noc_work/lwnoc_network_demo/soc_atb_noc/build_logic/debug_tniu_ss_tniu_sys/debug_tniu_ss_flush_default_slv.sv'
Parsing design file '/home/lgzhu/dev/noc_work/lwnoc_network_demo/soc_atb_noc/build_logic/debug_tniu_ss_tniu_sys/debug_tniu_ss_niu_atb_slv.sv'
Parsing design file '/home/lgzhu/dev/noc_work/lwnoc_network_demo/soc_atb_noc/build_logic/debug_tniu_ss_tniu_sys/debug_tniu_ss_niu_atb_mst.sv'
Parsing design file '/home/lgzhu/dev/noc_work/lwnoc_network_demo/soc_atb_noc/build_logic/debug_tniu_ss_tniu_sys/debug_tniu_ss_atb_tniu_sys.sv'
Parsing design file '/home/lgzhu/dev/noc_work/lwnoc_network_demo/soc_atb_noc/build_logic/atb_soc_topo/atb_network_compat.sv'
Parsing design file '/home/lgzhu/dev/noc_work/lwnoc_atb_noc/rtl/network/atb_if.sv'
Parsing design file '/home/lgzhu/dev/noc_work/lwnoc_atb_noc/rtl/network/atb_funnel_reg_blk.sv'
Parsing design file '/home/lgzhu/dev/noc_work/lwnoc_atb_noc/rtl/network/atb_funnel_arbiter.sv'
Parsing design file '/home/lgzhu/dev/noc_work/lwnoc_atb_noc/rtl/network/atb_funnel.sv'
Parsing design file '/home/lgzhu/dev/noc_work/lwnoc_atb_noc/rtl/network/network_atb_slv.sv'
Parsing design file '/home/lgzhu/dev/noc_work/lwnoc_atb_noc/rtl/network/network_atb_mst.sv'
Parsing design file '/home/lgzhu/dev/noc_work/lwnoc_atb_noc/rtl/network/atb_async_bridge_top.sv'
Parsing design file '/home/lgzhu/dev/noc_work/lwnoc_network_demo/soc_atb_noc/build_logic/atb_soc_topo/atb_network_layer.v'
Parsing design file '/home/lgzhu/dev/noc_work/lwnoc_network_demo/soc_atb_noc/build_logic/atb_soc_topo/dsp_ss0_atb_iniu_noc.sv'
Parsing design file '/home/lgzhu/dev/noc_work/lwnoc_network_demo/soc_atb_noc/build_logic/atb_soc_topo/dsp_ss1_atb_iniu_noc.sv'
Parsing design file '/home/lgzhu/dev/noc_work/lwnoc_network_demo/soc_atb_noc/build_logic/atb_soc_topo/dsp_ss2_atb_iniu_noc.sv'
Parsing design file '/home/lgzhu/dev/noc_work/lwnoc_network_demo/soc_atb_noc/build_logic/atb_soc_topo/dsp_ss3_atb_iniu_noc.sv'
Parsing design file '/home/lgzhu/dev/noc_work/lwnoc_network_demo/soc_atb_noc/build_logic/atb_soc_topo/dsp_ss4_atb_iniu_noc.sv'
Parsing design file '/home/lgzhu/dev/noc_work/lwnoc_network_demo/soc_atb_noc/build_logic/atb_soc_topo/dsp_ss5_atb_iniu_noc.sv'
Parsing design file '/home/lgzhu/dev/noc_work/lwnoc_network_demo/soc_atb_noc/build_logic/atb_soc_topo/camera_ss_atb_iniu_noc.sv'
Parsing design file '/home/lgzhu/dev/noc_work/lwnoc_network_demo/soc_atb_noc/build_logic/atb_soc_topo/mipi_ss_atb_iniu_noc.sv'
Parsing design file '/home/lgzhu/dev/noc_work/lwnoc_network_demo/soc_atb_noc/build_logic/atb_soc_topo/debug_tniu_ss_atb_tniu_noc.sv'
Parsing design file '/home/lgzhu/dev/noc_work/lwnoc_network_demo/soc_atb_noc/build_logic/atb_soc_topo/debug_tniu_ss_tniu_noc_side.v'
Parsing design file '/home/lgzhu/dev/noc_work/lwnoc_network_demo/soc_atb_noc/build_logic/atb_soc_topo/atb_soc_topo.v'
Top Level Modules:
       atb_soc_topo
TimeScale is 1 ns / 1 ps
Starting vcs inline pass...

43 unique modules to generate
43 modules and 0 UDP read. 
	However, due to incremental compilation, only 10 modules need to be compiled. 
recompiling module dsp_ss3_iniu_sys_side
recompiling module dsp_ss4_iniu_sys_side
recompiling module dsp_ss5_iniu_sys_side
recompiling module camera_ss_iniu_sys_side
recompiling module mipi_ss_iniu_sys_side
recompiling module atb_if
recompiling module atb_funnel
recompiling module atb_async_bridge_top
recompiling module debug_tniu_ss_tniu_noc_side
recompiling module atb_soc_topo
All of 10 modules done
rm -f _csrc*.so pre_vcsobj_*.so share_vcsobj_*.so
ld -shared  -o .//../simv.daidir//_csrc0.so objs/amcQw_d.o 
rm -f _csrc0.so
if [ -x ../simv ]; then chmod -x ../simv; fi
g++-4.8  -o ../simv   -Wl,-rpath-link=./ -Wl,-rpath='$ORIGIN'/simv.daidir/ -Wl,-rpath=./simv.daidir/ \
-Wl,-rpath='$ORIGIN'/simv.daidir//scsim.db.dir  -L/usr/lib/x86_64-linux-gnu -L/lib/x86_64-linux-gnu \
-Wl,--no-as-needed -Wl,--no-as-needed -no-pie -rdynamic   amcQwB.o  _806756_archive_1.so \
_prev_archive_1.so _csrc0.so  SIM_l.o  _csrc0.so     rmapats_mop.o rmapats.o rmar.o \
rmar_llvm_0_1.o rmar_llvm_0_0.o          /home/lgzhu/software/vcs2016/linux64/lib/libzerosoft_rt_stubs.so \
/home/lgzhu/software/vcs2016/linux64/lib/libvirsim.so /home/lgzhu/software/vcs2016/linux64/lib/liberrorinf.so \
/home/lgzhu/software/vcs2016/linux64/lib/libsnpsmalloc.so    /home/lgzhu/software/vcs2016/linux64/lib/libvcsnew.so \
/home/lgzhu/software/vcs2016/linux64/lib/libsimprofile.so /home/lgzhu/software/vcs2016/linux64/lib/libuclinative.so \
-Wl,-whole-archive /home/lgzhu/software/vcs2016/linux64/lib/libvcsucli.so -Wl,-no-whole-archive \
/home/lgzhu/software/vcs2016/linux64/lib/vcs_save_restore_new.o -ldl  -lc -lm -lpthread \
-ldl 
g++-4.8: error: unrecognized command line option '-no-pie'
make: *** [Makefile:105: product_timestamp] Error 1
Make exited with status 2
CPU time: 2.146 seconds to compile + .138 seconds to elab + .125 seconds to link
