
Warning-[LINX_KRNL] Unsupported Linux kernel
  Linux kernel '5.15.133.1-microsoft-standard-WSL2' is not supported.
  Supported versions are 2.4* or 2.6*.

*** Using c compiler gcc-4.8 instead of cc ...

Error-[P1ARGS-CANTOPN-F] Cannot open file
  Unable to open '$INTR_NOC_DEMO_DIR/filelist/intr_common_dep.f' due to 'No 
  such file or directory'.
  Please fix the reason mentioned above and continue.

CPU time: .483 seconds to compile
Command exited with non-zero status 255
	Command being timed: "/home/lgzhu/software/vcs2016/bin/vcs -full64 -cpp g++-4.8 -cc gcc-4.8 -LDFLAGS -Wl,--no-as-needed -sverilog -timescale=1ns/1ps +v2k +notimingcheck +lint=TFIPC-L +error+OPD -f ../build_logic/soc_intr_noc_wrap/filelist.f tb_soc_intr_noc_sanity.sv -top tb_soc_intr_noc_sanity -Mdir=build_probe/csrc -o build_probe/simv -l build_probe/compile.log"
	User time (seconds): 0.98
	System time (seconds): 0.20
	Percent of CPU this job got: 86%
	Elapsed (wall clock) time (h:mm:ss or m:ss): 0:01.37
	Average shared text size (kbytes): 0
	Average unshared data size (kbytes): 0
	Average stack size (kbytes): 0
	Average total size (kbytes): 0
	Maximum resident set size (kbytes): 52792
	Average resident set size (kbytes): 0
	Major (requiring I/O) page faults: 12
	Minor (reclaiming a frame) page faults: 122470
	Voluntary context switches: 1377
	Involuntary context switches: 398
	Swaps: 0
	File system inputs: 1272
	File system outputs: 64
	Socket messages sent: 0
	Socket messages received: 0
	Signals delivered: 0
	Page size (bytes): 4096
	Exit status: 255
