#! /usr/bin/vvp
:ivl_version "11.0 (stable)";
:ivl_delay_selection "TYPICAL";
:vpi_time_precision + 0;
:vpi_module "/usr/lib/x86_64-linux-gnu/ivl/system.vpi";
:vpi_module "/usr/lib/x86_64-linux-gnu/ivl/vhdl_sys.vpi";
:vpi_module "/usr/lib/x86_64-linux-gnu/ivl/vhdl_textio.vpi";
:vpi_module "/usr/lib/x86_64-linux-gnu/ivl/v2005_math.vpi";
:vpi_module "/usr/lib/x86_64-linux-gnu/ivl/va_math.vpi";
:vpi_module "/usr/lib/x86_64-linux-gnu/ivl/v2009.vpi";
S_0x55d7b875e0d0 .scope package, "$unit" "$unit" 2 1;
 .timescale 0 0;
S_0x55d7b875ffb0 .scope module, "atb_soc_topo" "atb_soc_topo" 3 3;
 .timescale 0 0;
    .port_info 0 /INPUT 1 "clk_core";
    .port_info 1 /INPUT 1 "rst_n";
    .port_info 2 /INPUT 1 "dsp_ss0_valid";
    .port_info 3 /INPUT 128 "dsp_ss0_data";
    .port_info 4 /INPUT 1 "dsp_ss1_valid";
    .port_info 5 /INPUT 128 "dsp_ss1_data";
    .port_info 6 /INPUT 1 "dsp_ss2_valid";
    .port_info 7 /INPUT 128 "dsp_ss2_data";
    .port_info 8 /INPUT 1 "dsp_ss3_valid";
    .port_info 9 /INPUT 128 "dsp_ss3_data";
    .port_info 10 /INPUT 1 "dsp_ss4_valid";
    .port_info 11 /INPUT 128 "dsp_ss4_data";
    .port_info 12 /INPUT 1 "dsp_ss5_valid";
    .port_info 13 /INPUT 128 "dsp_ss5_data";
    .port_info 14 /INPUT 1 "camera_ss_valid";
    .port_info 15 /INPUT 128 "camera_ss_data";
    .port_info 16 /INPUT 1 "mipi_ss_valid";
    .port_info 17 /INPUT 32 "mipi_ss_data";
    .port_info 18 /OUTPUT 1 "debug_tniu_ss_valid";
    .port_info 19 /OUTPUT 128 "debug_tniu_ss_data";
o0x7f683e632c68 .functor BUFZ 1, C4<z>; HiZ drive
L_0x55d7b8792090 .functor BUFZ 1, o0x7f683e632c68, C4<0>, C4<0>, C4<0>;
o0x7f683e632c38 .functor BUFZ 128, C4<zzzzzzzzzzzzzzzzzzzzzzzzzzzzzzzzzzzzzzzzzzzzzzzzzzzzzzzzzzzzzzzzzzzzzzzzzzzzzzzzzzzzzzzzzzzzzzzzzzzzzzzzzzzzzzzzzzzzzzzzzzzzzzzz>; HiZ drive
L_0x55d7b8792170 .functor BUFZ 128, o0x7f683e632c38, C4<00000000000000000000000000000000000000000000000000000000000000000000000000000000000000000000000000000000000000000000000000000000>, C4<00000000000000000000000000000000000000000000000000000000000000000000000000000000000000000000000000000000000000000000000000000000>, C4<00000000000000000000000000000000000000000000000000000000000000000000000000000000000000000000000000000000000000000000000000000000>;
o0x7f683e632cc8 .functor BUFZ 1, C4<z>; HiZ drive
L_0x55d7b8792250 .functor BUFZ 1, o0x7f683e632cc8, C4<0>, C4<0>, C4<0>;
o0x7f683e632c98 .functor BUFZ 128, C4<zzzzzzzzzzzzzzzzzzzzzzzzzzzzzzzzzzzzzzzzzzzzzzzzzzzzzzzzzzzzzzzzzzzzzzzzzzzzzzzzzzzzzzzzzzzzzzzzzzzzzzzzzzzzzzzzzzzzzzzzzzzzzzzz>; HiZ drive
L_0x55d7b8792310 .functor BUFZ 128, o0x7f683e632c98, C4<00000000000000000000000000000000000000000000000000000000000000000000000000000000000000000000000000000000000000000000000000000000>, C4<00000000000000000000000000000000000000000000000000000000000000000000000000000000000000000000000000000000000000000000000000000000>, C4<00000000000000000000000000000000000000000000000000000000000000000000000000000000000000000000000000000000000000000000000000000000>;
o0x7f683e632d28 .functor BUFZ 1, C4<z>; HiZ drive
L_0x55d7b87923d0 .functor BUFZ 1, o0x7f683e632d28, C4<0>, C4<0>, C4<0>;
o0x7f683e632cf8 .functor BUFZ 128, C4<zzzzzzzzzzzzzzzzzzzzzzzzzzzzzzzzzzzzzzzzzzzzzzzzzzzzzzzzzzzzzzzzzzzzzzzzzzzzzzzzzzzzzzzzzzzzzzzzzzzzzzzzzzzzzzzzzzzzzzzzzzzzzzzz>; HiZ drive
L_0x55d7b8792490 .functor BUFZ 128, o0x7f683e632cf8, C4<00000000000000000000000000000000000000000000000000000000000000000000000000000000000000000000000000000000000000000000000000000000>, C4<00000000000000000000000000000000000000000000000000000000000000000000000000000000000000000000000000000000000000000000000000000000>, C4<00000000000000000000000000000000000000000000000000000000000000000000000000000000000000000000000000000000000000000000000000000000>;
o0x7f683e632d88 .functor BUFZ 1, C4<z>; HiZ drive
L_0x55d7b8792590 .functor BUFZ 1, o0x7f683e632d88, C4<0>, C4<0>, C4<0>;
o0x7f683e632d58 .functor BUFZ 128, C4<zzzzzzzzzzzzzzzzzzzzzzzzzzzzzzzzzzzzzzzzzzzzzzzzzzzzzzzzzzzzzzzzzzzzzzzzzzzzzzzzzzzzzzzzzzzzzzzzzzzzzzzzzzzzzzzzzzzzzzzzzzzzzzzz>; HiZ drive
L_0x55d7b8792650 .functor BUFZ 128, o0x7f683e632d58, C4<00000000000000000000000000000000000000000000000000000000000000000000000000000000000000000000000000000000000000000000000000000000>, C4<00000000000000000000000000000000000000000000000000000000000000000000000000000000000000000000000000000000000000000000000000000000>, C4<00000000000000000000000000000000000000000000000000000000000000000000000000000000000000000000000000000000000000000000000000000000>;
o0x7f683e632de8 .functor BUFZ 1, C4<z>; HiZ drive
L_0x55d7b8792760 .functor BUFZ 1, o0x7f683e632de8, C4<0>, C4<0>, C4<0>;
o0x7f683e632db8 .functor BUFZ 128, C4<zzzzzzzzzzzzzzzzzzzzzzzzzzzzzzzzzzzzzzzzzzzzzzzzzzzzzzzzzzzzzzzzzzzzzzzzzzzzzzzzzzzzzzzzzzzzzzzzzzzzzzzzzzzzzzzzzzzzzzzzzzzzzzzz>; HiZ drive
L_0x55d7b8792820 .functor BUFZ 128, o0x7f683e632db8, C4<00000000000000000000000000000000000000000000000000000000000000000000000000000000000000000000000000000000000000000000000000000000>, C4<00000000000000000000000000000000000000000000000000000000000000000000000000000000000000000000000000000000000000000000000000000000>, C4<00000000000000000000000000000000000000000000000000000000000000000000000000000000000000000000000000000000000000000000000000000000>;
o0x7f683e632e48 .functor BUFZ 1, C4<z>; HiZ drive
L_0x55d7b8792940 .functor BUFZ 1, o0x7f683e632e48, C4<0>, C4<0>, C4<0>;
o0x7f683e632e18 .functor BUFZ 128, C4<zzzzzzzzzzzzzzzzzzzzzzzzzzzzzzzzzzzzzzzzzzzzzzzzzzzzzzzzzzzzzzzzzzzzzzzzzzzzzzzzzzzzzzzzzzzzzzzzzzzzzzzzzzzzzzzzzzzzzzzzzzzzzzzz>; HiZ drive
L_0x55d7b87929b0 .functor BUFZ 128, o0x7f683e632e18, C4<00000000000000000000000000000000000000000000000000000000000000000000000000000000000000000000000000000000000000000000000000000000>, C4<00000000000000000000000000000000000000000000000000000000000000000000000000000000000000000000000000000000000000000000000000000000>, C4<00000000000000000000000000000000000000000000000000000000000000000000000000000000000000000000000000000000000000000000000000000000>;
o0x7f683e632ba8 .functor BUFZ 1, C4<z>; HiZ drive
L_0x55d7b8792ae0 .functor BUFZ 1, o0x7f683e632ba8, C4<0>, C4<0>, C4<0>;
o0x7f683e632b78 .functor BUFZ 128, C4<zzzzzzzzzzzzzzzzzzzzzzzzzzzzzzzzzzzzzzzzzzzzzzzzzzzzzzzzzzzzzzzzzzzzzzzzzzzzzzzzzzzzzzzzzzzzzzzzzzzzzzzzzzzzzzzzzzzzzzzzzzzzzzzz>; HiZ drive
L_0x55d7b8792ba0 .functor BUFZ 128, o0x7f683e632b78, C4<00000000000000000000000000000000000000000000000000000000000000000000000000000000000000000000000000000000000000000000000000000000>, C4<00000000000000000000000000000000000000000000000000000000000000000000000000000000000000000000000000000000000000000000000000000000>, C4<00000000000000000000000000000000000000000000000000000000000000000000000000000000000000000000000000000000000000000000000000000000>;
o0x7f683e632ea8 .functor BUFZ 1, C4<z>; HiZ drive
L_0x55d7b8792a70 .functor BUFZ 1, o0x7f683e632ea8, C4<0>, C4<0>, C4<0>;
o0x7f683e632e78 .functor BUFZ 32, C4<zzzzzzzzzzzzzzzzzzzzzzzzzzzzzzzz>; HiZ drive
L_0x55d7b8792d30 .functor BUFZ 32, o0x7f683e632e78, C4<00000000000000000000000000000000>, C4<00000000000000000000000000000000>, C4<00000000000000000000000000000000>;
L_0x55d7b87a2e90 .functor BUFZ 1, v0x55d7b878e740_0, C4<0>, C4<0>, C4<0>;
L_0x55d7b87a2f50 .functor BUFZ 128, v0x55d7b878e680_0, C4<00000000000000000000000000000000000000000000000000000000000000000000000000000000000000000000000000000000000000000000000000000000>, C4<00000000000000000000000000000000000000000000000000000000000000000000000000000000000000000000000000000000000000000000000000000000>, C4<00000000000000000000000000000000000000000000000000000000000000000000000000000000000000000000000000000000000000000000000000000000>;
v0x55d7b878e950_0 .net "camera_ss_data", 127 0, o0x7f683e632b78;  0 drivers
v0x55d7b878ea50_0 .net "camera_ss_valid", 0 0, o0x7f683e632ba8;  0 drivers
o0x7f683e631018 .functor BUFZ 1, C4<z>; HiZ drive
v0x55d7b878eb10_0 .net "clk_core", 0 0, o0x7f683e631018;  0 drivers
v0x55d7b878ebb0_0 .net "debug_tniu_ss_data", 127 0, L_0x55d7b87a2f50;  1 drivers
v0x55d7b878ec70_0 .net "debug_tniu_ss_valid", 0 0, L_0x55d7b87a2e90;  1 drivers
v0x55d7b878ed30_0 .net "dsp_ss0_data", 127 0, o0x7f683e632c38;  0 drivers
v0x55d7b878ee10_0 .net "dsp_ss0_valid", 0 0, o0x7f683e632c68;  0 drivers
v0x55d7b878eed0_0 .net "dsp_ss1_data", 127 0, o0x7f683e632c98;  0 drivers
v0x55d7b878efb0_0 .net "dsp_ss1_valid", 0 0, o0x7f683e632cc8;  0 drivers
v0x55d7b878f070_0 .net "dsp_ss2_data", 127 0, o0x7f683e632cf8;  0 drivers
v0x55d7b878f150_0 .net "dsp_ss2_valid", 0 0, o0x7f683e632d28;  0 drivers
v0x55d7b878f210_0 .net "dsp_ss3_data", 127 0, o0x7f683e632d58;  0 drivers
v0x55d7b878f2f0_0 .net "dsp_ss3_valid", 0 0, o0x7f683e632d88;  0 drivers
v0x55d7b878f3b0_0 .net "dsp_ss4_data", 127 0, o0x7f683e632db8;  0 drivers
v0x55d7b878f490_0 .net "dsp_ss4_valid", 0 0, o0x7f683e632de8;  0 drivers
v0x55d7b878f550_0 .net "dsp_ss5_data", 127 0, o0x7f683e632e18;  0 drivers
v0x55d7b878f630_0 .net "dsp_ss5_valid", 0 0, o0x7f683e632e48;  0 drivers
v0x55d7b878f800_0 .net "mipi_ss_data", 31 0, o0x7f683e632e78;  0 drivers
v0x55d7b878f8e0_0 .net "mipi_ss_valid", 0 0, o0x7f683e632ea8;  0 drivers
o0x7f683e631108 .functor BUFZ 1, C4<z>; HiZ drive
v0x55d7b878f9a0_0 .net "rst_n", 0 0, o0x7f683e631108;  0 drivers
v0x55d7b878fa40_0 .net "w_async_bridge_mst_to_right_funnel_data", 127 0, v0x55d7b8785df0_0;  1 drivers
v0x55d7b878fb00_0 .net "w_async_bridge_mst_to_right_funnel_valid", 0 0, v0x55d7b8785ed0_0;  1 drivers
v0x55d7b878fbf0_0 .net "w_async_bridge_slv_to_async_bridge_mst_data", 127 0, v0x55d7b8786510_0;  1 drivers
v0x55d7b878fd00_0 .net "w_async_bridge_slv_to_async_bridge_mst_valid", 0 0, v0x55d7b87865d0_0;  1 drivers
v0x55d7b878fdf0_0 .net "w_camera_buf_to_camera_funnel_data", 127 0, v0x55d7b8786d40_0;  1 drivers
v0x55d7b878ff00_0 .net "w_camera_buf_to_camera_funnel_valid", 0 0, v0x55d7b8786e20_0;  1 drivers
v0x55d7b878fff0_0 .net "w_camera_funnel_to_right_funnel_data", 127 0, v0x55d7b8787860_0;  1 drivers
v0x55d7b8790100_0 .net "w_camera_funnel_to_right_funnel_valid", 0 0, v0x55d7b8787940_0;  1 drivers
v0x55d7b87901f0_0 .net "w_camera_ss_to_camera_buf_data", 127 0, L_0x55d7b8792ba0;  1 drivers
v0x55d7b87902b0_0 .net "w_camera_ss_to_camera_buf_valid", 0 0, L_0x55d7b8792ae0;  1 drivers
v0x55d7b8790350_0 .net "w_dsp_buf0_to_left_funnel_data", 127 0, v0x55d7b8788050_0;  1 drivers
v0x55d7b8790440_0 .net "w_dsp_buf0_to_left_funnel_valid", 0 0, v0x55d7b8788130_0;  1 drivers
v0x55d7b8790530_0 .net "w_dsp_buf1_to_left_funnel_data", 127 0, v0x55d7b8788910_0;  1 drivers
v0x55d7b8790620_0 .net "w_dsp_buf1_to_left_funnel_valid", 0 0, v0x55d7b87889f0_0;  1 drivers
v0x55d7b8790710_0 .net "w_dsp_buf2_to_left_funnel_data", 127 0, v0x55d7b87893e0_0;  1 drivers
v0x55d7b8790820_0 .net "w_dsp_buf2_to_left_funnel_valid", 0 0, v0x55d7b87894c0_0;  1 drivers
v0x55d7b8790910_0 .net "w_dsp_buf3_to_left_funnel_data", 127 0, v0x55d7b8789e30_0;  1 drivers
v0x55d7b8790a20_0 .net "w_dsp_buf3_to_left_funnel_valid", 0 0, v0x55d7b8789f10_0;  1 drivers
v0x55d7b8790b10_0 .net "w_dsp_buf4_to_left_funnel_data", 127 0, v0x55d7b878a910_0;  1 drivers
v0x55d7b8790c20_0 .net "w_dsp_buf4_to_left_funnel_valid", 0 0, v0x55d7b878a9f0_0;  1 drivers
v0x55d7b8790d10_0 .net "w_dsp_buf5_to_left_funnel_data", 127 0, v0x55d7b878b420_0;  1 drivers
v0x55d7b8790e20_0 .net "w_dsp_buf5_to_left_funnel_valid", 0 0, v0x55d7b878b500_0;  1 drivers
v0x55d7b8790f10_0 .net "w_dsp_ss0_to_dsp_buf0_data", 127 0, L_0x55d7b8792170;  1 drivers
v0x55d7b8790fd0_0 .net "w_dsp_ss0_to_dsp_buf0_valid", 0 0, L_0x55d7b8792090;  1 drivers
v0x55d7b8791070_0 .net "w_dsp_ss1_to_dsp_buf1_data", 127 0, L_0x55d7b8792310;  1 drivers
v0x55d7b8791110_0 .net "w_dsp_ss1_to_dsp_buf1_valid", 0 0, L_0x55d7b8792250;  1 drivers
v0x55d7b87911b0_0 .net "w_dsp_ss2_to_dsp_buf2_data", 127 0, L_0x55d7b8792490;  1 drivers
v0x55d7b8791250_0 .net "w_dsp_ss2_to_dsp_buf2_valid", 0 0, L_0x55d7b87923d0;  1 drivers
v0x55d7b87912f0_0 .net "w_dsp_ss3_to_dsp_buf3_data", 127 0, L_0x55d7b8792650;  1 drivers
v0x55d7b8791390_0 .net "w_dsp_ss3_to_dsp_buf3_valid", 0 0, L_0x55d7b8792590;  1 drivers
v0x55d7b8791430_0 .net "w_dsp_ss4_to_dsp_buf4_data", 127 0, L_0x55d7b8792820;  1 drivers
v0x55d7b87914d0_0 .net "w_dsp_ss4_to_dsp_buf4_valid", 0 0, L_0x55d7b8792760;  1 drivers
v0x55d7b8791570_0 .net "w_dsp_ss5_to_dsp_buf5_data", 127 0, L_0x55d7b87929b0;  1 drivers
v0x55d7b8791610_0 .net "w_dsp_ss5_to_dsp_buf5_valid", 0 0, L_0x55d7b8792940;  1 drivers
v0x55d7b87916b0_0 .net "w_left_funnel_to_async_bridge_slv_data", 127 0, v0x55d7b878c780_0;  1 drivers
v0x55d7b87917a0_0 .net "w_left_funnel_to_async_bridge_slv_valid", 0 0, v0x55d7b878c850_0;  1 drivers
v0x55d7b8791890_0 .net "w_mipi_buf_to_camera_funnel_data", 127 0, v0x55d7b878d010_0;  1 drivers
v0x55d7b8791980_0 .net "w_mipi_buf_to_camera_funnel_valid", 0 0, v0x55d7b878d100_0;  1 drivers
v0x55d7b8791a70_0 .net "w_mipi_ss_to_mipi_upsizer_data", 31 0, L_0x55d7b8792d30;  1 drivers
v0x55d7b8791b10_0 .net "w_mipi_ss_to_mipi_upsizer_valid", 0 0, L_0x55d7b8792a70;  1 drivers
v0x55d7b8791bb0_0 .net "w_mipi_upsizer_to_mipi_buf_data", 127 0, v0x55d7b878d9d0_0;  1 drivers
v0x55d7b8791ca0_0 .net "w_mipi_upsizer_to_mipi_buf_valid", 0 0, v0x55d7b878dac0_0;  1 drivers
v0x55d7b8791d90_0 .net "w_right_funnel_to_debug_tniu_ss_data", 127 0, v0x55d7b878e680_0;  1 drivers
v0x55d7b8791e30_0 .net "w_right_funnel_to_debug_tniu_ss_valid", 0 0, v0x55d7b878e740_0;  1 drivers
S_0x55d7b87603b0 .scope module, "u_async_bridge_mst" "atb_node_stub" 3 181, 4 45 0, S_0x55d7b875ffb0;
 .timescale 0 0;
    .port_info 0 /INPUT 1 "clk";
    .port_info 1 /INPUT 1 "rst_n";
    .port_info 2 /INPUT 1 "in_valid";
    .port_info 3 /INPUT 128 "in_data";
    .port_info 4 /OUTPUT 1 "out_valid";
    .port_info 5 /OUTPUT 128 "out_data";
P_0x55d7b8707e50 .param/l "DATA_W" 0 4 46, +C4<00000000000000000000000010000000>;
v0x55d7b872fe80_0 .net "clk", 0 0, o0x7f683e631018;  alias, 0 drivers
v0x55d7b8785c70_0 .net "in_data", 127 0, v0x55d7b8786510_0;  alias, 1 drivers
v0x55d7b8785d50_0 .net "in_valid", 0 0, v0x55d7b87865d0_0;  alias, 1 drivers
v0x55d7b8785df0_0 .var "out_data", 127 0;
v0x55d7b8785ed0_0 .var "out_valid", 0 0;
v0x55d7b8785fe0_0 .net "rst_n", 0 0, o0x7f683e631108;  alias, 0 drivers
S_0x55d7b87607b0 .scope module, "u_async_bridge_slv" "atb_node_stub" 3 172, 4 45 0, S_0x55d7b875ffb0;
 .timescale 0 0;
    .port_info 0 /INPUT 1 "clk";
    .port_info 1 /INPUT 1 "rst_n";
    .port_info 2 /INPUT 1 "in_valid";
    .port_info 3 /INPUT 128 "in_data";
    .port_info 4 /OUTPUT 1 "out_valid";
    .port_info 5 /OUTPUT 128 "out_data";
P_0x55d7b87861d0 .param/l "DATA_W" 0 4 46, +C4<00000000000000000000000010000000>;
v0x55d7b8786310_0 .net "clk", 0 0, o0x7f683e631018;  alias, 0 drivers
v0x55d7b87863b0_0 .net "in_data", 127 0, v0x55d7b878c780_0;  alias, 1 drivers
v0x55d7b8786470_0 .net "in_valid", 0 0, v0x55d7b878c850_0;  alias, 1 drivers
v0x55d7b8786510_0 .var "out_data", 127 0;
v0x55d7b87865d0_0 .var "out_valid", 0 0;
v0x55d7b87866c0_0 .net "rst_n", 0 0, o0x7f683e631108;  alias, 0 drivers
S_0x55d7b875d680 .scope module, "u_camera_buf" "atb_buffer_stub" 3 145, 4 1 0, S_0x55d7b875ffb0;
 .timescale 0 0;
    .port_info 0 /INPUT 1 "clk";
    .port_info 1 /INPUT 1 "rst_n";
    .port_info 2 /INPUT 1 "in_valid";
    .port_info 3 /INPUT 128 "in_data";
    .port_info 4 /OUTPUT 1 "out_valid";
    .port_info 5 /OUTPUT 128 "out_data";
P_0x55d7b8738d60 .param/l "DATA_W" 0 4 2, +C4<00000000000000000000000010000000>;
P_0x55d7b8738da0 .param/l "TIE_OFF" 0 4 3, C4<0>;
v0x55d7b8786ab0_0 .net "clk", 0 0, o0x7f683e631018;  alias, 0 drivers
v0x55d7b8786bc0_0 .net "in_data", 127 0, L_0x55d7b8792ba0;  alias, 1 drivers
v0x55d7b8786ca0_0 .net "in_valid", 0 0, L_0x55d7b8792ae0;  alias, 1 drivers
v0x55d7b8786d40_0 .var "out_data", 127 0;
v0x55d7b8786e20_0 .var "out_valid", 0 0;
v0x55d7b8786f30_0 .net "rst_n", 0 0, o0x7f683e631108;  alias, 0 drivers
E_0x55d7b8718390 .event edge, v0x55d7b8786ca0_0, v0x55d7b8786bc0_0;
S_0x55d7b8760bb0 .scope module, "u_camera_funnel" "atb_funnel3" 3 201, 4 66 0, S_0x55d7b875ffb0;
 .timescale 0 0;
    .port_info 0 /INPUT 1 "in0_valid";
    .port_info 1 /INPUT 128 "in0_data";
    .port_info 2 /INPUT 1 "in1_valid";
    .port_info 3 /INPUT 128 "in1_data";
    .port_info 4 /INPUT 1 "in2_valid";
    .port_info 5 /INPUT 128 "in2_data";
    .port_info 6 /OUTPUT 1 "out_valid";
    .port_info 7 /OUTPUT 128 "out_data";
P_0x55d7b8787130 .param/l "DATA_W" 0 4 67, +C4<00000000000000000000000010000000>;
v0x55d7b8787350_0 .net "in0_data", 127 0, v0x55d7b8786d40_0;  alias, 1 drivers
v0x55d7b8787430_0 .net "in0_valid", 0 0, v0x55d7b8786e20_0;  alias, 1 drivers
v0x55d7b8787500_0 .net "in1_data", 127 0, v0x55d7b878d010_0;  alias, 1 drivers
v0x55d7b87875d0_0 .net "in1_valid", 0 0, v0x55d7b878d100_0;  alias, 1 drivers
L_0x7f683e5e8060 .functor BUFT 1, C4<00000000000000000000000000000000000000000000000000000000000000000000000000000000000000000000000000000000000000000000000000000000>, C4<0>, C4<0>, C4<0>;
v0x55d7b8787670_0 .net "in2_data", 127 0, L_0x7f683e5e8060;  1 drivers
L_0x7f683e5e8018 .functor BUFT 1, C4<0>, C4<0>, C4<0>, C4<0>;
v0x55d7b87877a0_0 .net "in2_valid", 0 0, L_0x7f683e5e8018;  1 drivers
v0x55d7b8787860_0 .var "out_data", 127 0;
v0x55d7b8787940_0 .var "out_valid", 0 0;
E_0x55d7b872d9f0/0 .event edge, v0x55d7b8786e20_0, v0x55d7b8786d40_0, v0x55d7b87875d0_0, v0x55d7b8787500_0;
E_0x55d7b872d9f0/1 .event edge, v0x55d7b87877a0_0, v0x55d7b8787670_0;
E_0x55d7b872d9f0 .event/or E_0x55d7b872d9f0/0, E_0x55d7b872d9f0/1;
S_0x55d7b875d9f0 .scope module, "u_dsp_buf0" "atb_buffer_stub" 3 91, 4 1 0, S_0x55d7b875ffb0;
 .timescale 0 0;
    .port_info 0 /INPUT 1 "clk";
    .port_info 1 /INPUT 1 "rst_n";
    .port_info 2 /INPUT 1 "in_valid";
    .port_info 3 /INPUT 128 "in_data";
    .port_info 4 /OUTPUT 1 "out_valid";
    .port_info 5 /OUTPUT 128 "out_data";
P_0x55d7b87868c0 .param/l "DATA_W" 0 4 2, +C4<00000000000000000000000010000000>;
P_0x55d7b8786900 .param/l "TIE_OFF" 0 4 3, C4<0>;
v0x55d7b8787e10_0 .net "clk", 0 0, o0x7f683e631018;  alias, 0 drivers
v0x55d7b8787ed0_0 .net "in_data", 127 0, L_0x55d7b8792170;  alias, 1 drivers
v0x55d7b8787fb0_0 .net "in_valid", 0 0, L_0x55d7b8792090;  alias, 1 drivers
v0x55d7b8788050_0 .var "out_data", 127 0;
v0x55d7b8788130_0 .var "out_valid", 0 0;
v0x55d7b8788240_0 .net "rst_n", 0 0, o0x7f683e631108;  alias, 0 drivers
E_0x55d7b8787db0 .event edge, v0x55d7b8787fb0_0, v0x55d7b8787ed0_0;
S_0x55d7b875dd60 .scope module, "u_dsp_buf1" "atb_buffer_stub" 3 100, 4 1 0, S_0x55d7b875ffb0;
 .timescale 0 0;
    .port_info 0 /INPUT 1 "clk";
    .port_info 1 /INPUT 1 "rst_n";
    .port_info 2 /INPUT 1 "in_valid";
    .port_info 3 /INPUT 128 "in_data";
    .port_info 4 /OUTPUT 1 "out_valid";
    .port_info 5 /OUTPUT 128 "out_data";
P_0x55d7b8787bf0 .param/l "DATA_W" 0 4 2, +C4<00000000000000000000000010000000>;
P_0x55d7b8787c30 .param/l "TIE_OFF" 0 4 3, C4<0>;
v0x55d7b87886a0_0 .net "clk", 0 0, o0x7f683e631018;  alias, 0 drivers
v0x55d7b8788760_0 .net "in_data", 127 0, L_0x55d7b8792310;  alias, 1 drivers
v0x55d7b8788840_0 .net "in_valid", 0 0, L_0x55d7b8792250;  alias, 1 drivers
v0x55d7b8788910_0 .var "out_data", 127 0;
v0x55d7b87889f0_0 .var "out_valid", 0 0;
v0x55d7b8788ab0_0 .net "rst_n", 0 0, o0x7f683e631108;  alias, 0 drivers
E_0x55d7b8788640 .event edge, v0x55d7b8788840_0, v0x55d7b8788760_0;
S_0x55d7b8788ce0 .scope module, "u_dsp_buf2" "atb_buffer_stub" 3 109, 4 1 0, S_0x55d7b875ffb0;
 .timescale 0 0;
    .port_info 0 /INPUT 1 "clk";
    .port_info 1 /INPUT 1 "rst_n";
    .port_info 2 /INPUT 1 "in_valid";
    .port_info 3 /INPUT 128 "in_data";
    .port_info 4 /OUTPUT 1 "out_valid";
    .port_info 5 /OUTPUT 128 "out_data";
P_0x55d7b8788e70 .param/l "DATA_W" 0 4 2, +C4<00000000000000000000000010000000>;
P_0x55d7b8788eb0 .param/l "TIE_OFF" 0 4 3, C4<0>;
v0x55d7b8789170_0 .net "clk", 0 0, o0x7f683e631018;  alias, 0 drivers
v0x55d7b8789230_0 .net "in_data", 127 0, L_0x55d7b8792490;  alias, 1 drivers
v0x55d7b8789310_0 .net "in_valid", 0 0, L_0x55d7b87923d0;  alias, 1 drivers
v0x55d7b87893e0_0 .var "out_data", 127 0;
v0x55d7b87894c0_0 .var "out_valid", 0 0;
v0x55d7b87895d0_0 .net "rst_n", 0 0, o0x7f683e631108;  alias, 0 drivers
E_0x55d7b8789110 .event edge, v0x55d7b8789310_0, v0x55d7b8789230_0;
S_0x55d7b8789770 .scope module, "u_dsp_buf3" "atb_buffer_stub" 3 118, 4 1 0, S_0x55d7b875ffb0;
 .timescale 0 0;
    .port_info 0 /INPUT 1 "clk";
    .port_info 1 /INPUT 1 "rst_n";
    .port_info 2 /INPUT 1 "in_valid";
    .port_info 3 /INPUT 128 "in_data";
    .port_info 4 /OUTPUT 1 "out_valid";
    .port_info 5 /OUTPUT 128 "out_data";
P_0x55d7b8788f50 .param/l "DATA_W" 0 4 2, +C4<00000000000000000000000010000000>;
P_0x55d7b8788f90 .param/l "TIE_OFF" 0 4 3, C4<0>;
v0x55d7b8789bc0_0 .net "clk", 0 0, o0x7f683e631018;  alias, 0 drivers
v0x55d7b8789c80_0 .net "in_data", 127 0, L_0x55d7b8792650;  alias, 1 drivers
v0x55d7b8789d60_0 .net "in_valid", 0 0, L_0x55d7b8792590;  alias, 1 drivers
v0x55d7b8789e30_0 .var "out_data", 127 0;
v0x55d7b8789f10_0 .var "out_valid", 0 0;
v0x55d7b878a020_0 .net "rst_n", 0 0, o0x7f683e631108;  alias, 0 drivers
E_0x55d7b8789b60 .event edge, v0x55d7b8789d60_0, v0x55d7b8789c80_0;
S_0x55d7b878a1c0 .scope module, "u_dsp_buf4" "atb_buffer_stub" 3 127, 4 1 0, S_0x55d7b875ffb0;
 .timescale 0 0;
    .port_info 0 /INPUT 1 "clk";
    .port_info 1 /INPUT 1 "rst_n";
    .port_info 2 /INPUT 1 "in_valid";
    .port_info 3 /INPUT 128 "in_data";
    .port_info 4 /OUTPUT 1 "out_valid";
    .port_info 5 /OUTPUT 128 "out_data";
P_0x55d7b878a3a0 .param/l "DATA_W" 0 4 2, +C4<00000000000000000000000010000000>;
P_0x55d7b878a3e0 .param/l "TIE_OFF" 0 4 3, C4<0>;
v0x55d7b878a6a0_0 .net "clk", 0 0, o0x7f683e631018;  alias, 0 drivers
v0x55d7b878a760_0 .net "in_data", 127 0, L_0x55d7b8792820;  alias, 1 drivers
v0x55d7b878a840_0 .net "in_valid", 0 0, L_0x55d7b8792760;  alias, 1 drivers
v0x55d7b878a910_0 .var "out_data", 127 0;
v0x55d7b878a9f0_0 .var "out_valid", 0 0;
v0x55d7b878aab0_0 .net "rst_n", 0 0, o0x7f683e631108;  alias, 0 drivers
E_0x55d7b878a640 .event edge, v0x55d7b878a840_0, v0x55d7b878a760_0;
S_0x55d7b878ac50 .scope module, "u_dsp_buf5" "atb_buffer_stub" 3 136, 4 1 0, S_0x55d7b875ffb0;
 .timescale 0 0;
    .port_info 0 /INPUT 1 "clk";
    .port_info 1 /INPUT 1 "rst_n";
    .port_info 2 /INPUT 1 "in_valid";
    .port_info 3 /INPUT 128 "in_data";
    .port_info 4 /OUTPUT 1 "out_valid";
    .port_info 5 /OUTPUT 128 "out_data";
P_0x55d7b878a480 .param/l "DATA_W" 0 4 2, +C4<00000000000000000000000010000000>;
P_0x55d7b878a4c0 .param/l "TIE_OFF" 0 4 3, C4<0>;
v0x55d7b878b0a0_0 .net "clk", 0 0, o0x7f683e631018;  alias, 0 drivers
v0x55d7b878b270_0 .net "in_data", 127 0, L_0x55d7b87929b0;  alias, 1 drivers
v0x55d7b878b350_0 .net "in_valid", 0 0, L_0x55d7b8792940;  alias, 1 drivers
v0x55d7b878b420_0 .var "out_data", 127 0;
v0x55d7b878b500_0 .var "out_valid", 0 0;
v0x55d7b878b610_0 .net "rst_n", 0 0, o0x7f683e631108;  alias, 0 drivers
E_0x55d7b878b040 .event edge, v0x55d7b878b350_0, v0x55d7b878b270_0;
S_0x55d7b878b8c0 .scope module, "u_left_funnel" "atb_funnel6" 3 190, 4 94 0, S_0x55d7b875ffb0;
 .timescale 0 0;
    .port_info 0 /INPUT 1 "in0_valid";
    .port_info 1 /INPUT 128 "in0_data";
    .port_info 2 /INPUT 1 "in1_valid";
    .port_info 3 /INPUT 128 "in1_data";
    .port_info 4 /INPUT 1 "in2_valid";
    .port_info 5 /INPUT 128 "in2_data";
    .port_info 6 /INPUT 1 "in3_valid";
    .port_info 7 /INPUT 128 "in3_data";
    .port_info 8 /INPUT 1 "in4_valid";
    .port_info 9 /INPUT 128 "in4_data";
    .port_info 10 /INPUT 1 "in5_valid";
    .port_info 11 /INPUT 128 "in5_data";
    .port_info 12 /OUTPUT 1 "out_valid";
    .port_info 13 /OUTPUT 128 "out_data";
P_0x55d7b878baa0 .param/l "DATA_W" 0 4 95, +C4<00000000000000000000000010000000>;
v0x55d7b878bd30_0 .net "in0_data", 127 0, v0x55d7b8788050_0;  alias, 1 drivers
v0x55d7b878be40_0 .net "in0_valid", 0 0, v0x55d7b8788130_0;  alias, 1 drivers
v0x55d7b878bf10_0 .net "in1_data", 127 0, v0x55d7b8788910_0;  alias, 1 drivers
v0x55d7b878c010_0 .net "in1_valid", 0 0, v0x55d7b87889f0_0;  alias, 1 drivers
v0x55d7b878c0e0_0 .net "in2_data", 127 0, v0x55d7b87893e0_0;  alias, 1 drivers
v0x55d7b878c1d0_0 .net "in2_valid", 0 0, v0x55d7b87894c0_0;  alias, 1 drivers
v0x55d7b878c2a0_0 .net "in3_data", 127 0, v0x55d7b8789e30_0;  alias, 1 drivers
v0x55d7b878c370_0 .net "in3_valid", 0 0, v0x55d7b8789f10_0;  alias, 1 drivers
v0x55d7b878c440_0 .net "in4_data", 127 0, v0x55d7b878a910_0;  alias, 1 drivers
v0x55d7b878c510_0 .net "in4_valid", 0 0, v0x55d7b878a9f0_0;  alias, 1 drivers
v0x55d7b878c5e0_0 .net "in5_data", 127 0, v0x55d7b878b420_0;  alias, 1 drivers
v0x55d7b878c6b0_0 .net "in5_valid", 0 0, v0x55d7b878b500_0;  alias, 1 drivers
v0x55d7b878c780_0 .var "out_data", 127 0;
v0x55d7b878c850_0 .var "out_valid", 0 0;
E_0x55d7b876bb20/0 .event edge, v0x55d7b8788130_0, v0x55d7b8788050_0, v0x55d7b87889f0_0, v0x55d7b8788910_0;
E_0x55d7b876bb20/1 .event edge, v0x55d7b87894c0_0, v0x55d7b87893e0_0, v0x55d7b8789f10_0, v0x55d7b8789e30_0;
E_0x55d7b876bb20/2 .event edge, v0x55d7b878a9f0_0, v0x55d7b878a910_0, v0x55d7b878b500_0, v0x55d7b878b420_0;
E_0x55d7b876bb20 .event/or E_0x55d7b876bb20/0, E_0x55d7b876bb20/1, E_0x55d7b876bb20/2;
S_0x55d7b878c9c0 .scope module, "u_mipi_buf" "atb_buffer_stub" 3 163, 4 1 0, S_0x55d7b875ffb0;
 .timescale 0 0;
    .port_info 0 /INPUT 1 "clk";
    .port_info 1 /INPUT 1 "rst_n";
    .port_info 2 /INPUT 1 "in_valid";
    .port_info 3 /INPUT 128 "in_data";
    .port_info 4 /OUTPUT 1 "out_valid";
    .port_info 5 /OUTPUT 128 "out_data";
P_0x55d7b8788480 .param/l "DATA_W" 0 4 2, +C4<00000000000000000000000010000000>;
P_0x55d7b87884c0 .param/l "TIE_OFF" 0 4 3, C4<0>;
v0x55d7b878cda0_0 .net "clk", 0 0, o0x7f683e631018;  alias, 0 drivers
v0x55d7b878ce60_0 .net "in_data", 127 0, v0x55d7b878d9d0_0;  alias, 1 drivers
v0x55d7b878cf40_0 .net "in_valid", 0 0, v0x55d7b878dac0_0;  alias, 1 drivers
v0x55d7b878d010_0 .var "out_data", 127 0;
v0x55d7b878d100_0 .var "out_valid", 0 0;
v0x55d7b878d1f0_0 .net "rst_n", 0 0, o0x7f683e631108;  alias, 0 drivers
E_0x55d7b878cd40 .event edge, v0x55d7b878cf40_0, v0x55d7b878ce60_0;
S_0x55d7b878d350 .scope module, "u_mipi_upsizer" "atb_upsizer_stub" 3 154, 4 23 0, S_0x55d7b875ffb0;
 .timescale 0 0;
    .port_info 0 /INPUT 1 "clk";
    .port_info 1 /INPUT 1 "rst_n";
    .port_info 2 /INPUT 1 "in_valid";
    .port_info 3 /INPUT 32 "in_data";
    .port_info 4 /OUTPUT 1 "out_valid";
    .port_info 5 /OUTPUT 128 "out_data";
P_0x55d7b878ae80 .param/l "IN_W" 0 4 24, +C4<00000000000000000000000000100000>;
P_0x55d7b878aec0 .param/l "OUT_W" 0 4 25, +C4<00000000000000000000000010000000>;
v0x55d7b878d760_0 .net "clk", 0 0, o0x7f683e631018;  alias, 0 drivers
v0x55d7b878d820_0 .net "in_data", 31 0, L_0x55d7b8792d30;  alias, 1 drivers
v0x55d7b878d900_0 .net "in_valid", 0 0, L_0x55d7b8792a70;  alias, 1 drivers
v0x55d7b878d9d0_0 .var "out_data", 127 0;
v0x55d7b878dac0_0 .var "out_valid", 0 0;
v0x55d7b878dbb0_0 .net "rst_n", 0 0, o0x7f683e631108;  alias, 0 drivers
S_0x55d7b878dd10 .scope module, "u_right_funnel" "atb_funnel3" 3 209, 4 66 0, S_0x55d7b875ffb0;
 .timescale 0 0;
    .port_info 0 /INPUT 1 "in0_valid";
    .port_info 1 /INPUT 128 "in0_data";
    .port_info 2 /INPUT 1 "in1_valid";
    .port_info 3 /INPUT 128 "in1_data";
    .port_info 4 /INPUT 1 "in2_valid";
    .port_info 5 /INPUT 128 "in2_data";
    .port_info 6 /OUTPUT 1 "out_valid";
    .port_info 7 /OUTPUT 128 "out_data";
P_0x55d7b878def0 .param/l "DATA_W" 0 4 67, +C4<00000000000000000000000010000000>;
v0x55d7b878e140_0 .net "in0_data", 127 0, v0x55d7b8785df0_0;  alias, 1 drivers
v0x55d7b878e250_0 .net "in0_valid", 0 0, v0x55d7b8785ed0_0;  alias, 1 drivers
v0x55d7b878e320_0 .net "in1_data", 127 0, v0x55d7b8787860_0;  alias, 1 drivers
v0x55d7b878e420_0 .net "in1_valid", 0 0, v0x55d7b8787940_0;  alias, 1 drivers
L_0x7f683e5e80f0 .functor BUFT 1, C4<00000000000000000000000000000000000000000000000000000000000000000000000000000000000000000000000000000000000000000000000000000000>, C4<0>, C4<0>, C4<0>;
v0x55d7b878e4f0_0 .net "in2_data", 127 0, L_0x7f683e5e80f0;  1 drivers
L_0x7f683e5e80a8 .functor BUFT 1, C4<0>, C4<0>, C4<0>, C4<0>;
v0x55d7b878e5e0_0 .net "in2_valid", 0 0, L_0x7f683e5e80a8;  1 drivers
v0x55d7b878e680_0 .var "out_data", 127 0;
v0x55d7b878e740_0 .var "out_valid", 0 0;
E_0x55d7b878cc60/0 .event edge, v0x55d7b8785ed0_0, v0x55d7b8785df0_0, v0x55d7b8787940_0, v0x55d7b8787860_0;
E_0x55d7b878cc60/1 .event edge, v0x55d7b878e5e0_0, v0x55d7b878e4f0_0;
E_0x55d7b878cc60 .event/or E_0x55d7b878cc60/0, E_0x55d7b878cc60/1;
    .scope S_0x55d7b875d9f0;
T_0 ;
Ewait_0 .event/or E_0x55d7b8787db0, E_0x0;
    %wait Ewait_0;
    %load/vec4 v0x55d7b8787fb0_0;
    %store/vec4 v0x55d7b8788130_0, 0, 1;
    %load/vec4 v0x55d7b8787ed0_0;
    %store/vec4 v0x55d7b8788050_0, 0, 128;
    %jmp T_0;
    .thread T_0, $push;
    .scope S_0x55d7b875dd60;
T_1 ;
Ewait_1 .event/or E_0x55d7b8788640, E_0x0;
    %wait Ewait_1;
    %load/vec4 v0x55d7b8788840_0;
    %store/vec4 v0x55d7b87889f0_0, 0, 1;
    %load/vec4 v0x55d7b8788760_0;
    %store/vec4 v0x55d7b8788910_0, 0, 128;
    %jmp T_1;
    .thread T_1, $push;
    .scope S_0x55d7b8788ce0;
T_2 ;
Ewait_2 .event/or E_0x55d7b8789110, E_0x0;
    %wait Ewait_2;
    %load/vec4 v0x55d7b8789310_0;
    %store/vec4 v0x55d7b87894c0_0, 0, 1;
    %load/vec4 v0x55d7b8789230_0;
    %store/vec4 v0x55d7b87893e0_0, 0, 128;
    %jmp T_2;
    .thread T_2, $push;
    .scope S_0x55d7b8789770;
T_3 ;
Ewait_3 .event/or E_0x55d7b8789b60, E_0x0;
    %wait Ewait_3;
    %load/vec4 v0x55d7b8789d60_0;
    %store/vec4 v0x55d7b8789f10_0, 0, 1;
    %load/vec4 v0x55d7b8789c80_0;
    %store/vec4 v0x55d7b8789e30_0, 0, 128;
    %jmp T_3;
    .thread T_3, $push;
    .scope S_0x55d7b878a1c0;
T_4 ;
Ewait_4 .event/or E_0x55d7b878a640, E_0x0;
    %wait Ewait_4;
    %load/vec4 v0x55d7b878a840_0;
    %store/vec4 v0x55d7b878a9f0_0, 0, 1;
    %load/vec4 v0x55d7b878a760_0;
    %store/vec4 v0x55d7b878a910_0, 0, 128;
    %jmp T_4;
    .thread T_4, $push;
    .scope S_0x55d7b878ac50;
T_5 ;
Ewait_5 .event/or E_0x55d7b878b040, E_0x0;
    %wait Ewait_5;
    %load/vec4 v0x55d7b878b350_0;
    %store/vec4 v0x55d7b878b500_0, 0, 1;
    %load/vec4 v0x55d7b878b270_0;
    %store/vec4 v0x55d7b878b420_0, 0, 128;
    %jmp T_5;
    .thread T_5, $push;
    .scope S_0x55d7b875d680;
T_6 ;
Ewait_6 .event/or E_0x55d7b8718390, E_0x0;
    %wait Ewait_6;
    %load/vec4 v0x55d7b8786ca0_0;
    %store/vec4 v0x55d7b8786e20_0, 0, 1;
    %load/vec4 v0x55d7b8786bc0_0;
    %store/vec4 v0x55d7b8786d40_0, 0, 128;
    %jmp T_6;
    .thread T_6, $push;
    .scope S_0x55d7b878d350;
T_7 ;
    %wait E_0x0;
    %pushi/vec4 0, 0, 1;
    %store/vec4 v0x55d7b878dac0_0, 0, 1;
    %pushi/vec4 0, 0, 128;
    %store/vec4 v0x55d7b878d9d0_0, 0, 128;
    %jmp T_7;
    .thread T_7;
    .scope S_0x55d7b878c9c0;
T_8 ;
Ewait_7 .event/or E_0x55d7b878cd40, E_0x0;
    %wait Ewait_7;
    %load/vec4 v0x55d7b878cf40_0;
    %store/vec4 v0x55d7b878d100_0, 0, 1;
    %load/vec4 v0x55d7b878ce60_0;
    %store/vec4 v0x55d7b878d010_0, 0, 128;
    %jmp T_8;
    .thread T_8, $push;
    .scope S_0x55d7b87607b0;
T_9 ;
    %wait E_0x0;
    %pushi/vec4 0, 0, 1;
    %store/vec4 v0x55d7b87865d0_0, 0, 1;
    %pushi/vec4 0, 0, 128;
    %store/vec4 v0x55d7b8786510_0, 0, 128;
    %jmp T_9;
    .thread T_9;
    .scope S_0x55d7b87603b0;
T_10 ;
    %wait E_0x0;
    %pushi/vec4 0, 0, 1;
    %store/vec4 v0x55d7b8785ed0_0, 0, 1;
    %pushi/vec4 0, 0, 128;
    %store/vec4 v0x55d7b8785df0_0, 0, 128;
    %jmp T_10;
    .thread T_10;
    .scope S_0x55d7b878b8c0;
T_11 ;
Ewait_8 .event/or E_0x55d7b876bb20, E_0x0;
    %wait Ewait_8;
    %pushi/vec4 0, 0, 1;
    %store/vec4 v0x55d7b878c850_0, 0, 1;
    %pushi/vec4 0, 0, 128;
    %store/vec4 v0x55d7b878c780_0, 0, 128;
    %load/vec4 v0x55d7b878be40_0;
    %flag_set/vec4 8;
    %jmp/0xz  T_11.0, 8;
    %pushi/vec4 1, 0, 1;
    %store/vec4 v0x55d7b878c850_0, 0, 1;
    %load/vec4 v0x55d7b878bd30_0;
    %store/vec4 v0x55d7b878c780_0, 0, 128;
    %jmp T_11.1;
T_11.0 ;
    %load/vec4 v0x55d7b878c010_0;
    %flag_set/vec4 8;
    %jmp/0xz  T_11.2, 8;
    %pushi/vec4 1, 0, 1;
    %store/vec4 v0x55d7b878c850_0, 0, 1;
    %load/vec4 v0x55d7b878bf10_0;
    %store/vec4 v0x55d7b878c780_0, 0, 128;
    %jmp T_11.3;
T_11.2 ;
    %load/vec4 v0x55d7b878c1d0_0;
    %flag_set/vec4 8;
    %jmp/0xz  T_11.4, 8;
    %pushi/vec4 1, 0, 1;
    %store/vec4 v0x55d7b878c850_0, 0, 1;
    %load/vec4 v0x55d7b878c0e0_0;
    %store/vec4 v0x55d7b878c780_0, 0, 128;
    %jmp T_11.5;
T_11.4 ;
    %load/vec4 v0x55d7b878c370_0;
    %flag_set/vec4 8;
    %jmp/0xz  T_11.6, 8;
    %pushi/vec4 1, 0, 1;
    %store/vec4 v0x55d7b878c850_0, 0, 1;
    %load/vec4 v0x55d7b878c2a0_0;
    %store/vec4 v0x55d7b878c780_0, 0, 128;
    %jmp T_11.7;
T_11.6 ;
    %load/vec4 v0x55d7b878c510_0;
    %flag_set/vec4 8;
    %jmp/0xz  T_11.8, 8;
    %pushi/vec4 1, 0, 1;
    %store/vec4 v0x55d7b878c850_0, 0, 1;
    %load/vec4 v0x55d7b878c440_0;
    %store/vec4 v0x55d7b878c780_0, 0, 128;
    %jmp T_11.9;
T_11.8 ;
    %load/vec4 v0x55d7b878c6b0_0;
    %flag_set/vec4 8;
    %jmp/0xz  T_11.10, 8;
    %pushi/vec4 1, 0, 1;
    %store/vec4 v0x55d7b878c850_0, 0, 1;
    %load/vec4 v0x55d7b878c5e0_0;
    %store/vec4 v0x55d7b878c780_0, 0, 128;
T_11.10 ;
T_11.9 ;
T_11.7 ;
T_11.5 ;
T_11.3 ;
T_11.1 ;
    %jmp T_11;
    .thread T_11, $push;
    .scope S_0x55d7b8760bb0;
T_12 ;
Ewait_9 .event/or E_0x55d7b872d9f0, E_0x0;
    %wait Ewait_9;
    %pushi/vec4 0, 0, 1;
    %store/vec4 v0x55d7b8787940_0, 0, 1;
    %pushi/vec4 0, 0, 128;
    %store/vec4 v0x55d7b8787860_0, 0, 128;
    %load/vec4 v0x55d7b8787430_0;
    %flag_set/vec4 8;
    %jmp/0xz  T_12.0, 8;
    %pushi/vec4 1, 0, 1;
    %store/vec4 v0x55d7b8787940_0, 0, 1;
    %load/vec4 v0x55d7b8787350_0;
    %store/vec4 v0x55d7b8787860_0, 0, 128;
    %jmp T_12.1;
T_12.0 ;
    %load/vec4 v0x55d7b87875d0_0;
    %flag_set/vec4 8;
    %jmp/0xz  T_12.2, 8;
    %pushi/vec4 1, 0, 1;
    %store/vec4 v0x55d7b8787940_0, 0, 1;
    %load/vec4 v0x55d7b8787500_0;
    %store/vec4 v0x55d7b8787860_0, 0, 128;
    %jmp T_12.3;
T_12.2 ;
    %load/vec4 v0x55d7b87877a0_0;
    %flag_set/vec4 8;
    %jmp/0xz  T_12.4, 8;
    %pushi/vec4 1, 0, 1;
    %store/vec4 v0x55d7b8787940_0, 0, 1;
    %load/vec4 v0x55d7b8787670_0;
    %store/vec4 v0x55d7b8787860_0, 0, 128;
T_12.4 ;
T_12.3 ;
T_12.1 ;
    %jmp T_12;
    .thread T_12, $push;
    .scope S_0x55d7b878dd10;
T_13 ;
Ewait_10 .event/or E_0x55d7b878cc60, E_0x0;
    %wait Ewait_10;
    %pushi/vec4 0, 0, 1;
    %store/vec4 v0x55d7b878e740_0, 0, 1;
    %pushi/vec4 0, 0, 128;
    %store/vec4 v0x55d7b878e680_0, 0, 128;
    %load/vec4 v0x55d7b878e250_0;
    %flag_set/vec4 8;
    %jmp/0xz  T_13.0, 8;
    %pushi/vec4 1, 0, 1;
    %store/vec4 v0x55d7b878e740_0, 0, 1;
    %load/vec4 v0x55d7b878e140_0;
    %store/vec4 v0x55d7b878e680_0, 0, 128;
    %jmp T_13.1;
T_13.0 ;
    %load/vec4 v0x55d7b878e420_0;
    %flag_set/vec4 8;
    %jmp/0xz  T_13.2, 8;
    %pushi/vec4 1, 0, 1;
    %store/vec4 v0x55d7b878e740_0, 0, 1;
    %load/vec4 v0x55d7b878e320_0;
    %store/vec4 v0x55d7b878e680_0, 0, 128;
    %jmp T_13.3;
T_13.2 ;
    %load/vec4 v0x55d7b878e5e0_0;
    %flag_set/vec4 8;
    %jmp/0xz  T_13.4, 8;
    %pushi/vec4 1, 0, 1;
    %store/vec4 v0x55d7b878e740_0, 0, 1;
    %load/vec4 v0x55d7b878e4f0_0;
    %store/vec4 v0x55d7b878e680_0, 0, 128;
T_13.4 ;
T_13.3 ;
T_13.1 ;
    %jmp T_13;
    .thread T_13, $push;
# The file index is used to find the file name in the following table.
:file_names 5;
    "N/A";
    "<interactive>";
    "-";
    "/home/lgzhu/dev/noc_work/lwnoc_network_demo/soc_atb_noc/build_logic/atb_soc_topo/atb_soc_topo.v";
    "rtl/atb_primitives.sv";
