
Warning-[LINX_KRNL] Unsupported Linux kernel
  Linux kernel '5.15.133.1-microsoft-standard-WSL2' is not supported.
  Supported versions are 2.4* or 2.6*.

Command: vcs -full64 -sverilog +v2k +notimingcheck +lint=TFIPC-L +lint=PCWM-L -f \
/home/lgzhu/dev/noc_work/lwnoc_network_demo/soc_dti_noc_demo/filelists/dti_common_dep.f \
-f /home/lgzhu/dev/noc_work/lwnoc_network_demo/soc_dti_noc_demo/filelists/soc_dti_logic_topo.f \
-top soc_dti_logic_topo -Mdir=/home/lgzhu/dev/noc_work/lwnoc_network_demo/soc_dti_noc_demo/sim/build_check/csrc_vcs_top \
-o /home/lgzhu/dev/noc_work/lwnoc_network_demo/soc_dti_noc_demo/sim/build_check/simv_top \
-l /home/lgzhu/dev/noc_work/lwnoc_network_demo/soc_dti_noc_demo/sim/build_check/vcs_top.log \

                         Chronologic VCS (TM)
         Version L-2016.06_Full64 -- Fri Apr 24 03:52:47 2026
               Copyright (c) 1991-2016 by Synopsys Inc.
                         ALL RIGHTS RESERVED

This program is proprietary and confidential information of Synopsys Inc.
and may be used and disclosed only as authorized in a license agreement
controlling such use and disclosure.

Parsing design file '/home/lgzhu/dev/noc_work/lwnoc_network_demo/subs/lwnoc_dti_noc/fcip/ip/basic/fcip_bin2onehot.sv'
Parsing design file '/home/lgzhu/dev/noc_work/lwnoc_network_demo/subs/lwnoc_dti_noc/fcip/ip/basic/fcip_booth_wallace_mul.sv'
Parsing design file '/home/lgzhu/dev/noc_work/lwnoc_network_demo/subs/lwnoc_dti_noc/fcip/ip/basic/fcip_ip_mimo_queue.sv'
Parsing design file '/home/lgzhu/dev/noc_work/lwnoc_network_demo/subs/lwnoc_dti_noc/fcip/ip/basic/fcip_lead_one.sv'
Parsing design file '/home/lgzhu/dev/noc_work/lwnoc_network_demo/subs/lwnoc_dti_noc/fcip/ip/basic/fcip_lead_one_msb.sv'
Parsing design file '/home/lgzhu/dev/noc_work/lwnoc_network_demo/subs/lwnoc_dti_noc/fcip/ip/basic/fcip_lead_one_rev.sv'
Parsing design file '/home/lgzhu/dev/noc_work/lwnoc_network_demo/subs/lwnoc_dti_noc/fcip/ip/basic/fcip_lfsr4.sv'
Parsing design file '/home/lgzhu/dev/noc_work/lwnoc_network_demo/subs/lwnoc_dti_noc/fcip/ip/basic/fcip_list_lead_one.sv'
Parsing design file '/home/lgzhu/dev/noc_work/lwnoc_network_demo/subs/lwnoc_dti_noc/fcip/ip/basic/fcip_list_lead_one_rev.sv'
Parsing design file '/home/lgzhu/dev/noc_work/lwnoc_network_demo/subs/lwnoc_dti_noc/fcip/ip/basic/fcip_list_lead_zero.sv'
Parsing design file '/home/lgzhu/dev/noc_work/lwnoc_network_demo/subs/lwnoc_dti_noc/fcip/ip/basic/fcip_onehot2bin.sv'
Parsing design file '/home/lgzhu/dev/noc_work/lwnoc_network_demo/subs/lwnoc_dti_noc/fcip/ip/basic/fcip_real_mux_onehot.sv'
Parsing design file '/home/lgzhu/dev/noc_work/lwnoc_network_demo/subs/lwnoc_dti_noc/fcip/ip/basic/fcip_rob_id_dec.sv'
Parsing design file '/home/lgzhu/dev/noc_work/lwnoc_network_demo/subs/lwnoc_dti_noc/fcip/ip/basic/fcip_rob_prealloc.sv'
Parsing design file '/home/lgzhu/dev/noc_work/lwnoc_network_demo/subs/lwnoc_dti_noc/fcip/ip/basic/fcip_onehot_demux.sv'
Parsing design file '/home/lgzhu/dev/noc_work/lwnoc_network_demo/subs/lwnoc_dti_noc/fcip/ip/basic/fcip_onehot_mux_pld.sv'
Parsing design file '/home/lgzhu/dev/noc_work/lwnoc_network_demo/subs/lwnoc_dti_noc/fcip/ip/async_fifo/fcip_afifo.sv'
Parsing design file '/home/lgzhu/dev/noc_work/lwnoc_network_demo/subs/lwnoc_dti_noc/fcip/ip/async_fifo/fcip_afifo_mst.sv'
Parsing design file '/home/lgzhu/dev/noc_work/lwnoc_network_demo/subs/lwnoc_dti_noc/fcip/ip/async_fifo/fcip_afifo_slv.sv'
Parsing design file '/home/lgzhu/dev/noc_work/lwnoc_network_demo/subs/lwnoc_dti_noc/fcip/ip/async_fifo/fcip_apb_afifo.sv'
Parsing design file '/home/lgzhu/dev/noc_work/lwnoc_network_demo/subs/lwnoc_dti_noc/fcip/ip/async_fifo/fcip_axi_afifo/fcip_axi_afifo_mst.sv'
Parsing design file '/home/lgzhu/dev/noc_work/lwnoc_network_demo/subs/lwnoc_dti_noc/fcip/ip/async_fifo/fcip_axi_afifo/fcip_axi_afifo_slv.sv'
Parsing design file '/home/lgzhu/dev/noc_work/lwnoc_network_demo/subs/lwnoc_dti_noc/fcip/ip/async_fifo/fcip_axi_afifo/fcip_axi_afifo.sv'
Parsing design file '/home/lgzhu/dev/noc_work/lwnoc_network_demo/subs/lwnoc_dti_noc/fcip/ip/async_fifo/fcip_req_rsp_afifo_mst.sv'
Parsing design file '/home/lgzhu/dev/noc_work/lwnoc_network_demo/subs/lwnoc_dti_noc/fcip/ip/async_fifo/fcip_req_rsp_afifo_slv.sv'
Parsing design file '/home/lgzhu/dev/noc_work/lwnoc_network_demo/subs/lwnoc_dti_noc/fcip/ip/async_fifo/fcip_req_rsp_afifo.sv'
Parsing design file '/home/lgzhu/dev/noc_work/lwnoc_network_demo/subs/lwnoc_dti_noc/fcip/ip/async_fifo/fcip_afifo_doub.sv'
Parsing design file '/home/lgzhu/dev/noc_work/lwnoc_network_demo/subs/lwnoc_dti_noc/fcip/ip/async_fifo/fcip_afifo_mst_doub.sv'
Parsing design file '/home/lgzhu/dev/noc_work/lwnoc_network_demo/subs/lwnoc_dti_noc/fcip/ip/async_fifo/fcip_afifo_slv_doub.sv'
Parsing design file '/home/lgzhu/dev/noc_work/lwnoc_network_demo/subs/lwnoc_dti_noc/fcip/ip/arbiter/fcip_arb_matrix.sv'
Parsing design file '/home/lgzhu/dev/noc_work/lwnoc_network_demo/subs/lwnoc_dti_noc/fcip/ip/arbiter/fcip_arb_vrp.sv'
Parsing design file '/home/lgzhu/dev/noc_work/lwnoc_network_demo/subs/lwnoc_dti_noc/fcip/ip/arbiter/fcip_fix_arb.sv'
Parsing design file '/home/lgzhu/dev/noc_work/lwnoc_network_demo/subs/lwnoc_dti_noc/fcip/ip/arbiter/fcip_grant_gen_fp.sv'
Parsing design file '/home/lgzhu/dev/noc_work/lwnoc_network_demo/subs/lwnoc_dti_noc/fcip/ip/arbiter/fcip_grant_gen_rr.sv'
Parsing design file '/home/lgzhu/dev/noc_work/lwnoc_network_demo/subs/lwnoc_dti_noc/fcip/ip/arbiter/fcip_mtx_gen_age.sv'
Parsing design file '/home/lgzhu/dev/noc_work/lwnoc_network_demo/subs/lwnoc_dti_noc/fcip/ip/arbiter/fcip_mtx_gen_plru_tree.sv'
Parsing design file '/home/lgzhu/dev/noc_work/lwnoc_network_demo/subs/lwnoc_dti_noc/fcip/ip/arbiter/fcip_tree_plru_comb.sv'
Parsing design file '/home/lgzhu/dev/noc_work/lwnoc_network_demo/subs/lwnoc_dti_noc/fcip/ip/arbiter/fcip_arb_vr_matrix.sv'
Parsing design file '/home/lgzhu/dev/noc_work/lwnoc_network_demo/subs/lwnoc_dti_noc/fcip/ip/arbiter/fcip_age_matrix_list.sv'
Parsing design file '/home/lgzhu/dev/noc_work/lwnoc_network_demo/subs/lwnoc_dti_noc/fcip/ip/arbiter/fcip_age_matrix.sv'
Parsing design file '/home/lgzhu/dev/noc_work/lwnoc_network_demo/subs/lwnoc_dti_noc/fcip/ip/arbiter/fcip_arb_vrp_matrix.sv'
Parsing design file '/home/lgzhu/dev/noc_work/lwnoc_network_demo/subs/lwnoc_dti_noc/fcip/ip/stdcell_wrap/fcip_marker.sv'
Parsing design file '/home/lgzhu/dev/noc_work/lwnoc_network_demo/subs/lwnoc_dti_noc/fcip/ip/stdcell_wrap/fcip_clk_marker.sv'
Parsing design file '/home/lgzhu/dev/noc_work/lwnoc_network_demo/subs/lwnoc_dti_noc/fcip/ip/stdcell_wrap/fcip_data_pipe.sv'
Parsing design file '/home/lgzhu/dev/noc_work/lwnoc_network_demo/subs/lwnoc_dti_noc/fcip/ip/stdcell_wrap/fcip_sync_arst.sv'
Parsing design file '/home/lgzhu/dev/noc_work/lwnoc_network_demo/subs/lwnoc_dti_noc/fcip/ip/stdcell_wrap/fcip_sync_aset.sv'
Parsing design file '/home/lgzhu/dev/noc_work/lwnoc_network_demo/subs/lwnoc_dti_noc/fcip/ip/stdcell_wrap/fcip_sync_cell.sv'
Parsing design file '/home/lgzhu/dev/noc_work/lwnoc_network_demo/subs/lwnoc_dti_noc/lwnoc_lowpower_component/src/rtl/lwnoc_lp_define_package.sv'
Parsing design file '/home/lgzhu/dev/noc_work/lwnoc_network_demo/subs/lwnoc_dti_noc/lwnoc_lowpower_component/src/rtl/lwnoc_lp_struct_package.sv'
Parsing design file '/home/lgzhu/dev/noc_work/lwnoc_network_demo/subs/lwnoc_dti_noc/lwnoc_lowpower_component/src/rtl/lp_common/lwnoc_lp_endpoint.sv'
Parsing design file '/home/lgzhu/dev/noc_work/lwnoc_network_demo/subs/lwnoc_dti_noc/lwnoc_lowpower_component/src/rtl/lp_common/lwnoc_lp_nest.sv'
Parsing design file '/home/lgzhu/dev/noc_work/lwnoc_network_demo/subs/lwnoc_dti_noc/lwnoc_lowpower_component/src/rtl/lp_common/lwnoc_lp_slv_adapter.sv'
Parsing design file '/home/lgzhu/dev/noc_work/lwnoc_network_demo/subs/lwnoc_dti_noc/lwnoc_lowpower_component/src/rtl/lp_common/lwnoc_lp_slv_wrapper.sv'
Parsing design file '/home/lgzhu/dev/noc_work/lwnoc_network_demo/subs/lwnoc_dti_noc/lwnoc_lowpower_component/src/rtl/lp_common/lp_fsm/lwnoc_lp_stg2_fsm.sv'
Parsing design file '/home/lgzhu/dev/noc_work/lwnoc_network_demo/subs/lwnoc_dti_noc/lwnoc_lowpower_component/src/rtl/lp_common/lp_fsm/lwnoc_lp_stg1_fsm.sv'
Parsing design file '/home/lgzhu/dev/noc_work/lwnoc_network_demo/subs/lwnoc_dti_noc/lwnoc_lowpower_component/src/rtl/lp_common/lp_fsm/lwnoc_lp_niu_fsm.sv'
Parsing design file '/home/lgzhu/dev/noc_work/lwnoc_network_demo/subs/lwnoc_dti_noc/lwnoc_lowpower_component/src/rtl/lp_hub/lwnoc_lp_subhub.sv'
Parsing design file '/home/lgzhu/dev/noc_work/lwnoc_network_demo/subs/lwnoc_dti_noc/lwnoc_lowpower_component/src/rtl/lp_hub/lwnoc_lp_hub_3terminal.sv'
Parsing design file '/home/lgzhu/dev/noc_work/lwnoc_network_demo/subs/lwnoc_dti_noc/lwnoc_lowpower_component/src/rtl/lp_hub/lwnoc_lp_hub_tiny_wrapper.sv'
Parsing design file '/home/lgzhu/dev/noc_work/lwnoc_network_demo/subs/lwnoc_dti_noc/lwnoc_lowpower_component/src/rtl/lp_hub/lwnoc_lp_hub_small_wrapper.sv'
Parsing design file '/home/lgzhu/dev/noc_work/lwnoc_network_demo/subs/lwnoc_dti_noc/lwnoc_lowpower_component/src/rtl/lp_hub/lwnoc_lp_hub_large_wrapper.sv'
Parsing design file '/home/lgzhu/dev/noc_work/lwnoc_network_demo/subs/lwnoc_dti_noc/lwnoc_lowpower_component/src/rtl/lp_hub/lwnoc_lp_hub_wrapper.sv'
Parsing design file '/home/lgzhu/dev/noc_work/lwnoc_network_demo/subs/lwnoc_dti_noc/lwnoc_lowpower_component/src/rtl/lp_tniu/lwnoc_lp_tniu_async_bridge.sv'
Parsing design file '/home/lgzhu/dev/noc_work/lwnoc_network_demo/subs/lwnoc_dti_noc/lwnoc_lowpower_component/src/rtl/lp_tniu/lwnoc_lp_tniu_func_tniu.sv'
Parsing design file '/home/lgzhu/dev/noc_work/lwnoc_network_demo/subs/lwnoc_dti_noc/lwnoc_lowpower_component/src/rtl/lp_tniu/lwnoc_lp_tniu_func_iniu.sv'
Parsing design file '/home/lgzhu/dev/noc_work/lwnoc_network_demo/subs/lwnoc_dti_noc/lwnoc_lowpower_component/src/rtl/lp_tniu/lwnoc_lp_tniu_dummy_mst.sv'
Parsing design file '/home/lgzhu/dev/noc_work/lwnoc_network_demo/subs/lwnoc_dti_noc/lwnoc_lowpower_component/src/rtl/lp_tniu/lwnoc_lp_tniu_default_slv.sv'
Parsing design file '/home/lgzhu/dev/noc_work/lwnoc_network_demo/subs/lwnoc_dti_noc/lwnoc_lowpower_component/src/rtl/lp_tniu/lwnoc_lp_tniu_stall_logic.sv'
Parsing design file '/home/lgzhu/dev/noc_work/lwnoc_network_demo/subs/lwnoc_dti_noc/lwnoc_lowpower_component/src/rtl/lp_iniu/lwnoc_lp_pchn_niu.sv'
Parsing design file '/home/lgzhu/dev/noc_work/lwnoc_network_demo/subs/lwnoc_dti_noc/lwnoc_lowpower_component/src/rtl/lp_iniu/lwnoc_lp_iniu.sv'
Parsing design file '/home/lgzhu/dev/noc_work/lwnoc_network_demo/soc_dti_noc_demo/build_logic/soc_dti_network_component/soc_dti_sw_dsp6_dti_noc_switch.sv'
Parsing design file '/home/lgzhu/dev/noc_work/lwnoc_network_demo/soc_dti_noc_demo/build_logic/soc_dti_network_component/soc_dti_sw_dsp6_dti_switch_6i1o_wrap.sv'
Parsing design file '/home/lgzhu/dev/noc_work/lwnoc_network_demo/soc_dti_noc_demo/build_logic/soc_dti_network_component/soc_dti_sw_gpu4_dti_noc_switch.sv'
Parsing design file '/home/lgzhu/dev/noc_work/lwnoc_network_demo/soc_dti_noc_demo/build_logic/soc_dti_network_component/soc_dti_sw_gpu4_dti_switch_4i1o_wrap.sv'
Parsing design file '/home/lgzhu/dev/noc_work/lwnoc_network_demo/soc_dti_noc_demo/build_logic/soc_dti_network_component/soc_dti_sw_io5_dti_noc_switch.sv'
Parsing design file '/home/lgzhu/dev/noc_work/lwnoc_network_demo/soc_dti_noc_demo/build_logic/soc_dti_network_component/soc_dti_sw_io5_dti_switch_5i1o_wrap.sv'
Parsing design file '/home/lgzhu/dev/noc_work/lwnoc_network_demo/soc_dti_noc_demo/build_logic/soc_dti_network_component/soc_dti_sw_right_dti_noc_switch.sv'
Parsing design file '/home/lgzhu/dev/noc_work/lwnoc_network_demo/soc_dti_noc_demo/build_logic/soc_dti_network_component/soc_dti_sw_right_dti_switch_2i1o_wrap.sv'
Parsing design file '/home/lgzhu/dev/noc_work/lwnoc_network_demo/soc_dti_noc_demo/build_logic/soc_dti_network_component/soc_dti_sw_root_dti_noc_switch.sv'
Parsing design file '/home/lgzhu/dev/noc_work/lwnoc_network_demo/soc_dti_noc_demo/build_logic/soc_dti_network_component/soc_dti_sw_root_dti_switch_2i1o_wrap.sv'
Parsing design file '/home/lgzhu/dev/noc_work/lwnoc_network_demo/soc_dti_noc_demo/build_logic/dti_iniu_top_side/dti_iniu_top_dti_pr_iniu_define.sv'
Parsing design file '/home/lgzhu/dev/noc_work/lwnoc_network_demo/soc_dti_noc_demo/build_logic/dti_iniu_top_side/dti_iniu_top_dti_iniu_pack.sv'
Parsing design file '/home/lgzhu/dev/noc_work/lwnoc_network_demo/soc_dti_noc_demo/build_logic/dti_iniu_top_side/dti_iniu_top_dti_pr_iniu_async_top_side.sv'
Parsing design file '/home/lgzhu/dev/noc_work/lwnoc_network_demo/soc_dti_noc_demo/build_logic/soc_dti_top_wrap/display_ss_top_wrap.v'
Parsing design file '/home/lgzhu/dev/noc_work/lwnoc_network_demo/soc_dti_noc_demo/build_logic/display_ss_iniu_sys/display_ss_dti_pr_iniu_define.sv'
Parsing design file '/home/lgzhu/dev/noc_work/lwnoc_network_demo/soc_dti_noc_demo/build_logic/display_ss_iniu_sys/display_ss_dti_iniu_pack.sv'
Parsing design file '/home/lgzhu/dev/noc_work/lwnoc_network_demo/soc_dti_noc_demo/build_logic/display_ss_iniu_sys/display_ss_dti_pr_rob_state_entry.sv'
Parsing design file '/home/lgzhu/dev/noc_work/lwnoc_network_demo/soc_dti_noc_demo/build_logic/display_ss_iniu_sys/display_ss_dti_pr.sv'
Parsing design file '/home/lgzhu/dev/noc_work/lwnoc_network_demo/soc_dti_noc_demo/build_logic/display_ss_iniu_sys/display_ss_dti_to_gnpd_conv.sv'
Parsing design file '/home/lgzhu/dev/noc_work/lwnoc_network_demo/soc_dti_noc_demo/build_logic/display_ss_iniu_sys/display_ss_dti_pr_iniu_async_sys_side.sv'
Parsing design file '/home/lgzhu/dev/noc_work/lwnoc_network_demo/soc_dti_noc_demo/build_logic/soc_dti_top_wrap/display_ss_iniu_sys_wrap.v'
Parsing design file '/home/lgzhu/dev/noc_work/lwnoc_network_demo/soc_dti_noc_demo/build_logic/soc_dti_top_wrap/display_ss_iniu_node.v'
Parsing design file '/home/lgzhu/dev/noc_work/lwnoc_network_demo/soc_dti_noc_demo/build_logic/soc_dti_top_wrap/dp_ss_top_wrap.v'
Parsing design file '/home/lgzhu/dev/noc_work/lwnoc_network_demo/soc_dti_noc_demo/build_logic/dp_ss_iniu_sys/dp_ss_dti_pr_iniu_define.sv'
Parsing design file '/home/lgzhu/dev/noc_work/lwnoc_network_demo/soc_dti_noc_demo/build_logic/dp_ss_iniu_sys/dp_ss_dti_iniu_pack.sv'
Parsing design file '/home/lgzhu/dev/noc_work/lwnoc_network_demo/soc_dti_noc_demo/build_logic/dp_ss_iniu_sys/dp_ss_dti_pr_rob_state_entry.sv'
Parsing design file '/home/lgzhu/dev/noc_work/lwnoc_network_demo/soc_dti_noc_demo/build_logic/dp_ss_iniu_sys/dp_ss_dti_pr.sv'
Parsing design file '/home/lgzhu/dev/noc_work/lwnoc_network_demo/soc_dti_noc_demo/build_logic/dp_ss_iniu_sys/dp_ss_dti_to_gnpd_conv.sv'
Parsing design file '/home/lgzhu/dev/noc_work/lwnoc_network_demo/soc_dti_noc_demo/build_logic/dp_ss_iniu_sys/dp_ss_dti_pr_iniu_async_sys_side.sv'
Parsing design file '/home/lgzhu/dev/noc_work/lwnoc_network_demo/soc_dti_noc_demo/build_logic/soc_dti_top_wrap/dp_ss_iniu_sys_wrap.v'
Parsing design file '/home/lgzhu/dev/noc_work/lwnoc_network_demo/soc_dti_noc_demo/build_logic/soc_dti_top_wrap/dp_ss_iniu_node.v'
Parsing design file '/home/lgzhu/dev/noc_work/lwnoc_network_demo/soc_dti_noc_demo/build_logic/soc_dti_top_wrap/gpu_ss1_top_wrap.v'
Parsing design file '/home/lgzhu/dev/noc_work/lwnoc_network_demo/soc_dti_noc_demo/build_logic/gpu_ss1_iniu_sys/gpu_ss1_dti_pr_iniu_define.sv'
Parsing design file '/home/lgzhu/dev/noc_work/lwnoc_network_demo/soc_dti_noc_demo/build_logic/gpu_ss1_iniu_sys/gpu_ss1_dti_iniu_pack.sv'
Parsing design file '/home/lgzhu/dev/noc_work/lwnoc_network_demo/soc_dti_noc_demo/build_logic/gpu_ss1_iniu_sys/gpu_ss1_dti_pr_rob_state_entry.sv'
Parsing design file '/home/lgzhu/dev/noc_work/lwnoc_network_demo/soc_dti_noc_demo/build_logic/gpu_ss1_iniu_sys/gpu_ss1_dti_pr.sv'
Parsing design file '/home/lgzhu/dev/noc_work/lwnoc_network_demo/soc_dti_noc_demo/build_logic/gpu_ss1_iniu_sys/gpu_ss1_dti_to_gnpd_conv.sv'
Parsing design file '/home/lgzhu/dev/noc_work/lwnoc_network_demo/soc_dti_noc_demo/build_logic/gpu_ss1_iniu_sys/gpu_ss1_dti_pr_iniu_async_sys_side.sv'
Parsing design file '/home/lgzhu/dev/noc_work/lwnoc_network_demo/soc_dti_noc_demo/build_logic/soc_dti_top_wrap/gpu_ss1_iniu_sys_wrap.v'
Parsing design file '/home/lgzhu/dev/noc_work/lwnoc_network_demo/soc_dti_noc_demo/build_logic/soc_dti_top_wrap/gpu_ss1_iniu_node.v'
Parsing design file '/home/lgzhu/dev/noc_work/lwnoc_network_demo/soc_dti_noc_demo/build_logic/soc_dti_top_wrap/gpu_ss0_top_wrap.v'
Parsing design file '/home/lgzhu/dev/noc_work/lwnoc_network_demo/soc_dti_noc_demo/build_logic/gpu_ss0_iniu_sys/gpu_ss0_dti_pr_iniu_define.sv'
Parsing design file '/home/lgzhu/dev/noc_work/lwnoc_network_demo/soc_dti_noc_demo/build_logic/gpu_ss0_iniu_sys/gpu_ss0_dti_iniu_pack.sv'
Parsing design file '/home/lgzhu/dev/noc_work/lwnoc_network_demo/soc_dti_noc_demo/build_logic/gpu_ss0_iniu_sys/gpu_ss0_dti_pr_rob_state_entry.sv'
Parsing design file '/home/lgzhu/dev/noc_work/lwnoc_network_demo/soc_dti_noc_demo/build_logic/gpu_ss0_iniu_sys/gpu_ss0_dti_pr.sv'
Parsing design file '/home/lgzhu/dev/noc_work/lwnoc_network_demo/soc_dti_noc_demo/build_logic/gpu_ss0_iniu_sys/gpu_ss0_dti_to_gnpd_conv.sv'
Parsing design file '/home/lgzhu/dev/noc_work/lwnoc_network_demo/soc_dti_noc_demo/build_logic/gpu_ss0_iniu_sys/gpu_ss0_dti_pr_iniu_async_sys_side.sv'
Parsing design file '/home/lgzhu/dev/noc_work/lwnoc_network_demo/soc_dti_noc_demo/build_logic/soc_dti_top_wrap/gpu_ss0_iniu_sys_wrap.v'
Parsing design file '/home/lgzhu/dev/noc_work/lwnoc_network_demo/soc_dti_noc_demo/build_logic/soc_dti_top_wrap/gpu_ss0_iniu_node.v'
Parsing design file '/home/lgzhu/dev/noc_work/lwnoc_network_demo/soc_dti_noc_demo/build_logic/soc_dti_top_wrap/mipi_ss_top_wrap.v'
Parsing design file '/home/lgzhu/dev/noc_work/lwnoc_network_demo/soc_dti_noc_demo/build_logic/mipi_ss_iniu_sys/mipi_ss_dti_pr_iniu_define.sv'
Parsing design file '/home/lgzhu/dev/noc_work/lwnoc_network_demo/soc_dti_noc_demo/build_logic/mipi_ss_iniu_sys/mipi_ss_dti_iniu_pack.sv'
Parsing design file '/home/lgzhu/dev/noc_work/lwnoc_network_demo/soc_dti_noc_demo/build_logic/mipi_ss_iniu_sys/mipi_ss_dti_pr_rob_state_entry.sv'
Parsing design file '/home/lgzhu/dev/noc_work/lwnoc_network_demo/soc_dti_noc_demo/build_logic/mipi_ss_iniu_sys/mipi_ss_dti_pr.sv'
Parsing design file '/home/lgzhu/dev/noc_work/lwnoc_network_demo/soc_dti_noc_demo/build_logic/mipi_ss_iniu_sys/mipi_ss_dti_to_gnpd_conv.sv'
Parsing design file '/home/lgzhu/dev/noc_work/lwnoc_network_demo/soc_dti_noc_demo/build_logic/mipi_ss_iniu_sys/mipi_ss_dti_pr_iniu_async_sys_side.sv'
Parsing design file '/home/lgzhu/dev/noc_work/lwnoc_network_demo/soc_dti_noc_demo/build_logic/soc_dti_top_wrap/mipi_ss_iniu_sys_wrap.v'
Parsing design file '/home/lgzhu/dev/noc_work/lwnoc_network_demo/soc_dti_noc_demo/build_logic/soc_dti_top_wrap/mipi_ss_iniu_node.v'
Parsing design file '/home/lgzhu/dev/noc_work/lwnoc_network_demo/soc_dti_noc_demo/build_logic/soc_dti_top_wrap/camera_ss_top_wrap.v'
Parsing design file '/home/lgzhu/dev/noc_work/lwnoc_network_demo/soc_dti_noc_demo/build_logic/camera_ss_iniu_sys/camera_ss_dti_pr_iniu_define.sv'
Parsing design file '/home/lgzhu/dev/noc_work/lwnoc_network_demo/soc_dti_noc_demo/build_logic/camera_ss_iniu_sys/camera_ss_dti_iniu_pack.sv'
Parsing design file '/home/lgzhu/dev/noc_work/lwnoc_network_demo/soc_dti_noc_demo/build_logic/camera_ss_iniu_sys/camera_ss_dti_pr_rob_state_entry.sv'
Parsing design file '/home/lgzhu/dev/noc_work/lwnoc_network_demo/soc_dti_noc_demo/build_logic/camera_ss_iniu_sys/camera_ss_dti_pr.sv'
Parsing design file '/home/lgzhu/dev/noc_work/lwnoc_network_demo/soc_dti_noc_demo/build_logic/camera_ss_iniu_sys/camera_ss_dti_to_gnpd_conv.sv'
Parsing design file '/home/lgzhu/dev/noc_work/lwnoc_network_demo/soc_dti_noc_demo/build_logic/camera_ss_iniu_sys/camera_ss_dti_pr_iniu_async_sys_side.sv'
Parsing design file '/home/lgzhu/dev/noc_work/lwnoc_network_demo/soc_dti_noc_demo/build_logic/soc_dti_top_wrap/camera_ss_iniu_sys_wrap.v'
Parsing design file '/home/lgzhu/dev/noc_work/lwnoc_network_demo/soc_dti_noc_demo/build_logic/soc_dti_top_wrap/camera_ss_iniu_node.v'
Parsing design file '/home/lgzhu/dev/noc_work/lwnoc_network_demo/soc_dti_noc_demo/build_logic/soc_dti_top_wrap/ufs_ss_top_wrap.v'
Parsing design file '/home/lgzhu/dev/noc_work/lwnoc_network_demo/soc_dti_noc_demo/build_logic/ufs_ss_iniu_sys/ufs_ss_dti_pr_iniu_define.sv'
Parsing design file '/home/lgzhu/dev/noc_work/lwnoc_network_demo/soc_dti_noc_demo/build_logic/ufs_ss_iniu_sys/ufs_ss_dti_iniu_pack.sv'
Parsing design file '/home/lgzhu/dev/noc_work/lwnoc_network_demo/soc_dti_noc_demo/build_logic/ufs_ss_iniu_sys/ufs_ss_dti_pr_rob_state_entry.sv'
Parsing design file '/home/lgzhu/dev/noc_work/lwnoc_network_demo/soc_dti_noc_demo/build_logic/ufs_ss_iniu_sys/ufs_ss_dti_pr.sv'
Parsing design file '/home/lgzhu/dev/noc_work/lwnoc_network_demo/soc_dti_noc_demo/build_logic/ufs_ss_iniu_sys/ufs_ss_dti_to_gnpd_conv.sv'
Parsing design file '/home/lgzhu/dev/noc_work/lwnoc_network_demo/soc_dti_noc_demo/build_logic/ufs_ss_iniu_sys/ufs_ss_dti_pr_iniu_async_sys_side.sv'
Parsing design file '/home/lgzhu/dev/noc_work/lwnoc_network_demo/soc_dti_noc_demo/build_logic/soc_dti_top_wrap/ufs_ss_iniu_sys_wrap.v'
Parsing design file '/home/lgzhu/dev/noc_work/lwnoc_network_demo/soc_dti_noc_demo/build_logic/soc_dti_top_wrap/ufs_ss_iniu_node.v'
Parsing design file '/home/lgzhu/dev/noc_work/lwnoc_network_demo/soc_dti_noc_demo/build_logic/soc_dti_top_wrap/pcie_rtg_ss_top_wrap.v'
Parsing design file '/home/lgzhu/dev/noc_work/lwnoc_network_demo/soc_dti_noc_demo/build_logic/pcie_rtg_ss_iniu_sys/pcie_rtg_ss_dti_pr_iniu_define.sv'
Parsing design file '/home/lgzhu/dev/noc_work/lwnoc_network_demo/soc_dti_noc_demo/build_logic/pcie_rtg_ss_iniu_sys/pcie_rtg_ss_dti_iniu_pack.sv'
Parsing design file '/home/lgzhu/dev/noc_work/lwnoc_network_demo/soc_dti_noc_demo/build_logic/pcie_rtg_ss_iniu_sys/pcie_rtg_ss_dti_pr_rob_state_entry.sv'
Parsing design file '/home/lgzhu/dev/noc_work/lwnoc_network_demo/soc_dti_noc_demo/build_logic/pcie_rtg_ss_iniu_sys/pcie_rtg_ss_dti_pr.sv'
Parsing design file '/home/lgzhu/dev/noc_work/lwnoc_network_demo/soc_dti_noc_demo/build_logic/pcie_rtg_ss_iniu_sys/pcie_rtg_ss_dti_to_gnpd_conv.sv'
Parsing design file '/home/lgzhu/dev/noc_work/lwnoc_network_demo/soc_dti_noc_demo/build_logic/pcie_rtg_ss_iniu_sys/pcie_rtg_ss_dti_pr_iniu_async_sys_side.sv'
Parsing design file '/home/lgzhu/dev/noc_work/lwnoc_network_demo/soc_dti_noc_demo/build_logic/soc_dti_top_wrap/pcie_rtg_ss_iniu_sys_wrap.v'
Parsing design file '/home/lgzhu/dev/noc_work/lwnoc_network_demo/soc_dti_noc_demo/build_logic/soc_dti_top_wrap/pcie_rtg_ss_iniu_node.v'
Parsing design file '/home/lgzhu/dev/noc_work/lwnoc_network_demo/soc_dti_noc_demo/build_logic/soc_dti_top_wrap/vpu_ss_top_wrap.v'
Parsing design file '/home/lgzhu/dev/noc_work/lwnoc_network_demo/soc_dti_noc_demo/build_logic/vpu_ss_iniu_sys/vpu_ss_dti_pr_iniu_define.sv'
Parsing design file '/home/lgzhu/dev/noc_work/lwnoc_network_demo/soc_dti_noc_demo/build_logic/vpu_ss_iniu_sys/vpu_ss_dti_iniu_pack.sv'
Parsing design file '/home/lgzhu/dev/noc_work/lwnoc_network_demo/soc_dti_noc_demo/build_logic/vpu_ss_iniu_sys/vpu_ss_dti_pr_rob_state_entry.sv'
Parsing design file '/home/lgzhu/dev/noc_work/lwnoc_network_demo/soc_dti_noc_demo/build_logic/vpu_ss_iniu_sys/vpu_ss_dti_pr.sv'
Parsing design file '/home/lgzhu/dev/noc_work/lwnoc_network_demo/soc_dti_noc_demo/build_logic/vpu_ss_iniu_sys/vpu_ss_dti_to_gnpd_conv.sv'
Parsing design file '/home/lgzhu/dev/noc_work/lwnoc_network_demo/soc_dti_noc_demo/build_logic/vpu_ss_iniu_sys/vpu_ss_dti_pr_iniu_async_sys_side.sv'
Parsing design file '/home/lgzhu/dev/noc_work/lwnoc_network_demo/soc_dti_noc_demo/build_logic/soc_dti_top_wrap/vpu_ss_iniu_sys_wrap.v'
Parsing design file '/home/lgzhu/dev/noc_work/lwnoc_network_demo/soc_dti_noc_demo/build_logic/soc_dti_top_wrap/vpu_ss_iniu_node.v'
Parsing design file '/home/lgzhu/dev/noc_work/lwnoc_network_demo/soc_dti_noc_demo/build_logic/soc_dti_top_wrap/dsp_ss5_top_wrap.v'
Parsing design file '/home/lgzhu/dev/noc_work/lwnoc_network_demo/soc_dti_noc_demo/build_logic/dsp_ss5_iniu_sys/dsp_ss5_dti_pr_iniu_define.sv'
Parsing design file '/home/lgzhu/dev/noc_work/lwnoc_network_demo/soc_dti_noc_demo/build_logic/dsp_ss5_iniu_sys/dsp_ss5_dti_iniu_pack.sv'
Parsing design file '/home/lgzhu/dev/noc_work/lwnoc_network_demo/soc_dti_noc_demo/build_logic/dsp_ss5_iniu_sys/dsp_ss5_dti_pr_rob_state_entry.sv'
Parsing design file '/home/lgzhu/dev/noc_work/lwnoc_network_demo/soc_dti_noc_demo/build_logic/dsp_ss5_iniu_sys/dsp_ss5_dti_pr.sv'
Parsing design file '/home/lgzhu/dev/noc_work/lwnoc_network_demo/soc_dti_noc_demo/build_logic/dsp_ss5_iniu_sys/dsp_ss5_dti_to_gnpd_conv.sv'
Parsing design file '/home/lgzhu/dev/noc_work/lwnoc_network_demo/soc_dti_noc_demo/build_logic/dsp_ss5_iniu_sys/dsp_ss5_dti_pr_iniu_async_sys_side.sv'
Parsing design file '/home/lgzhu/dev/noc_work/lwnoc_network_demo/soc_dti_noc_demo/build_logic/soc_dti_top_wrap/dsp_ss5_iniu_sys_wrap.v'
Parsing design file '/home/lgzhu/dev/noc_work/lwnoc_network_demo/soc_dti_noc_demo/build_logic/soc_dti_top_wrap/dsp_ss5_iniu_node.v'
Parsing design file '/home/lgzhu/dev/noc_work/lwnoc_network_demo/soc_dti_noc_demo/build_logic/soc_dti_top_wrap/dsp_ss4_top_wrap.v'
Parsing design file '/home/lgzhu/dev/noc_work/lwnoc_network_demo/soc_dti_noc_demo/build_logic/dsp_ss4_iniu_sys/dsp_ss4_dti_pr_iniu_define.sv'
Parsing design file '/home/lgzhu/dev/noc_work/lwnoc_network_demo/soc_dti_noc_demo/build_logic/dsp_ss4_iniu_sys/dsp_ss4_dti_iniu_pack.sv'
Parsing design file '/home/lgzhu/dev/noc_work/lwnoc_network_demo/soc_dti_noc_demo/build_logic/dsp_ss4_iniu_sys/dsp_ss4_dti_pr_rob_state_entry.sv'
Parsing design file '/home/lgzhu/dev/noc_work/lwnoc_network_demo/soc_dti_noc_demo/build_logic/dsp_ss4_iniu_sys/dsp_ss4_dti_pr.sv'
Parsing design file '/home/lgzhu/dev/noc_work/lwnoc_network_demo/soc_dti_noc_demo/build_logic/dsp_ss4_iniu_sys/dsp_ss4_dti_to_gnpd_conv.sv'
Parsing design file '/home/lgzhu/dev/noc_work/lwnoc_network_demo/soc_dti_noc_demo/build_logic/dsp_ss4_iniu_sys/dsp_ss4_dti_pr_iniu_async_sys_side.sv'
Parsing design file '/home/lgzhu/dev/noc_work/lwnoc_network_demo/soc_dti_noc_demo/build_logic/soc_dti_top_wrap/dsp_ss4_iniu_sys_wrap.v'
Parsing design file '/home/lgzhu/dev/noc_work/lwnoc_network_demo/soc_dti_noc_demo/build_logic/soc_dti_top_wrap/dsp_ss4_iniu_node.v'
Parsing design file '/home/lgzhu/dev/noc_work/lwnoc_network_demo/soc_dti_noc_demo/build_logic/soc_dti_top_wrap/dsp_ss3_top_wrap.v'
Parsing design file '/home/lgzhu/dev/noc_work/lwnoc_network_demo/soc_dti_noc_demo/build_logic/dsp_ss3_iniu_sys/dsp_ss3_dti_pr_iniu_define.sv'
Parsing design file '/home/lgzhu/dev/noc_work/lwnoc_network_demo/soc_dti_noc_demo/build_logic/dsp_ss3_iniu_sys/dsp_ss3_dti_iniu_pack.sv'
Parsing design file '/home/lgzhu/dev/noc_work/lwnoc_network_demo/soc_dti_noc_demo/build_logic/dsp_ss3_iniu_sys/dsp_ss3_dti_pr_rob_state_entry.sv'
Parsing design file '/home/lgzhu/dev/noc_work/lwnoc_network_demo/soc_dti_noc_demo/build_logic/dsp_ss3_iniu_sys/dsp_ss3_dti_pr.sv'
Parsing design file '/home/lgzhu/dev/noc_work/lwnoc_network_demo/soc_dti_noc_demo/build_logic/dsp_ss3_iniu_sys/dsp_ss3_dti_to_gnpd_conv.sv'
Parsing design file '/home/lgzhu/dev/noc_work/lwnoc_network_demo/soc_dti_noc_demo/build_logic/dsp_ss3_iniu_sys/dsp_ss3_dti_pr_iniu_async_sys_side.sv'
Parsing design file '/home/lgzhu/dev/noc_work/lwnoc_network_demo/soc_dti_noc_demo/build_logic/soc_dti_top_wrap/dsp_ss3_iniu_sys_wrap.v'
Parsing design file '/home/lgzhu/dev/noc_work/lwnoc_network_demo/soc_dti_noc_demo/build_logic/soc_dti_top_wrap/dsp_ss3_iniu_node.v'
Parsing design file '/home/lgzhu/dev/noc_work/lwnoc_network_demo/soc_dti_noc_demo/build_logic/soc_dti_top_wrap/dsp_ss2_top_wrap.v'
Parsing design file '/home/lgzhu/dev/noc_work/lwnoc_network_demo/soc_dti_noc_demo/build_logic/dsp_ss2_iniu_sys/dsp_ss2_dti_pr_iniu_define.sv'
Parsing design file '/home/lgzhu/dev/noc_work/lwnoc_network_demo/soc_dti_noc_demo/build_logic/dsp_ss2_iniu_sys/dsp_ss2_dti_iniu_pack.sv'
Parsing design file '/home/lgzhu/dev/noc_work/lwnoc_network_demo/soc_dti_noc_demo/build_logic/dsp_ss2_iniu_sys/dsp_ss2_dti_pr_rob_state_entry.sv'
Parsing design file '/home/lgzhu/dev/noc_work/lwnoc_network_demo/soc_dti_noc_demo/build_logic/dsp_ss2_iniu_sys/dsp_ss2_dti_pr.sv'
Parsing design file '/home/lgzhu/dev/noc_work/lwnoc_network_demo/soc_dti_noc_demo/build_logic/dsp_ss2_iniu_sys/dsp_ss2_dti_to_gnpd_conv.sv'
Parsing design file '/home/lgzhu/dev/noc_work/lwnoc_network_demo/soc_dti_noc_demo/build_logic/dsp_ss2_iniu_sys/dsp_ss2_dti_pr_iniu_async_sys_side.sv'
Parsing design file '/home/lgzhu/dev/noc_work/lwnoc_network_demo/soc_dti_noc_demo/build_logic/soc_dti_top_wrap/dsp_ss2_iniu_sys_wrap.v'
Parsing design file '/home/lgzhu/dev/noc_work/lwnoc_network_demo/soc_dti_noc_demo/build_logic/soc_dti_top_wrap/dsp_ss2_iniu_node.v'
Parsing design file '/home/lgzhu/dev/noc_work/lwnoc_network_demo/soc_dti_noc_demo/build_logic/soc_dti_top_wrap/dsp_ss1_top_wrap.v'
Parsing design file '/home/lgzhu/dev/noc_work/lwnoc_network_demo/soc_dti_noc_demo/build_logic/dsp_ss1_iniu_sys/dsp_ss1_dti_pr_iniu_define.sv'
Parsing design file '/home/lgzhu/dev/noc_work/lwnoc_network_demo/soc_dti_noc_demo/build_logic/dsp_ss1_iniu_sys/dsp_ss1_dti_iniu_pack.sv'
Parsing design file '/home/lgzhu/dev/noc_work/lwnoc_network_demo/soc_dti_noc_demo/build_logic/dsp_ss1_iniu_sys/dsp_ss1_dti_pr_rob_state_entry.sv'
Parsing design file '/home/lgzhu/dev/noc_work/lwnoc_network_demo/soc_dti_noc_demo/build_logic/dsp_ss1_iniu_sys/dsp_ss1_dti_pr.sv'
Parsing design file '/home/lgzhu/dev/noc_work/lwnoc_network_demo/soc_dti_noc_demo/build_logic/dsp_ss1_iniu_sys/dsp_ss1_dti_to_gnpd_conv.sv'
Parsing design file '/home/lgzhu/dev/noc_work/lwnoc_network_demo/soc_dti_noc_demo/build_logic/dsp_ss1_iniu_sys/dsp_ss1_dti_pr_iniu_async_sys_side.sv'
Parsing design file '/home/lgzhu/dev/noc_work/lwnoc_network_demo/soc_dti_noc_demo/build_logic/soc_dti_top_wrap/dsp_ss1_iniu_sys_wrap.v'
Parsing design file '/home/lgzhu/dev/noc_work/lwnoc_network_demo/soc_dti_noc_demo/build_logic/soc_dti_top_wrap/dsp_ss1_iniu_node.v'
Parsing design file '/home/lgzhu/dev/noc_work/lwnoc_network_demo/soc_dti_noc_demo/build_logic/soc_dti_top_wrap/dsp_ss0_top_wrap.v'
Parsing design file '/home/lgzhu/dev/noc_work/lwnoc_network_demo/soc_dti_noc_demo/build_logic/dsp_ss0_iniu_sys/dsp_ss0_dti_pr_iniu_define.sv'
Parsing design file '/home/lgzhu/dev/noc_work/lwnoc_network_demo/soc_dti_noc_demo/build_logic/dsp_ss0_iniu_sys/dsp_ss0_dti_iniu_pack.sv'
Parsing design file '/home/lgzhu/dev/noc_work/lwnoc_network_demo/soc_dti_noc_demo/build_logic/dsp_ss0_iniu_sys/dsp_ss0_dti_pr_rob_state_entry.sv'
Parsing design file '/home/lgzhu/dev/noc_work/lwnoc_network_demo/soc_dti_noc_demo/build_logic/dsp_ss0_iniu_sys/dsp_ss0_dti_pr.sv'
Parsing design file '/home/lgzhu/dev/noc_work/lwnoc_network_demo/soc_dti_noc_demo/build_logic/dsp_ss0_iniu_sys/dsp_ss0_dti_to_gnpd_conv.sv'
Parsing design file '/home/lgzhu/dev/noc_work/lwnoc_network_demo/soc_dti_noc_demo/build_logic/dsp_ss0_iniu_sys/dsp_ss0_dti_pr_iniu_async_sys_side.sv'
Parsing design file '/home/lgzhu/dev/noc_work/lwnoc_network_demo/soc_dti_noc_demo/build_logic/soc_dti_top_wrap/dsp_ss0_iniu_sys_wrap.v'
Parsing design file '/home/lgzhu/dev/noc_work/lwnoc_network_demo/soc_dti_noc_demo/build_logic/soc_dti_top_wrap/dsp_ss0_iniu_node.v'
Parsing design file '/home/lgzhu/dev/noc_work/lwnoc_network_demo/soc_dti_noc_demo/build_logic/dti_tniu_top_side/dti_tniu_top_dti_tniu_define.sv'
Parsing design file '/home/lgzhu/dev/noc_work/lwnoc_network_demo/soc_dti_noc_demo/build_logic/dti_tniu_top_side/dti_tniu_top_dti_tniu_pack.sv'
Parsing design file '/home/lgzhu/dev/noc_work/lwnoc_network_demo/soc_dti_noc_demo/build_logic/dti_tniu_top_side/dti_tniu_top_dti_tniu_async_top_side.sv'
Parsing design file '/home/lgzhu/dev/noc_work/lwnoc_network_demo/soc_dti_noc_demo/build_logic/soc_dti_top_wrap/sys_tcu_top_wrap.v'
Parsing design file '/home/lgzhu/dev/noc_work/lwnoc_network_demo/soc_dti_noc_demo/build_logic/sys_tcu_tniu_sys/sys_tcu_dti_tniu_define.sv'
Parsing design file '/home/lgzhu/dev/noc_work/lwnoc_network_demo/soc_dti_noc_demo/build_logic/sys_tcu_tniu_sys/sys_tcu_dti_tniu_pack.sv'
Parsing design file '/home/lgzhu/dev/noc_work/lwnoc_network_demo/soc_dti_noc_demo/build_logic/sys_tcu_tniu_sys/sys_tcu_gnpd_to_dti_conv.sv'
Parsing design file '/home/lgzhu/dev/noc_work/lwnoc_network_demo/soc_dti_noc_demo/build_logic/sys_tcu_tniu_sys/sys_tcu_dti_tniu_async_sys_side.sv'
Parsing design file '/home/lgzhu/dev/noc_work/lwnoc_network_demo/soc_dti_noc_demo/build_logic/soc_dti_top_wrap/sys_tcu_tniu_sys_wrap.v'
Parsing design file '/home/lgzhu/dev/noc_work/lwnoc_network_demo/soc_dti_noc_demo/build_logic/soc_dti_top_wrap/sys_tcu_tniu_node.v'
Parsing design file '/home/lgzhu/dev/noc_work/lwnoc_network_demo/soc_dti_noc_demo/build_logic/soc_dti_harden_up/gpu_ss0_iniu_top_wrap.v'
Parsing design file '/home/lgzhu/dev/noc_work/lwnoc_network_demo/soc_dti_noc_demo/build_logic/soc_dti_harden_up/gpu_ss1_iniu_top_wrap.v'
Parsing design file '/home/lgzhu/dev/noc_work/lwnoc_network_demo/soc_dti_noc_demo/build_logic/soc_dti_harden_up/dp_ss_iniu_top_wrap.v'
Parsing design file '/home/lgzhu/dev/noc_work/lwnoc_network_demo/soc_dti_noc_demo/build_logic/soc_dti_harden_up/display_ss_iniu_top_wrap.v'
Parsing design file '/home/lgzhu/dev/noc_work/lwnoc_network_demo/soc_dti_noc_demo/build_logic/soc_dti_harden_up/soc_dti_harden_up.v'
Parsing design file '/home/lgzhu/dev/noc_work/lwnoc_network_demo/soc_dti_noc_demo/build_logic/soc_dti_harden_dn/dsp_ss0_iniu_top_wrap.v'
Parsing design file '/home/lgzhu/dev/noc_work/lwnoc_network_demo/soc_dti_noc_demo/build_logic/soc_dti_harden_dn/dsp_ss1_iniu_top_wrap.v'
Parsing design file '/home/lgzhu/dev/noc_work/lwnoc_network_demo/soc_dti_noc_demo/build_logic/soc_dti_harden_dn/dsp_ss2_iniu_top_wrap.v'
Parsing design file '/home/lgzhu/dev/noc_work/lwnoc_network_demo/soc_dti_noc_demo/build_logic/soc_dti_harden_dn/dsp_ss3_iniu_top_wrap.v'
Parsing design file '/home/lgzhu/dev/noc_work/lwnoc_network_demo/soc_dti_noc_demo/build_logic/soc_dti_harden_dn/dsp_ss4_iniu_top_wrap.v'
Parsing design file '/home/lgzhu/dev/noc_work/lwnoc_network_demo/soc_dti_noc_demo/build_logic/soc_dti_harden_dn/dsp_ss5_iniu_top_wrap.v'
Parsing design file '/home/lgzhu/dev/noc_work/lwnoc_network_demo/soc_dti_noc_demo/build_logic/soc_dti_harden_dn/vpu_ss_iniu_top_wrap.v'
Parsing design file '/home/lgzhu/dev/noc_work/lwnoc_network_demo/soc_dti_noc_demo/build_logic/soc_dti_harden_dn/pcie_rtg_ss_iniu_top_wrap.v'
Parsing design file '/home/lgzhu/dev/noc_work/lwnoc_network_demo/soc_dti_noc_demo/build_logic/soc_dti_harden_dn/ufs_ss_iniu_top_wrap.v'
Parsing design file '/home/lgzhu/dev/noc_work/lwnoc_network_demo/soc_dti_noc_demo/build_logic/soc_dti_harden_dn/camera_ss_iniu_top_wrap.v'
Parsing design file '/home/lgzhu/dev/noc_work/lwnoc_network_demo/soc_dti_noc_demo/build_logic/soc_dti_harden_dn/mipi_ss_iniu_top_wrap.v'
Parsing design file '/home/lgzhu/dev/noc_work/lwnoc_network_demo/soc_dti_noc_demo/build_logic/soc_dti_harden_dn/sys_tcu_tniu_top_wrap.v'
Parsing design file '/home/lgzhu/dev/noc_work/lwnoc_network_demo/soc_dti_noc_demo/build_logic/soc_dti_harden_dn/soc_dti_harden_dn.v'
Parsing design file '/home/lgzhu/dev/noc_work/lwnoc_network_demo/soc_dti_noc_demo/build_logic/soc_dti_top_wrap/soc_dti_logic_topo.v'
Top Level Modules:
       soc_dti_logic_topo
No TimeScale specified

Warning-[ENUMASSIGN] Illegal assignment to enum variable
/home/lgzhu/dev/noc_work/lwnoc_network_demo/soc_dti_noc_demo/build_logic/soc_dti_top_wrap/display_ss_iniu_sys_wrap.v, 48
"display_ss_dti_pr_iniu_async_sys_side sys_side( .clk (clk_sys_clk),  .rst_n (rst_sys_n_rst_n),  .req_tvalid (dti_req_req_tvalid),  .req_tdata (dti_req_req_tdata),  .req_tkeep (dti_req_req_tkeep),  .req_tlast (dti_req_req_tlast),  .req_ttid (dti_req_req_ttid),  .req_tready (dti_req_req_tready),  .rsp_tvalid (dti_rsp_rsp_tvalid),  .rsp_tdata (dti_rsp_rsp_tdata),  .rsp_tkeep (dti_rsp_rsp_tkeep),  .rsp_tlast (dti_rsp_rsp_tlast),  .rsp_ttid (dti_rsp_rsp_ttid),  .rsp_tready (dti_rsp_rsp_tready),  .req_twakeup (req_twakeup_req_twakeup),  .rsp_twakeup (rsp_twakeup_rsp_twakeup),  .req_wptr_async (async_fifo_req_wptr_async),  .req_rptr_async (async_fifo_req_rptr_async),  .req_rptr_sync (async_fifo_req_rptr_sync),  .req_pld_sync (async_fifo_req_pld_sync),  .rsp_wp ... "
  Only expressions of the enum type can be assigned to an enum variable. 
  The type logic [(2 - 1):0] is incompatible with the enum 
  'lwnoc_pchannel_state_t'
  Expression: pchnl_ctrl_pstate
  Use the static cast operator to convert the expression to enum type.


Warning-[ENUMASSIGN] Illegal assignment to enum variable
/home/lgzhu/dev/noc_work/lwnoc_network_demo/soc_dti_noc_demo/build_logic/soc_dti_top_wrap/dp_ss_iniu_sys_wrap.v, 48
"dp_ss_dti_pr_iniu_async_sys_side sys_side( .clk (clk_sys_clk),  .rst_n (rst_sys_n_rst_n),  .req_tvalid (dti_req_req_tvalid),  .req_tdata (dti_req_req_tdata),  .req_tkeep (dti_req_req_tkeep),  .req_tlast (dti_req_req_tlast),  .req_ttid (dti_req_req_ttid),  .req_tready (dti_req_req_tready),  .rsp_tvalid (dti_rsp_rsp_tvalid),  .rsp_tdata (dti_rsp_rsp_tdata),  .rsp_tkeep (dti_rsp_rsp_tkeep),  .rsp_tlast (dti_rsp_rsp_tlast),  .rsp_ttid (dti_rsp_rsp_ttid),  .rsp_tready (dti_rsp_rsp_tready),  .req_twakeup (req_twakeup_req_twakeup),  .rsp_twakeup (rsp_twakeup_rsp_twakeup),  .req_wptr_async (async_fifo_req_wptr_async),  .req_rptr_async (async_fifo_req_rptr_async),  .req_rptr_sync (async_fifo_req_rptr_sync),  .req_pld_sync (async_fifo_req_pld_sync),  .rsp_wptr_as ... "
  Only expressions of the enum type can be assigned to an enum variable. 
  The type logic [(2 - 1):0] is incompatible with the enum 
  'lwnoc_pchannel_state_t'
  Expression: pchnl_ctrl_pstate
  Use the static cast operator to convert the expression to enum type.


Warning-[ENUMASSIGN] Illegal assignment to enum variable
/home/lgzhu/dev/noc_work/lwnoc_network_demo/soc_dti_noc_demo/build_logic/soc_dti_top_wrap/gpu_ss1_iniu_sys_wrap.v, 48
"gpu_ss1_dti_pr_iniu_async_sys_side sys_side( .clk (clk_sys_clk),  .rst_n (rst_sys_n_rst_n),  .req_tvalid (dti_req_req_tvalid),  .req_tdata (dti_req_req_tdata),  .req_tkeep (dti_req_req_tkeep),  .req_tlast (dti_req_req_tlast),  .req_ttid (dti_req_req_ttid),  .req_tready (dti_req_req_tready),  .rsp_tvalid (dti_rsp_rsp_tvalid),  .rsp_tdata (dti_rsp_rsp_tdata),  .rsp_tkeep (dti_rsp_rsp_tkeep),  .rsp_tlast (dti_rsp_rsp_tlast),  .rsp_ttid (dti_rsp_rsp_ttid),  .rsp_tready (dti_rsp_rsp_tready),  .req_twakeup (req_twakeup_req_twakeup),  .rsp_twakeup (rsp_twakeup_rsp_twakeup),  .req_wptr_async (async_fifo_req_wptr_async),  .req_rptr_async (async_fifo_req_rptr_async),  .req_rptr_sync (async_fifo_req_rptr_sync),  .req_pld_sync (async_fifo_req_pld_sync),  .rsp_wptr_ ... "
  Only expressions of the enum type can be assigned to an enum variable. 
  The type logic [(2 - 1):0] is incompatible with the enum 
  'lwnoc_pchannel_state_t'
  Expression: pchnl_ctrl_pstate
  Use the static cast operator to convert the expression to enum type.


Warning-[ENUMASSIGN] Illegal assignment to enum variable
/home/lgzhu/dev/noc_work/lwnoc_network_demo/soc_dti_noc_demo/build_logic/soc_dti_top_wrap/gpu_ss0_iniu_sys_wrap.v, 48
"gpu_ss0_dti_pr_iniu_async_sys_side sys_side( .clk (clk_sys_clk),  .rst_n (rst_sys_n_rst_n),  .req_tvalid (dti_req_req_tvalid),  .req_tdata (dti_req_req_tdata),  .req_tkeep (dti_req_req_tkeep),  .req_tlast (dti_req_req_tlast),  .req_ttid (dti_req_req_ttid),  .req_tready (dti_req_req_tready),  .rsp_tvalid (dti_rsp_rsp_tvalid),  .rsp_tdata (dti_rsp_rsp_tdata),  .rsp_tkeep (dti_rsp_rsp_tkeep),  .rsp_tlast (dti_rsp_rsp_tlast),  .rsp_ttid (dti_rsp_rsp_ttid),  .rsp_tready (dti_rsp_rsp_tready),  .req_twakeup (req_twakeup_req_twakeup),  .rsp_twakeup (rsp_twakeup_rsp_twakeup),  .req_wptr_async (async_fifo_req_wptr_async),  .req_rptr_async (async_fifo_req_rptr_async),  .req_rptr_sync (async_fifo_req_rptr_sync),  .req_pld_sync (async_fifo_req_pld_sync),  .rsp_wptr_ ... "
  Only expressions of the enum type can be assigned to an enum variable. 
  The type logic [(2 - 1):0] is incompatible with the enum 
  'lwnoc_pchannel_state_t'
  Expression: pchnl_ctrl_pstate
  Use the static cast operator to convert the expression to enum type.


Warning-[ENUMASSIGN] Illegal assignment to enum variable
/home/lgzhu/dev/noc_work/lwnoc_network_demo/soc_dti_noc_demo/build_logic/soc_dti_top_wrap/mipi_ss_iniu_sys_wrap.v, 48
"mipi_ss_dti_pr_iniu_async_sys_side sys_side( .clk (clk_sys_clk),  .rst_n (rst_sys_n_rst_n),  .req_tvalid (dti_req_req_tvalid),  .req_tdata (dti_req_req_tdata),  .req_tkeep (dti_req_req_tkeep),  .req_tlast (dti_req_req_tlast),  .req_ttid (dti_req_req_ttid),  .req_tready (dti_req_req_tready),  .rsp_tvalid (dti_rsp_rsp_tvalid),  .rsp_tdata (dti_rsp_rsp_tdata),  .rsp_tkeep (dti_rsp_rsp_tkeep),  .rsp_tlast (dti_rsp_rsp_tlast),  .rsp_ttid (dti_rsp_rsp_ttid),  .rsp_tready (dti_rsp_rsp_tready),  .req_twakeup (req_twakeup_req_twakeup),  .rsp_twakeup (rsp_twakeup_rsp_twakeup),  .req_wptr_async (async_fifo_req_wptr_async),  .req_rptr_async (async_fifo_req_rptr_async),  .req_rptr_sync (async_fifo_req_rptr_sync),  .req_pld_sync (async_fifo_req_pld_sync),  .rsp_wptr_ ... "
  Only expressions of the enum type can be assigned to an enum variable. 
  The type logic [(2 - 1):0] is incompatible with the enum 
  'lwnoc_pchannel_state_t'
  Expression: pchnl_ctrl_pstate
  Use the static cast operator to convert the expression to enum type.


Warning-[ENUMASSIGN] Illegal assignment to enum variable
/home/lgzhu/dev/noc_work/lwnoc_network_demo/soc_dti_noc_demo/build_logic/soc_dti_top_wrap/camera_ss_iniu_sys_wrap.v, 48
"camera_ss_dti_pr_iniu_async_sys_side sys_side( .clk (clk_sys_clk),  .rst_n (rst_sys_n_rst_n),  .req_tvalid (dti_req_req_tvalid),  .req_tdata (dti_req_req_tdata),  .req_tkeep (dti_req_req_tkeep),  .req_tlast (dti_req_req_tlast),  .req_ttid (dti_req_req_ttid),  .req_tready (dti_req_req_tready),  .rsp_tvalid (dti_rsp_rsp_tvalid),  .rsp_tdata (dti_rsp_rsp_tdata),  .rsp_tkeep (dti_rsp_rsp_tkeep),  .rsp_tlast (dti_rsp_rsp_tlast),  .rsp_ttid (dti_rsp_rsp_ttid),  .rsp_tready (dti_rsp_rsp_tready),  .req_twakeup (req_twakeup_req_twakeup),  .rsp_twakeup (rsp_twakeup_rsp_twakeup),  .req_wptr_async (async_fifo_req_wptr_async),  .req_rptr_async (async_fifo_req_rptr_async),  .req_rptr_sync (async_fifo_req_rptr_sync),  .req_pld_sync (async_fifo_req_pld_sync),  .rsp_wpt ... "
  Only expressions of the enum type can be assigned to an enum variable. 
  The type logic [(2 - 1):0] is incompatible with the enum 
  'lwnoc_pchannel_state_t'
  Expression: pchnl_ctrl_pstate
  Use the static cast operator to convert the expression to enum type.


Warning-[ENUMASSIGN] Illegal assignment to enum variable
/home/lgzhu/dev/noc_work/lwnoc_network_demo/soc_dti_noc_demo/build_logic/soc_dti_top_wrap/ufs_ss_iniu_sys_wrap.v, 48
"ufs_ss_dti_pr_iniu_async_sys_side sys_side( .clk (clk_sys_clk),  .rst_n (rst_sys_n_rst_n),  .req_tvalid (dti_req_req_tvalid),  .req_tdata (dti_req_req_tdata),  .req_tkeep (dti_req_req_tkeep),  .req_tlast (dti_req_req_tlast),  .req_ttid (dti_req_req_ttid),  .req_tready (dti_req_req_tready),  .rsp_tvalid (dti_rsp_rsp_tvalid),  .rsp_tdata (dti_rsp_rsp_tdata),  .rsp_tkeep (dti_rsp_rsp_tkeep),  .rsp_tlast (dti_rsp_rsp_tlast),  .rsp_ttid (dti_rsp_rsp_ttid),  .rsp_tready (dti_rsp_rsp_tready),  .req_twakeup (req_twakeup_req_twakeup),  .rsp_twakeup (rsp_twakeup_rsp_twakeup),  .req_wptr_async (async_fifo_req_wptr_async),  .req_rptr_async (async_fifo_req_rptr_async),  .req_rptr_sync (async_fifo_req_rptr_sync),  .req_pld_sync (async_fifo_req_pld_sync),  .rsp_wptr_a ... "
  Only expressions of the enum type can be assigned to an enum variable. 
  The type logic [(2 - 1):0] is incompatible with the enum 
  'lwnoc_pchannel_state_t'
  Expression: pchnl_ctrl_pstate
  Use the static cast operator to convert the expression to enum type.


Warning-[ENUMASSIGN] Illegal assignment to enum variable
/home/lgzhu/dev/noc_work/lwnoc_network_demo/soc_dti_noc_demo/build_logic/soc_dti_top_wrap/pcie_rtg_ss_iniu_sys_wrap.v, 48
"pcie_rtg_ss_dti_pr_iniu_async_sys_side sys_side( .clk (clk_sys_clk),  .rst_n (rst_sys_n_rst_n),  .req_tvalid (dti_req_req_tvalid),  .req_tdata (dti_req_req_tdata),  .req_tkeep (dti_req_req_tkeep),  .req_tlast (dti_req_req_tlast),  .req_ttid (dti_req_req_ttid),  .req_tready (dti_req_req_tready),  .rsp_tvalid (dti_rsp_rsp_tvalid),  .rsp_tdata (dti_rsp_rsp_tdata),  .rsp_tkeep (dti_rsp_rsp_tkeep),  .rsp_tlast (dti_rsp_rsp_tlast),  .rsp_ttid (dti_rsp_rsp_ttid),  .rsp_tready (dti_rsp_rsp_tready),  .req_twakeup (req_twakeup_req_twakeup),  .rsp_twakeup (rsp_twakeup_rsp_twakeup),  .req_wptr_async (async_fifo_req_wptr_async),  .req_rptr_async (async_fifo_req_rptr_async),  .req_rptr_sync (async_fifo_req_rptr_sync),  .req_pld_sync (async_fifo_req_pld_sync),  .rsp_w ... "
  Only expressions of the enum type can be assigned to an enum variable. 
  The type logic [(2 - 1):0] is incompatible with the enum 
  'lwnoc_pchannel_state_t'
  Expression: pchnl_ctrl_pstate
  Use the static cast operator to convert the expression to enum type.


Warning-[ENUMASSIGN] Illegal assignment to enum variable
/home/lgzhu/dev/noc_work/lwnoc_network_demo/soc_dti_noc_demo/build_logic/soc_dti_top_wrap/vpu_ss_iniu_sys_wrap.v, 48
"vpu_ss_dti_pr_iniu_async_sys_side sys_side( .clk (clk_sys_clk),  .rst_n (rst_sys_n_rst_n),  .req_tvalid (dti_req_req_tvalid),  .req_tdata (dti_req_req_tdata),  .req_tkeep (dti_req_req_tkeep),  .req_tlast (dti_req_req_tlast),  .req_ttid (dti_req_req_ttid),  .req_tready (dti_req_req_tready),  .rsp_tvalid (dti_rsp_rsp_tvalid),  .rsp_tdata (dti_rsp_rsp_tdata),  .rsp_tkeep (dti_rsp_rsp_tkeep),  .rsp_tlast (dti_rsp_rsp_tlast),  .rsp_ttid (dti_rsp_rsp_ttid),  .rsp_tready (dti_rsp_rsp_tready),  .req_twakeup (req_twakeup_req_twakeup),  .rsp_twakeup (rsp_twakeup_rsp_twakeup),  .req_wptr_async (async_fifo_req_wptr_async),  .req_rptr_async (async_fifo_req_rptr_async),  .req_rptr_sync (async_fifo_req_rptr_sync),  .req_pld_sync (async_fifo_req_pld_sync),  .rsp_wptr_a ... "
  Only expressions of the enum type can be assigned to an enum variable. 
  The type logic [(2 - 1):0] is incompatible with the enum 
  'lwnoc_pchannel_state_t'
  Expression: pchnl_ctrl_pstate
  Use the static cast operator to convert the expression to enum type.


Warning-[ENUMASSIGN] Illegal assignment to enum variable
/home/lgzhu/dev/noc_work/lwnoc_network_demo/soc_dti_noc_demo/build_logic/soc_dti_top_wrap/dsp_ss5_iniu_sys_wrap.v, 48
"dsp_ss5_dti_pr_iniu_async_sys_side sys_side( .clk (clk_sys_clk),  .rst_n (rst_sys_n_rst_n),  .req_tvalid (dti_req_req_tvalid),  .req_tdata (dti_req_req_tdata),  .req_tkeep (dti_req_req_tkeep),  .req_tlast (dti_req_req_tlast),  .req_ttid (dti_req_req_ttid),  .req_tready (dti_req_req_tready),  .rsp_tvalid (dti_rsp_rsp_tvalid),  .rsp_tdata (dti_rsp_rsp_tdata),  .rsp_tkeep (dti_rsp_rsp_tkeep),  .rsp_tlast (dti_rsp_rsp_tlast),  .rsp_ttid (dti_rsp_rsp_ttid),  .rsp_tready (dti_rsp_rsp_tready),  .req_twakeup (req_twakeup_req_twakeup),  .rsp_twakeup (rsp_twakeup_rsp_twakeup),  .req_wptr_async (async_fifo_req_wptr_async),  .req_rptr_async (async_fifo_req_rptr_async),  .req_rptr_sync (async_fifo_req_rptr_sync),  .req_pld_sync (async_fifo_req_pld_sync),  .rsp_wptr_ ... "
  Only expressions of the enum type can be assigned to an enum variable. 
  The type logic [(2 - 1):0] is incompatible with the enum 
  'lwnoc_pchannel_state_t'
  Expression: pchnl_ctrl_pstate
  Use the static cast operator to convert the expression to enum type.


Warning-[ENUMASSIGN] Illegal assignment to enum variable
/home/lgzhu/dev/noc_work/lwnoc_network_demo/soc_dti_noc_demo/build_logic/soc_dti_top_wrap/dsp_ss4_iniu_sys_wrap.v, 48
"dsp_ss4_dti_pr_iniu_async_sys_side sys_side( .clk (clk_sys_clk),  .rst_n (rst_sys_n_rst_n),  .req_tvalid (dti_req_req_tvalid),  .req_tdata (dti_req_req_tdata),  .req_tkeep (dti_req_req_tkeep),  .req_tlast (dti_req_req_tlast),  .req_ttid (dti_req_req_ttid),  .req_tready (dti_req_req_tready),  .rsp_tvalid (dti_rsp_rsp_tvalid),  .rsp_tdata (dti_rsp_rsp_tdata),  .rsp_tkeep (dti_rsp_rsp_tkeep),  .rsp_tlast (dti_rsp_rsp_tlast),  .rsp_ttid (dti_rsp_rsp_ttid),  .rsp_tready (dti_rsp_rsp_tready),  .req_twakeup (req_twakeup_req_twakeup),  .rsp_twakeup (rsp_twakeup_rsp_twakeup),  .req_wptr_async (async_fifo_req_wptr_async),  .req_rptr_async (async_fifo_req_rptr_async),  .req_rptr_sync (async_fifo_req_rptr_sync),  .req_pld_sync (async_fifo_req_pld_sync),  .rsp_wptr_ ... "
  Only expressions of the enum type can be assigned to an enum variable. 
  The type logic [(2 - 1):0] is incompatible with the enum 
  'lwnoc_pchannel_state_t'
  Expression: pchnl_ctrl_pstate
  Use the static cast operator to convert the expression to enum type.


Warning-[ENUMASSIGN] Illegal assignment to enum variable
/home/lgzhu/dev/noc_work/lwnoc_network_demo/soc_dti_noc_demo/build_logic/soc_dti_top_wrap/dsp_ss3_iniu_sys_wrap.v, 48
"dsp_ss3_dti_pr_iniu_async_sys_side sys_side( .clk (clk_sys_clk),  .rst_n (rst_sys_n_rst_n),  .req_tvalid (dti_req_req_tvalid),  .req_tdata (dti_req_req_tdata),  .req_tkeep (dti_req_req_tkeep),  .req_tlast (dti_req_req_tlast),  .req_ttid (dti_req_req_ttid),  .req_tready (dti_req_req_tready),  .rsp_tvalid (dti_rsp_rsp_tvalid),  .rsp_tdata (dti_rsp_rsp_tdata),  .rsp_tkeep (dti_rsp_rsp_tkeep),  .rsp_tlast (dti_rsp_rsp_tlast),  .rsp_ttid (dti_rsp_rsp_ttid),  .rsp_tready (dti_rsp_rsp_tready),  .req_twakeup (req_twakeup_req_twakeup),  .rsp_twakeup (rsp_twakeup_rsp_twakeup),  .req_wptr_async (async_fifo_req_wptr_async),  .req_rptr_async (async_fifo_req_rptr_async),  .req_rptr_sync (async_fifo_req_rptr_sync),  .req_pld_sync (async_fifo_req_pld_sync),  .rsp_wptr_ ... "
  Only expressions of the enum type can be assigned to an enum variable. 
  The type logic [(2 - 1):0] is incompatible with the enum 
  'lwnoc_pchannel_state_t'
  Expression: pchnl_ctrl_pstate
  Use the static cast operator to convert the expression to enum type.


Warning-[ENUMASSIGN] Illegal assignment to enum variable
/home/lgzhu/dev/noc_work/lwnoc_network_demo/soc_dti_noc_demo/build_logic/soc_dti_top_wrap/dsp_ss2_iniu_sys_wrap.v, 48
"dsp_ss2_dti_pr_iniu_async_sys_side sys_side( .clk (clk_sys_clk),  .rst_n (rst_sys_n_rst_n),  .req_tvalid (dti_req_req_tvalid),  .req_tdata (dti_req_req_tdata),  .req_tkeep (dti_req_req_tkeep),  .req_tlast (dti_req_req_tlast),  .req_ttid (dti_req_req_ttid),  .req_tready (dti_req_req_tready),  .rsp_tvalid (dti_rsp_rsp_tvalid),  .rsp_tdata (dti_rsp_rsp_tdata),  .rsp_tkeep (dti_rsp_rsp_tkeep),  .rsp_tlast (dti_rsp_rsp_tlast),  .rsp_ttid (dti_rsp_rsp_ttid),  .rsp_tready (dti_rsp_rsp_tready),  .req_twakeup (req_twakeup_req_twakeup),  .rsp_twakeup (rsp_twakeup_rsp_twakeup),  .req_wptr_async (async_fifo_req_wptr_async),  .req_rptr_async (async_fifo_req_rptr_async),  .req_rptr_sync (async_fifo_req_rptr_sync),  .req_pld_sync (async_fifo_req_pld_sync),  .rsp_wptr_ ... "
  Only expressions of the enum type can be assigned to an enum variable. 
  The type logic [(2 - 1):0] is incompatible with the enum 
  'lwnoc_pchannel_state_t'
  Expression: pchnl_ctrl_pstate
  Use the static cast operator to convert the expression to enum type.


Warning-[ENUMASSIGN] Illegal assignment to enum variable
/home/lgzhu/dev/noc_work/lwnoc_network_demo/soc_dti_noc_demo/build_logic/soc_dti_top_wrap/dsp_ss1_iniu_sys_wrap.v, 48
"dsp_ss1_dti_pr_iniu_async_sys_side sys_side( .clk (clk_sys_clk),  .rst_n (rst_sys_n_rst_n),  .req_tvalid (dti_req_req_tvalid),  .req_tdata (dti_req_req_tdata),  .req_tkeep (dti_req_req_tkeep),  .req_tlast (dti_req_req_tlast),  .req_ttid (dti_req_req_ttid),  .req_tready (dti_req_req_tready),  .rsp_tvalid (dti_rsp_rsp_tvalid),  .rsp_tdata (dti_rsp_rsp_tdata),  .rsp_tkeep (dti_rsp_rsp_tkeep),  .rsp_tlast (dti_rsp_rsp_tlast),  .rsp_ttid (dti_rsp_rsp_ttid),  .rsp_tready (dti_rsp_rsp_tready),  .req_twakeup (req_twakeup_req_twakeup),  .rsp_twakeup (rsp_twakeup_rsp_twakeup),  .req_wptr_async (async_fifo_req_wptr_async),  .req_rptr_async (async_fifo_req_rptr_async),  .req_rptr_sync (async_fifo_req_rptr_sync),  .req_pld_sync (async_fifo_req_pld_sync),  .rsp_wptr_ ... "
  Only expressions of the enum type can be assigned to an enum variable. 
  The type logic [(2 - 1):0] is incompatible with the enum 
  'lwnoc_pchannel_state_t'
  Expression: pchnl_ctrl_pstate
  Use the static cast operator to convert the expression to enum type.


Warning-[ENUMASSIGN] Illegal assignment to enum variable
/home/lgzhu/dev/noc_work/lwnoc_network_demo/soc_dti_noc_demo/build_logic/soc_dti_top_wrap/dsp_ss0_iniu_sys_wrap.v, 48
"dsp_ss0_dti_pr_iniu_async_sys_side sys_side( .clk (clk_sys_clk),  .rst_n (rst_sys_n_rst_n),  .req_tvalid (dti_req_req_tvalid),  .req_tdata (dti_req_req_tdata),  .req_tkeep (dti_req_req_tkeep),  .req_tlast (dti_req_req_tlast),  .req_ttid (dti_req_req_ttid),  .req_tready (dti_req_req_tready),  .rsp_tvalid (dti_rsp_rsp_tvalid),  .rsp_tdata (dti_rsp_rsp_tdata),  .rsp_tkeep (dti_rsp_rsp_tkeep),  .rsp_tlast (dti_rsp_rsp_tlast),  .rsp_ttid (dti_rsp_rsp_ttid),  .rsp_tready (dti_rsp_rsp_tready),  .req_twakeup (req_twakeup_req_twakeup),  .rsp_twakeup (rsp_twakeup_rsp_twakeup),  .req_wptr_async (async_fifo_req_wptr_async),  .req_rptr_async (async_fifo_req_rptr_async),  .req_rptr_sync (async_fifo_req_rptr_sync),  .req_pld_sync (async_fifo_req_pld_sync),  .rsp_wptr_ ... "
  Only expressions of the enum type can be assigned to an enum variable. 
  The type logic [(2 - 1):0] is incompatible with the enum 
  'lwnoc_pchannel_state_t'
  Expression: pchnl_ctrl_pstate
  Use the static cast operator to convert the expression to enum type.


Warning-[ENUMASSIGN] Illegal assignment to enum variable
/home/lgzhu/dev/noc_work/lwnoc_network_demo/soc_dti_noc_demo/build_logic/soc_dti_top_wrap/sys_tcu_tniu_sys_wrap.v, 47
"sys_tcu_dti_tniu_async_sys_side sys_side( .clk (clk_sys_clk),  .rst_n (rst_sys_n_rst_n),  .req_tvalid (dti_req_req_tvalid),  .req_tdata (dti_req_req_tdata),  .req_tkeep (dti_req_req_tkeep),  .req_tlast (dti_req_req_tlast),  .req_ttid (dti_req_req_ttid),  .req_tready (dti_req_req_tready),  .req_twakeup (req_twakeup_req_twakeup),  .rsp_twakeup (rsp_twakeup_rsp_twakeup),  .rsp_tvalid (dti_rsp_rsp_tvalid),  .rsp_tdata (dti_rsp_rsp_tdata),  .rsp_tkeep (dti_rsp_rsp_tkeep),  .rsp_tlast (dti_rsp_rsp_tlast),  .rsp_ttid (dti_rsp_rsp_ttid),  .rsp_tready (dti_rsp_rsp_tready),  .req_wptr_async (async_fifo_req_wptr_async),  .req_rptr_async (async_fifo_req_rptr_async),  .req_rptr_sync (async_fifo_req_rptr_sync),  .req_pld_sync (async_fifo_req_pld_sync),  .rsp_wptr_asy ... "
  Only expressions of the enum type can be assigned to an enum variable. 
  The type logic [(2 - 1):0] is incompatible with the enum 
  'lwnoc_pchannel_state_t'
  Expression: pchnl_ctrl_pstate
  Use the static cast operator to convert the expression to enum type.

Starting vcs inline pass...

72 unique modules to generate
72 modules and 0 UDP read. 
recompiling package std
recompiling module fcip_lead_one
recompiling module fcip_afifo_mst
recompiling module fcip_afifo_slv
recompiling module fcip_marker
recompiling module fcip_sync_arst
recompiling module fcip_sync_cell
recompiling package lwnoc_lp_define_package
recompiling package lwnoc_lp_struct_package
recompiling module lwnoc_lp_nest
recompiling module lwnoc_lp_niu_fsm
recompiling module lwnoc_lp_subhub
recompiling module lwnoc_lp_hub_3terminal
recompiling module lwnoc_lp_hub_tiny_wrapper
recompiling module lwnoc_lp_hub_small_wrapper
recompiling module lwnoc_lp_hub_wrapper
recompiling module lwnoc_lp_tniu_async_bridge
recompiling module lwnoc_lp_tniu_func_iniu
recompiling module lwnoc_lp_iniu
recompiling module soc_dti_sw_gpu4_dti_switch_4i1o_wrap
recompiling module soc_dti_sw_right_dti_switch_2i1o_wrap
recompiling module soc_dti_sw_root_dti_switch_2i1o_wrap
recompiling package dti_iniu_top_dti_iniu_pack
recompiling package display_ss_dti_iniu_pack
recompiling module display_ss_dti_pr_rob_state_entry
recompiling module display_ss_iniu_node
recompiling package dp_ss_dti_iniu_pack
recompiling module dp_ss_dti_pr_rob_state_entry
recompiling module dp_ss_iniu_node
recompiling package gpu_ss1_dti_iniu_pack
recompiling module gpu_ss1_dti_pr_rob_state_entry
recompiling module gpu_ss1_iniu_node
recompiling package gpu_ss0_dti_iniu_pack
recompiling module gpu_ss0_dti_pr_rob_state_entry
recompiling module gpu_ss0_iniu_node
recompiling package mipi_ss_dti_iniu_pack
recompiling module mipi_ss_dti_pr_rob_state_entry
recompiling module mipi_ss_iniu_node
recompiling package camera_ss_dti_iniu_pack
recompiling module camera_ss_dti_pr_rob_state_entry
recompiling module camera_ss_iniu_node
recompiling package ufs_ss_dti_iniu_pack
recompiling module ufs_ss_dti_pr_rob_state_entry
recompiling module ufs_ss_iniu_node
recompiling package pcie_rtg_ss_dti_iniu_pack
recompiling module pcie_rtg_ss_dti_pr_rob_state_entry
recompiling module pcie_rtg_ss_iniu_node
recompiling package vpu_ss_dti_iniu_pack
recompiling module vpu_ss_dti_pr_rob_state_entry
recompiling module vpu_ss_iniu_node
50 of 72 modules done
recompiling package dsp_ss5_dti_iniu_pack
recompiling module dsp_ss5_dti_pr_rob_state_entry
recompiling module dsp_ss5_iniu_node
recompiling package dsp_ss4_dti_iniu_pack
recompiling module dsp_ss4_dti_pr_rob_state_entry
recompiling module dsp_ss4_iniu_node
recompiling package dsp_ss3_dti_iniu_pack
recompiling module dsp_ss3_dti_pr_rob_state_entry
recompiling module dsp_ss3_iniu_node
recompiling package dsp_ss2_dti_iniu_pack
recompiling module dsp_ss2_dti_pr_rob_state_entry
recompiling module dsp_ss2_iniu_node
recompiling package dsp_ss1_dti_iniu_pack
recompiling module dsp_ss1_dti_pr_rob_state_entry
recompiling module dsp_ss1_iniu_node
recompiling package dsp_ss0_dti_iniu_pack
recompiling module dsp_ss0_dti_pr_rob_state_entry
recompiling module dsp_ss0_iniu_node
recompiling package dti_tniu_top_dti_tniu_pack
recompiling package sys_tcu_dti_tniu_pack
recompiling module sys_tcu_tniu_node
recompiling module soc_dti_logic_topo
All of 72 modules done
rm -f _csrc*.so pre_vcsobj_*.so share_vcsobj_*.so
if [ -x /home/lgzhu/dev/noc_work/lwnoc_network_demo/soc_dti_noc_demo/sim/build_check/simv_top \
]; then chmod -x /home/lgzhu/dev/noc_work/lwnoc_network_demo/soc_dti_noc_demo/sim/build_check/simv_top; \
fi
g++  -o /home/lgzhu/dev/noc_work/lwnoc_network_demo/soc_dti_noc_demo/sim/build_check/simv_top \
-Wl,-rpath-link=./ -Wl,-rpath='$ORIGIN'/simv_top.daidir/ -Wl,-rpath=./simv_top.daidir/ \
-Wl,-rpath='$ORIGIN'/simv_top.daidir//scsim.db.dir  -L/usr/lib/x86_64-linux-gnu -L/lib/x86_64-linux-gnu \
-Wl,--no-as-needed -rdynamic   amcQwB.o objs/amcQw_d.o  _357238_archive_1.so  SIM_l.o \
rmapats_mop.o rmapats.o rmar.o  rmar_llvm_0_1.o rmar_llvm_0_0.o          /home/lgzhu/software/vcs2016/linux64/lib/libzerosoft_rt_stubs.so \
/home/lgzhu/software/vcs2016/linux64/lib/libvirsim.so /home/lgzhu/software/vcs2016/linux64/lib/liberrorinf.so \
/home/lgzhu/software/vcs2016/linux64/lib/libsnpsmalloc.so    /home/lgzhu/software/vcs2016/linux64/lib/libvcsnew.so \
/home/lgzhu/software/vcs2016/linux64/lib/libsimprofile.so /home/lgzhu/software/vcs2016/linux64/lib/libreader_common.so \
/home/lgzhu/software/vcs2016/linux64/lib/libBA.a /home/lgzhu/software/vcs2016/linux64/lib/libuclinative.so \
-Wl,-whole-archive /home/lgzhu/software/vcs2016/linux64/lib/libvcsucli.so -Wl,-no-whole-archive \
/home/lgzhu/software/vcs2016/linux64/lib/vcs_save_restore_new.o -ldl  -lc -lm -lpthread \
-ldl 
/usr/bin/ld: /home/lgzhu/software/vcs2016/linux64/lib/vcs_save_restore_new.o: relocation \
R_X86_64_32S against symbol `_sigintr' can not be used when making a PIE object; \
recompile with -fPIE
/usr/bin/ld: failed to set dynamic section sizes: bad value
collect2: error: ld returned 1 exit status
make: *** [Makefile:105: product_timestamp] Error 1
Make exited with status 2
CPU time: 6.448 seconds to compile + .429 seconds to elab + .206 seconds to link
