%Error: /home/lgzhu/dev/noc_work/lwnoc_network_demo/soc_dti_noc_demo/build_logic/dti_iniu_top_side/dti_iniu_top_dti_pr_iniu_async_top_side.sv:2:12: Package/class 'lwnoc_lp_define_package' not found, and needs to be predeclared (IEEE 1800-2017 26.3)
    2 |     import lwnoc_lp_define_package::*;
      |            ^~~~~~~~~~~~~~~~~~~~~~~
%Error: /home/lgzhu/dev/noc_work/lwnoc_network_demo/soc_dti_noc_demo/build_logic/dti_iniu_top_side/dti_iniu_top_dti_pr_iniu_async_top_side.sv:2:12: Importing from missing package 'lwnoc_lp_define_package'
    2 |     import lwnoc_lp_define_package::*;
      |            ^~~~~~~~~~~~~~~~~~~~~~~
%Error: /home/lgzhu/dev/noc_work/lwnoc_network_demo/soc_dti_noc_demo/build_logic/dti_iniu_top_side/dti_iniu_top_dti_pr_iniu_async_top_side.sv:3:12: Importing from missing package 'lwnoc_lp_struct_package'
    3 |     import lwnoc_lp_struct_package::*;
      |            ^~~~~~~~~~~~~~~~~~~~~~~
%Error: /home/lgzhu/dev/noc_work/lwnoc_network_demo/soc_dti_noc_demo/build_logic/display_ss_iniu_sys/display_ss_dti_pr_iniu_async_sys_side.sv:2:12: Importing from missing package 'lwnoc_lp_define_package'
    2 |     import lwnoc_lp_define_package::*;
      |            ^~~~~~~~~~~~~~~~~~~~~~~
%Error: /home/lgzhu/dev/noc_work/lwnoc_network_demo/soc_dti_noc_demo/build_logic/display_ss_iniu_sys/display_ss_dti_pr_iniu_async_sys_side.sv:3:12: Importing from missing package 'lwnoc_lp_struct_package'
    3 |     import lwnoc_lp_struct_package::*;
      |            ^~~~~~~~~~~~~~~~~~~~~~~
%Error: /home/lgzhu/dev/noc_work/lwnoc_network_demo/soc_dti_noc_demo/build_logic/soc_dti_top_wrap/display_ss_iniu_node.v:52:27: syntax error, unexpected IDENTIFIER, expecting TYPE-IDENTIFIER
   52 |  lwnoc_lp_struct_package::lwnoc_lp_req_signal_t         top_wrap_TO_sys_wrap_SIG_lp_top_tx_lp_hub_tx_req  ;
      |                           ^~~~~~~~~~~~~~~~~~~~~
%Error: /home/lgzhu/dev/noc_work/lwnoc_network_demo/soc_dti_noc_demo/build_logic/soc_dti_top_wrap/display_ss_iniu_node.v:57:27: syntax error, unexpected IDENTIFIER, expecting TYPE-IDENTIFIER
   57 |  lwnoc_lp_struct_package::lwnoc_lp_req_signal_t         sys_wrap_TO_top_wrap_SIG_lp_top_tx_lp_hub_tx_req  ;
      |                           ^~~~~~~~~~~~~~~~~~~~~
%Error: /home/lgzhu/dev/noc_work/lwnoc_network_demo/soc_dti_noc_demo/build_logic/dp_ss_iniu_sys/dp_ss_dti_pr_iniu_async_sys_side.sv:2:12: Importing from missing package 'lwnoc_lp_define_package'
    2 |     import lwnoc_lp_define_package::*;
      |            ^~~~~~~~~~~~~~~~~~~~~~~
%Error: /home/lgzhu/dev/noc_work/lwnoc_network_demo/soc_dti_noc_demo/build_logic/dp_ss_iniu_sys/dp_ss_dti_pr_iniu_async_sys_side.sv:3:12: Importing from missing package 'lwnoc_lp_struct_package'
    3 |     import lwnoc_lp_struct_package::*;
      |            ^~~~~~~~~~~~~~~~~~~~~~~
%Error: /home/lgzhu/dev/noc_work/lwnoc_network_demo/soc_dti_noc_demo/build_logic/soc_dti_top_wrap/dp_ss_iniu_node.v:52:27: syntax error, unexpected IDENTIFIER, expecting TYPE-IDENTIFIER
   52 |  lwnoc_lp_struct_package::lwnoc_lp_req_signal_t         top_wrap_TO_sys_wrap_SIG_lp_top_tx_lp_hub_tx_req  ;
      |                           ^~~~~~~~~~~~~~~~~~~~~
%Error: /home/lgzhu/dev/noc_work/lwnoc_network_demo/soc_dti_noc_demo/build_logic/soc_dti_top_wrap/dp_ss_iniu_node.v:57:27: syntax error, unexpected IDENTIFIER, expecting TYPE-IDENTIFIER
   57 |  lwnoc_lp_struct_package::lwnoc_lp_req_signal_t         sys_wrap_TO_top_wrap_SIG_lp_top_tx_lp_hub_tx_req  ;
      |                           ^~~~~~~~~~~~~~~~~~~~~
%Error: /home/lgzhu/dev/noc_work/lwnoc_network_demo/soc_dti_noc_demo/build_logic/gpu_ss1_iniu_sys/gpu_ss1_dti_pr_iniu_async_sys_side.sv:2:12: Importing from missing package 'lwnoc_lp_define_package'
    2 |     import lwnoc_lp_define_package::*;
      |            ^~~~~~~~~~~~~~~~~~~~~~~
%Error: /home/lgzhu/dev/noc_work/lwnoc_network_demo/soc_dti_noc_demo/build_logic/gpu_ss1_iniu_sys/gpu_ss1_dti_pr_iniu_async_sys_side.sv:3:12: Importing from missing package 'lwnoc_lp_struct_package'
    3 |     import lwnoc_lp_struct_package::*;
      |            ^~~~~~~~~~~~~~~~~~~~~~~
%Error: /home/lgzhu/dev/noc_work/lwnoc_network_demo/soc_dti_noc_demo/build_logic/soc_dti_top_wrap/gpu_ss1_iniu_node.v:52:27: syntax error, unexpected IDENTIFIER, expecting TYPE-IDENTIFIER
   52 |  lwnoc_lp_struct_package::lwnoc_lp_req_signal_t         top_wrap_TO_sys_wrap_SIG_lp_top_tx_lp_hub_tx_req  ;
      |                           ^~~~~~~~~~~~~~~~~~~~~
%Error: /home/lgzhu/dev/noc_work/lwnoc_network_demo/soc_dti_noc_demo/build_logic/soc_dti_top_wrap/gpu_ss1_iniu_node.v:57:27: syntax error, unexpected IDENTIFIER, expecting TYPE-IDENTIFIER
   57 |  lwnoc_lp_struct_package::lwnoc_lp_req_signal_t         sys_wrap_TO_top_wrap_SIG_lp_top_tx_lp_hub_tx_req  ;
      |                           ^~~~~~~~~~~~~~~~~~~~~
%Error: /home/lgzhu/dev/noc_work/lwnoc_network_demo/soc_dti_noc_demo/build_logic/gpu_ss0_iniu_sys/gpu_ss0_dti_pr_iniu_async_sys_side.sv:2:12: Importing from missing package 'lwnoc_lp_define_package'
    2 |     import lwnoc_lp_define_package::*;
      |            ^~~~~~~~~~~~~~~~~~~~~~~
%Error: /home/lgzhu/dev/noc_work/lwnoc_network_demo/soc_dti_noc_demo/build_logic/gpu_ss0_iniu_sys/gpu_ss0_dti_pr_iniu_async_sys_side.sv:3:12: Importing from missing package 'lwnoc_lp_struct_package'
    3 |     import lwnoc_lp_struct_package::*;
      |            ^~~~~~~~~~~~~~~~~~~~~~~
%Error: /home/lgzhu/dev/noc_work/lwnoc_network_demo/soc_dti_noc_demo/build_logic/soc_dti_top_wrap/gpu_ss0_iniu_node.v:52:27: syntax error, unexpected IDENTIFIER, expecting TYPE-IDENTIFIER
   52 |  lwnoc_lp_struct_package::lwnoc_lp_req_signal_t         top_wrap_TO_sys_wrap_SIG_lp_top_tx_lp_hub_tx_req  ;
      |                           ^~~~~~~~~~~~~~~~~~~~~
%Error: /home/lgzhu/dev/noc_work/lwnoc_network_demo/soc_dti_noc_demo/build_logic/soc_dti_top_wrap/gpu_ss0_iniu_node.v:57:27: syntax error, unexpected IDENTIFIER, expecting TYPE-IDENTIFIER
   57 |  lwnoc_lp_struct_package::lwnoc_lp_req_signal_t         sys_wrap_TO_top_wrap_SIG_lp_top_tx_lp_hub_tx_req  ;
      |                           ^~~~~~~~~~~~~~~~~~~~~
%Error: /home/lgzhu/dev/noc_work/lwnoc_network_demo/soc_dti_noc_demo/build_logic/mipi_ss_iniu_sys/mipi_ss_dti_pr_iniu_async_sys_side.sv:2:12: Importing from missing package 'lwnoc_lp_define_package'
    2 |     import lwnoc_lp_define_package::*;
      |            ^~~~~~~~~~~~~~~~~~~~~~~
%Error: /home/lgzhu/dev/noc_work/lwnoc_network_demo/soc_dti_noc_demo/build_logic/mipi_ss_iniu_sys/mipi_ss_dti_pr_iniu_async_sys_side.sv:3:12: Importing from missing package 'lwnoc_lp_struct_package'
    3 |     import lwnoc_lp_struct_package::*;
      |            ^~~~~~~~~~~~~~~~~~~~~~~
%Error: /home/lgzhu/dev/noc_work/lwnoc_network_demo/soc_dti_noc_demo/build_logic/soc_dti_top_wrap/mipi_ss_iniu_node.v:52:27: syntax error, unexpected IDENTIFIER, expecting TYPE-IDENTIFIER
   52 |  lwnoc_lp_struct_package::lwnoc_lp_req_signal_t         top_wrap_TO_sys_wrap_SIG_lp_top_tx_lp_hub_tx_req  ;
      |                           ^~~~~~~~~~~~~~~~~~~~~
%Error: /home/lgzhu/dev/noc_work/lwnoc_network_demo/soc_dti_noc_demo/build_logic/soc_dti_top_wrap/mipi_ss_iniu_node.v:57:27: syntax error, unexpected IDENTIFIER, expecting TYPE-IDENTIFIER
   57 |  lwnoc_lp_struct_package::lwnoc_lp_req_signal_t         sys_wrap_TO_top_wrap_SIG_lp_top_tx_lp_hub_tx_req  ;
      |                           ^~~~~~~~~~~~~~~~~~~~~
%Error: /home/lgzhu/dev/noc_work/lwnoc_network_demo/soc_dti_noc_demo/build_logic/camera_ss_iniu_sys/camera_ss_dti_pr_iniu_async_sys_side.sv:2:12: Importing from missing package 'lwnoc_lp_define_package'
    2 |     import lwnoc_lp_define_package::*;
      |            ^~~~~~~~~~~~~~~~~~~~~~~
%Error: /home/lgzhu/dev/noc_work/lwnoc_network_demo/soc_dti_noc_demo/build_logic/camera_ss_iniu_sys/camera_ss_dti_pr_iniu_async_sys_side.sv:3:12: Importing from missing package 'lwnoc_lp_struct_package'
    3 |     import lwnoc_lp_struct_package::*;
      |            ^~~~~~~~~~~~~~~~~~~~~~~
%Error: /home/lgzhu/dev/noc_work/lwnoc_network_demo/soc_dti_noc_demo/build_logic/soc_dti_top_wrap/camera_ss_iniu_node.v:52:27: syntax error, unexpected IDENTIFIER, expecting TYPE-IDENTIFIER
   52 |  lwnoc_lp_struct_package::lwnoc_lp_req_signal_t         top_wrap_TO_sys_wrap_SIG_lp_top_tx_lp_hub_tx_req  ;
      |                           ^~~~~~~~~~~~~~~~~~~~~
%Error: /home/lgzhu/dev/noc_work/lwnoc_network_demo/soc_dti_noc_demo/build_logic/soc_dti_top_wrap/camera_ss_iniu_node.v:57:27: syntax error, unexpected IDENTIFIER, expecting TYPE-IDENTIFIER
   57 |  lwnoc_lp_struct_package::lwnoc_lp_req_signal_t         sys_wrap_TO_top_wrap_SIG_lp_top_tx_lp_hub_tx_req  ;
      |                           ^~~~~~~~~~~~~~~~~~~~~
%Error: /home/lgzhu/dev/noc_work/lwnoc_network_demo/soc_dti_noc_demo/build_logic/ufs_ss_iniu_sys/ufs_ss_dti_pr_iniu_async_sys_side.sv:2:12: Importing from missing package 'lwnoc_lp_define_package'
    2 |     import lwnoc_lp_define_package::*;
      |            ^~~~~~~~~~~~~~~~~~~~~~~
%Error: /home/lgzhu/dev/noc_work/lwnoc_network_demo/soc_dti_noc_demo/build_logic/ufs_ss_iniu_sys/ufs_ss_dti_pr_iniu_async_sys_side.sv:3:12: Importing from missing package 'lwnoc_lp_struct_package'
    3 |     import lwnoc_lp_struct_package::*;
      |            ^~~~~~~~~~~~~~~~~~~~~~~
%Error: /home/lgzhu/dev/noc_work/lwnoc_network_demo/soc_dti_noc_demo/build_logic/soc_dti_top_wrap/ufs_ss_iniu_node.v:52:27: syntax error, unexpected IDENTIFIER, expecting TYPE-IDENTIFIER
   52 |  lwnoc_lp_struct_package::lwnoc_lp_req_signal_t         top_wrap_TO_sys_wrap_SIG_lp_top_tx_lp_hub_tx_req  ;
      |                           ^~~~~~~~~~~~~~~~~~~~~
%Error: /home/lgzhu/dev/noc_work/lwnoc_network_demo/soc_dti_noc_demo/build_logic/soc_dti_top_wrap/ufs_ss_iniu_node.v:57:27: syntax error, unexpected IDENTIFIER, expecting TYPE-IDENTIFIER
   57 |  lwnoc_lp_struct_package::lwnoc_lp_req_signal_t         sys_wrap_TO_top_wrap_SIG_lp_top_tx_lp_hub_tx_req  ;
      |                           ^~~~~~~~~~~~~~~~~~~~~
%Error: /home/lgzhu/dev/noc_work/lwnoc_network_demo/soc_dti_noc_demo/build_logic/pcie_rtg_ss_iniu_sys/pcie_rtg_ss_dti_pr_iniu_async_sys_side.sv:2:12: Importing from missing package 'lwnoc_lp_define_package'
    2 |     import lwnoc_lp_define_package::*;
      |            ^~~~~~~~~~~~~~~~~~~~~~~
%Error: /home/lgzhu/dev/noc_work/lwnoc_network_demo/soc_dti_noc_demo/build_logic/pcie_rtg_ss_iniu_sys/pcie_rtg_ss_dti_pr_iniu_async_sys_side.sv:3:12: Importing from missing package 'lwnoc_lp_struct_package'
    3 |     import lwnoc_lp_struct_package::*;
      |            ^~~~~~~~~~~~~~~~~~~~~~~
%Error: /home/lgzhu/dev/noc_work/lwnoc_network_demo/soc_dti_noc_demo/build_logic/soc_dti_top_wrap/pcie_rtg_ss_iniu_node.v:52:27: syntax error, unexpected IDENTIFIER, expecting TYPE-IDENTIFIER
   52 |  lwnoc_lp_struct_package::lwnoc_lp_req_signal_t         top_wrap_TO_sys_wrap_SIG_lp_top_tx_lp_hub_tx_req  ;
      |                           ^~~~~~~~~~~~~~~~~~~~~
%Error: /home/lgzhu/dev/noc_work/lwnoc_network_demo/soc_dti_noc_demo/build_logic/soc_dti_top_wrap/pcie_rtg_ss_iniu_node.v:57:27: syntax error, unexpected IDENTIFIER, expecting TYPE-IDENTIFIER
   57 |  lwnoc_lp_struct_package::lwnoc_lp_req_signal_t         sys_wrap_TO_top_wrap_SIG_lp_top_tx_lp_hub_tx_req  ;
      |                           ^~~~~~~~~~~~~~~~~~~~~
%Error: /home/lgzhu/dev/noc_work/lwnoc_network_demo/soc_dti_noc_demo/build_logic/vpu_ss_iniu_sys/vpu_ss_dti_pr_iniu_async_sys_side.sv:2:12: Importing from missing package 'lwnoc_lp_define_package'
    2 |     import lwnoc_lp_define_package::*;
      |            ^~~~~~~~~~~~~~~~~~~~~~~
%Error: /home/lgzhu/dev/noc_work/lwnoc_network_demo/soc_dti_noc_demo/build_logic/vpu_ss_iniu_sys/vpu_ss_dti_pr_iniu_async_sys_side.sv:3:12: Importing from missing package 'lwnoc_lp_struct_package'
    3 |     import lwnoc_lp_struct_package::*;
      |            ^~~~~~~~~~~~~~~~~~~~~~~
%Error: /home/lgzhu/dev/noc_work/lwnoc_network_demo/soc_dti_noc_demo/build_logic/soc_dti_top_wrap/vpu_ss_iniu_node.v:52:27: syntax error, unexpected IDENTIFIER, expecting TYPE-IDENTIFIER
   52 |  lwnoc_lp_struct_package::lwnoc_lp_req_signal_t         top_wrap_TO_sys_wrap_SIG_lp_top_tx_lp_hub_tx_req  ;
      |                           ^~~~~~~~~~~~~~~~~~~~~
%Error: /home/lgzhu/dev/noc_work/lwnoc_network_demo/soc_dti_noc_demo/build_logic/soc_dti_top_wrap/vpu_ss_iniu_node.v:57:27: syntax error, unexpected IDENTIFIER, expecting TYPE-IDENTIFIER
   57 |  lwnoc_lp_struct_package::lwnoc_lp_req_signal_t         sys_wrap_TO_top_wrap_SIG_lp_top_tx_lp_hub_tx_req  ;
      |                           ^~~~~~~~~~~~~~~~~~~~~
%Error: /home/lgzhu/dev/noc_work/lwnoc_network_demo/soc_dti_noc_demo/build_logic/dsp_ss5_iniu_sys/dsp_ss5_dti_pr_iniu_async_sys_side.sv:2:12: Importing from missing package 'lwnoc_lp_define_package'
    2 |     import lwnoc_lp_define_package::*;
      |            ^~~~~~~~~~~~~~~~~~~~~~~
%Error: /home/lgzhu/dev/noc_work/lwnoc_network_demo/soc_dti_noc_demo/build_logic/dsp_ss5_iniu_sys/dsp_ss5_dti_pr_iniu_async_sys_side.sv:3:12: Importing from missing package 'lwnoc_lp_struct_package'
    3 |     import lwnoc_lp_struct_package::*;
      |            ^~~~~~~~~~~~~~~~~~~~~~~
%Error: /home/lgzhu/dev/noc_work/lwnoc_network_demo/soc_dti_noc_demo/build_logic/soc_dti_top_wrap/dsp_ss5_iniu_node.v:52:27: syntax error, unexpected IDENTIFIER, expecting TYPE-IDENTIFIER
   52 |  lwnoc_lp_struct_package::lwnoc_lp_req_signal_t         top_wrap_TO_sys_wrap_SIG_lp_top_tx_lp_hub_tx_req  ;
      |                           ^~~~~~~~~~~~~~~~~~~~~
%Error: /home/lgzhu/dev/noc_work/lwnoc_network_demo/soc_dti_noc_demo/build_logic/soc_dti_top_wrap/dsp_ss5_iniu_node.v:57:27: syntax error, unexpected IDENTIFIER, expecting TYPE-IDENTIFIER
   57 |  lwnoc_lp_struct_package::lwnoc_lp_req_signal_t         sys_wrap_TO_top_wrap_SIG_lp_top_tx_lp_hub_tx_req  ;
      |                           ^~~~~~~~~~~~~~~~~~~~~
%Error: /home/lgzhu/dev/noc_work/lwnoc_network_demo/soc_dti_noc_demo/build_logic/dsp_ss4_iniu_sys/dsp_ss4_dti_pr_iniu_async_sys_side.sv:2:12: Importing from missing package 'lwnoc_lp_define_package'
    2 |     import lwnoc_lp_define_package::*;
      |            ^~~~~~~~~~~~~~~~~~~~~~~
%Error: /home/lgzhu/dev/noc_work/lwnoc_network_demo/soc_dti_noc_demo/build_logic/dsp_ss4_iniu_sys/dsp_ss4_dti_pr_iniu_async_sys_side.sv:3:12: Importing from missing package 'lwnoc_lp_struct_package'
    3 |     import lwnoc_lp_struct_package::*;
      |            ^~~~~~~~~~~~~~~~~~~~~~~
%Error: /home/lgzhu/dev/noc_work/lwnoc_network_demo/soc_dti_noc_demo/build_logic/soc_dti_top_wrap/dsp_ss4_iniu_node.v:52:27: syntax error, unexpected IDENTIFIER, expecting TYPE-IDENTIFIER
   52 |  lwnoc_lp_struct_package::lwnoc_lp_req_signal_t         top_wrap_TO_sys_wrap_SIG_lp_top_tx_lp_hub_tx_req  ;
      |                           ^~~~~~~~~~~~~~~~~~~~~
%Error: /home/lgzhu/dev/noc_work/lwnoc_network_demo/soc_dti_noc_demo/build_logic/soc_dti_top_wrap/dsp_ss4_iniu_node.v:57:27: syntax error, unexpected IDENTIFIER, expecting TYPE-IDENTIFIER
   57 |  lwnoc_lp_struct_package::lwnoc_lp_req_signal_t         sys_wrap_TO_top_wrap_SIG_lp_top_tx_lp_hub_tx_req  ;
      |                           ^~~~~~~~~~~~~~~~~~~~~
%Error: /home/lgzhu/dev/noc_work/lwnoc_network_demo/soc_dti_noc_demo/build_logic/dsp_ss3_iniu_sys/dsp_ss3_dti_pr_iniu_async_sys_side.sv:2:12: Importing from missing package 'lwnoc_lp_define_package'
    2 |     import lwnoc_lp_define_package::*;
      |            ^~~~~~~~~~~~~~~~~~~~~~~
%Error: /home/lgzhu/dev/noc_work/lwnoc_network_demo/soc_dti_noc_demo/build_logic/dsp_ss3_iniu_sys/dsp_ss3_dti_pr_iniu_async_sys_side.sv:3:12: Importing from missing package 'lwnoc_lp_struct_package'
    3 |     import lwnoc_lp_struct_package::*;
      |            ^~~~~~~~~~~~~~~~~~~~~~~
%Error: /home/lgzhu/dev/noc_work/lwnoc_network_demo/soc_dti_noc_demo/build_logic/soc_dti_top_wrap/dsp_ss3_iniu_node.v:52:27: syntax error, unexpected IDENTIFIER, expecting TYPE-IDENTIFIER
   52 |  lwnoc_lp_struct_package::lwnoc_lp_req_signal_t         top_wrap_TO_sys_wrap_SIG_lp_top_tx_lp_hub_tx_req  ;
      |                           ^~~~~~~~~~~~~~~~~~~~~
%Error: Exiting due to too many errors encountered; --error-limit=50
