%Error-UNSUPPORTED: tb_soc_dti_logic_topo_tree.sv:146:25: Unsupported: timing control statement in this location
                                                        : ... Suggest have one timing control statement per procedure, at the top of the procedure
  146 |             repeat (10) @(posedge clk_noc);
      |                         ^
%Error-UNSUPPORTED: tb_soc_dti_logic_topo_tree.sv:150:26: Unsupported: timing control statement in this location
                                                        : ... Suggest have one timing control statement per procedure, at the top of the procedure
  150 |             repeat (120) @(posedge clk_noc);
      |                          ^
%Error-UNSUPPORTED: tb_soc_dti_logic_topo_tree.sv:158:17: Unsupported: timing control statement in this location
                                                        : ... Suggest have one timing control statement per procedure, at the top of the procedure
  158 |                 @(posedge clk_noc);
      |                 ^
%Error-UNSUPPORTED: tb_soc_dti_logic_topo_tree.sv:175:13: Unsupported: timing control statement in this location
                                                        : ... Suggest have one timing control statement per procedure, at the top of the procedure
  175 |             @(posedge clk_sys[leaf_idx]);
      |             ^
%Error-UNSUPPORTED: tb_soc_dti_logic_topo_tree.sv:182:17: Unsupported: timing control statement in this location
                                                        : ... Suggest have one timing control statement per procedure, at the top of the procedure
  182 |                 @(posedge clk_sys[leaf_idx]);
      |                 ^
%Error-UNSUPPORTED: tb_soc_dti_logic_topo_tree.sv:202:17: Unsupported: timing control statement in this location
                                                        : ... Suggest have one timing control statement per procedure, at the top of the procedure
  202 |                 @(posedge clk_sys_tcu);
      |                 ^
%Error-UNSUPPORTED: tb_soc_dti_logic_topo_tree.sv:217:13: Unsupported: timing control statement in this location
                                                        : ... Suggest have one timing control statement per procedure, at the top of the procedure
  217 |             @(posedge clk_sys_tcu);
      |             ^
%Error-UNSUPPORTED: tb_soc_dti_logic_topo_tree.sv:224:17: Unsupported: timing control statement in this location
                                                        : ... Suggest have one timing control statement per procedure, at the top of the procedure
  224 |                 @(posedge clk_sys_tcu);
      |                 ^
%Error-UNSUPPORTED: tb_soc_dti_logic_topo_tree.sv:241:17: Unsupported: timing control statement in this location
                                                        : ... Suggest have one timing control statement per procedure, at the top of the procedure
  241 |                 @(posedge clk_sys[leaf_idx]);
      |                 ^
%Error: /home/lgzhu/dev/noc_work/lwnoc_network_demo/soc_dti_noc_demo/build_logic/sys_tcu_tniu_sys/sys_tcu_dti_tniu_async_sys_side.sv:254:24: Unsupported or unknown PLI call: '$rose'
  254 |         @(posedge clk) $rose(req_twakeup)
      |                        ^~~~~
%Error: /home/lgzhu/dev/noc_work/lwnoc_network_demo/soc_dti_noc_demo/build_logic/dsp_ss0_iniu_sys/dsp_ss0_dti_pr_iniu_async_sys_side.sv:371:24: Unsupported or unknown PLI call: '$rose'
  371 |         @(posedge clk) $rose(rsp_twakeup)
      |                        ^~~~~
%Error: /home/lgzhu/dev/noc_work/lwnoc_network_demo/soc_dti_noc_demo/build_logic/dsp_ss1_iniu_sys/dsp_ss1_dti_pr_iniu_async_sys_side.sv:371:24: Unsupported or unknown PLI call: '$rose'
  371 |         @(posedge clk) $rose(rsp_twakeup)
      |                        ^~~~~
%Error: /home/lgzhu/dev/noc_work/lwnoc_network_demo/soc_dti_noc_demo/build_logic/dsp_ss2_iniu_sys/dsp_ss2_dti_pr_iniu_async_sys_side.sv:371:24: Unsupported or unknown PLI call: '$rose'
  371 |         @(posedge clk) $rose(rsp_twakeup)
      |                        ^~~~~
%Error: /home/lgzhu/dev/noc_work/lwnoc_network_demo/soc_dti_noc_demo/build_logic/dsp_ss3_iniu_sys/dsp_ss3_dti_pr_iniu_async_sys_side.sv:371:24: Unsupported or unknown PLI call: '$rose'
  371 |         @(posedge clk) $rose(rsp_twakeup)
      |                        ^~~~~
%Error: /home/lgzhu/dev/noc_work/lwnoc_network_demo/soc_dti_noc_demo/build_logic/dsp_ss4_iniu_sys/dsp_ss4_dti_pr_iniu_async_sys_side.sv:371:24: Unsupported or unknown PLI call: '$rose'
  371 |         @(posedge clk) $rose(rsp_twakeup)
      |                        ^~~~~
%Error: /home/lgzhu/dev/noc_work/lwnoc_network_demo/soc_dti_noc_demo/build_logic/dsp_ss5_iniu_sys/dsp_ss5_dti_pr_iniu_async_sys_side.sv:371:24: Unsupported or unknown PLI call: '$rose'
  371 |         @(posedge clk) $rose(rsp_twakeup)
      |                        ^~~~~
%Error: /home/lgzhu/dev/noc_work/lwnoc_network_demo/soc_dti_noc_demo/build_logic/vpu_ss_iniu_sys/vpu_ss_dti_pr_iniu_async_sys_side.sv:371:24: Unsupported or unknown PLI call: '$rose'
  371 |         @(posedge clk) $rose(rsp_twakeup)
      |                        ^~~~~
%Error: /home/lgzhu/dev/noc_work/lwnoc_network_demo/soc_dti_noc_demo/build_logic/pcie_eth_ss_iniu_sys/pcie_eth_ss_dti_pr_iniu_async_sys_side.sv:371:24: Unsupported or unknown PLI call: '$rose'
  371 |         @(posedge clk) $rose(rsp_twakeup)
      |                        ^~~~~
%Error: /home/lgzhu/dev/noc_work/lwnoc_network_demo/soc_dti_noc_demo/build_logic/ufs_ss_iniu_sys/ufs_ss_dti_pr_iniu_async_sys_side.sv:371:24: Unsupported or unknown PLI call: '$rose'
  371 |         @(posedge clk) $rose(rsp_twakeup)
      |                        ^~~~~
%Error: /home/lgzhu/dev/noc_work/lwnoc_network_demo/soc_dti_noc_demo/build_logic/camera_ss_iniu_sys/camera_ss_dti_pr_iniu_async_sys_side.sv:371:24: Unsupported or unknown PLI call: '$rose'
  371 |         @(posedge clk) $rose(rsp_twakeup)
      |                        ^~~~~
%Error: /home/lgzhu/dev/noc_work/lwnoc_network_demo/soc_dti_noc_demo/build_logic/mipi_ss_iniu_sys/mipi_ss_dti_pr_iniu_async_sys_side.sv:371:24: Unsupported or unknown PLI call: '$rose'
  371 |         @(posedge clk) $rose(rsp_twakeup)
      |                        ^~~~~
%Error: /home/lgzhu/dev/noc_work/lwnoc_network_demo/soc_dti_noc_demo/build_logic/gpu_ss0_iniu_sys/gpu_ss0_dti_pr_iniu_async_sys_side.sv:371:24: Unsupported or unknown PLI call: '$rose'
  371 |         @(posedge clk) $rose(rsp_twakeup)
      |                        ^~~~~
%Error: /home/lgzhu/dev/noc_work/lwnoc_network_demo/soc_dti_noc_demo/build_logic/gpu_ss1_iniu_sys/gpu_ss1_dti_pr_iniu_async_sys_side.sv:371:24: Unsupported or unknown PLI call: '$rose'
  371 |         @(posedge clk) $rose(rsp_twakeup)
      |                        ^~~~~
%Error: /home/lgzhu/dev/noc_work/lwnoc_network_demo/soc_dti_noc_demo/build_logic/dp_ss_iniu_sys/dp_ss_dti_pr_iniu_async_sys_side.sv:371:24: Unsupported or unknown PLI call: '$rose'
  371 |         @(posedge clk) $rose(rsp_twakeup)
      |                        ^~~~~
%Error: /home/lgzhu/dev/noc_work/lwnoc_network_demo/soc_dti_noc_demo/build_logic/display_ss_iniu_sys/display_ss_dti_pr_iniu_async_sys_side.sv:371:24: Unsupported or unknown PLI call: '$rose'
  371 |         @(posedge clk) $rose(rsp_twakeup)
      |                        ^~~~~
%Warning-IMPLICIT: /home/lgzhu/dev/noc_work/lwnoc_network_demo/subs/lwnoc_dti_noc/fcip/ip/async_fifo/fcip_afifo_slv_doub.sv:322:12: Signal definition not found, creating implicitly: 'pld_sync_marker_0'
                                                                                                                                  : ... Suggested alternative: 'pld_sync_marker'
  322 |     assign pld_sync_marker_0 = pld_mux_select_0;
      |            ^~~~~~~~~~~~~~~~~
                   ... Use "/* verilator lint_off IMPLICIT */" and lint_on around source to disable this message.
%Warning-IMPLICIT: /home/lgzhu/dev/noc_work/lwnoc_network_demo/subs/lwnoc_dti_noc/fcip/ip/async_fifo/fcip_afifo_slv_doub.sv:333:12: Signal definition not found, creating implicitly: 'rptr_sync_marker_shift'
                                                                                                                                  : ... Suggested alternative: 'rptr_sync_marker'
  333 |     assign rptr_sync_marker_shift = {rptr_sync_marker[FIFO_DEPTH-2:0],rptr_sync_marker[FIFO_DEPTH-1]};
      |            ^~~~~~~~~~~~~~~~~~~~~~
%Warning-IMPLICIT: /home/lgzhu/dev/noc_work/lwnoc_network_demo/subs/lwnoc_dti_noc/fcip/ip/async_fifo/fcip_afifo_slv_doub.sv:356:12: Signal definition not found, creating implicitly: 'pld_sync_marker_1'
                                                                                                                                  : ... Suggested alternative: 'pld_sync_marker_0'
  356 |     assign pld_sync_marker_1 = pld_mux_select_1;
      |            ^~~~~~~~~~~~~~~~~
%Error: tb_soc_dti_logic_topo_tree.sv:296:13: Unsupported or unknown PLI call: '$fsdbDumpfile'
  296 |             $fsdbDumpfile("soc_dti_logic_topo_tree.fsdb");
      |             ^~~~~~~~~~~~~
%Error: tb_soc_dti_logic_topo_tree.sv:297:13: Unsupported or unknown PLI call: '$fsdbDumpvars'
  297 |             $fsdbDumpvars(0, tb_soc_dti_logic_topo_tree, "+all");
      |             ^~~~~~~~~~~~~
%Error: tb_soc_dti_logic_topo_tree.sv:297:30: Can't find definition of variable: 'tb_soc_dti_logic_topo_tree'
  297 |             $fsdbDumpvars(0, tb_soc_dti_logic_topo_tree, "+all");
      |                              ^~~~~~~~~~~~~~~~~~~~~~~~~~
%Error: Exiting due to 28 error(s)
        ... See the manual and https://verilator.org for more assistance.
